---------------------------------------------------------------
[ 2020-01-06T10:56:47+08:00 ] 106.122.58.111 GET hx.le-cx.com/api/Getwxuser/get_user_all?code=0818udne1Qajjx0w3Ine1Wkmne18udnv
[运行时间：0.612472s] [吞吐率：1.63req/s] [内存消耗：5,512.86kb] [文件加载：128]
[ info ] [ BEHAVIOR ] Run Closure @app_init [ RunTime:0.000105s ]
[ info ] [ CACHE ] INIT File
[ info ] [ BEHAVIOR ] Run \addons\cms\Cms @app_init [ RunTime:0.004747s ]
[ info ] [ BEHAVIOR ] Run \addons\epay\Epay @app_init [ RunTime:0.000093s ]
[ info ] [ BEHAVIOR ] Run Closure @app_init [ RunTime:0.000137s ]
[ info ] [ LANG ] /www/hexiao/thinkphp/lang/zh-cn.php
[ info ] [ ROUTE ] array (
  'type' => 'module',
  'module' => 
  array (
    0 => 'api',
    1 => 'Getwxuser',
    2 => 'get_user_all',
  ),
)
[ info ] [ HEADER ] array (
  'accept' => 'application/json, text/plain, */*',
  'accept-encoding' => 'gzip',
  'accept-language' => 'zh-CN,en-US;q=0.9',
  'connection' => 'close',
  'host' => 'hx.le-cx.com',
  'referer' => 'http://hx.le-cx.com/vote/?activity_id=51&code=0818udne1Qajjx0w3Ine1Wkmne18udnv&state=STATE',
  'user-agent' => 'Mozilla/5.0 (Linux; Android 8.1.0; vivo Y71A Build/OPM1.171019.011; wv) AppleWebKit/537.36 (KHTML, like Gecko) Version/4.0 Chrome/66.0.3359.126 MQQBrowser/6.2 TBS/045008 Mobile Safari/537.36 MMWEBID/7896 MicroMessenger/7.0.9.1560(0x27000935) Process/tools NetType/4G Language/zh_CN ABI/arm64',
  'x-forwarded-for' => '106.122.58.111',
  'x-forwarded-for-pound' => '106.122.58.111',
  'x-requested-with' => 'com.tencent.mm',
  'content-type' => '',
  'content-length' => '',
)
[ info ] [ PARAM ] array (
  'code' => '0818udne1Qajjx0w3Ine1Wkmne18udnv',
)
[ info ] [ LANG ] /www/hexiao/public/../application/api/lang/zh-cn.php
[ info ] [ BEHAVIOR ] Run app\common\behavior\Common @module_init [ RunTime:0.003930s ]
[ info ] [ RUN ] app\api\controller\Getwxuser->get_user_all[ /www/hexiao/application/api/controller/Getwxuser.php ]
[ info ] [ DB ] INIT mysql
[ info ] [ BEHAVIOR ] Run \addons\cms\Cms @response_send [ RunTime:0.000145s ]
[ info ] [ LOG ] INIT File
[ sql ] [ DB ] CONNECT:[ UseTime:0.004576s ] mysql:host=127.0.0.1;port=3306;dbname=cancel;charset=utf8
[ sql ] [ SQL ] SHOW COLUMNS FROM `hx_vip` [ RunTime:0.013639s ]
[ sql ] [ SQL ] SELECT * FROM `hx_vip` WHERE  `openid` = 'ovvUKwtgdbKtSu7xZBP3MpAEHUpg'  AND `deletetime` IS NULL LIMIT 1 [ RunTime:0.000629s ]
---------------------------------------------------------------
[ 2020-01-06T10:56:48+08:00 ] 106.122.58.111 GET hx.le-cx.com/api/sign/getsigninfo?activity_id=51&user_id=16
[运行时间：0.094905s] [吞吐率：10.54req/s] [内存消耗：5,621.32kb] [文件加载：128]
[ info ] [ BEHAVIOR ] Run Closure @app_init [ RunTime:0.000050s ]
[ info ] [ CACHE ] INIT File
[ info ] [ BEHAVIOR ] Run \addons\cms\Cms @app_init [ RunTime:0.002739s ]
[ info ] [ BEHAVIOR ] Run \addons\epay\Epay @app_init [ RunTime:0.000094s ]
[ info ] [ BEHAVIOR ] Run Closure @app_init [ RunTime:0.000136s ]
[ info ] [ LANG ] /www/hexiao/thinkphp/lang/zh-cn.php
[ info ] [ ROUTE ] array (
  'type' => 'module',
  'module' => 
  array (
    0 => 'api',
    1 => 'sign',
    2 => 'getsigninfo',
  ),
)
[ info ] [ HEADER ] array (
  'accept' => 'application/json, text/plain, */*',
  'accept-encoding' => 'gzip',
  'accept-language' => 'zh-CN,en-US;q=0.9',
  'connection' => 'close',
  'host' => 'hx.le-cx.com',
  'referer' => 'http://hx.le-cx.com/vote/?activity_id=51&code=0818udne1Qajjx0w3Ine1Wkmne18udnv&state=STATE',
  'user-agent' => 'Mozilla/5.0 (Linux; Android 8.1.0; vivo Y71A Build/OPM1.171019.011; wv) AppleWebKit/537.36 (KHTML, like Gecko) Version/4.0 Chrome/66.0.3359.126 MQQBrowser/6.2 TBS/045008 Mobile Safari/537.36 MMWEBID/7896 MicroMessenger/7.0.9.1560(0x27000935) Process/tools NetType/4G Language/zh_CN ABI/arm64',
  'x-forwarded-for' => '106.122.58.111',
  'x-forwarded-for-pound' => '106.122.58.111',
  'x-requested-with' => 'com.tencent.mm',
  'content-type' => '',
  'content-length' => '',
)
[ info ] [ PARAM ] array (
  'activity_id' => '51',
  'user_id' => '16',
)
[ info ] [ LANG ] /www/hexiao/public/../application/api/lang/zh-cn.php
[ info ] [ BEHAVIOR ] Run app\common\behavior\Common @module_init [ RunTime:0.001956s ]
[ info ] [ RUN ] app\api\controller\Sign->getsigninfo[ /www/hexiao/application/api/controller/Sign.php ]
[ info ] [ DB ] INIT mysql
[ info ] [ BEHAVIOR ] Run \addons\cms\Cms @response_send [ RunTime:0.000131s ]
[ info ] [ LOG ] INIT File
[ sql ] [ DB ] CONNECT:[ UseTime:0.000686s ] mysql:host=127.0.0.1;port=3306;dbname=cancel;charset=utf8
[ sql ] [ SQL ] SHOW COLUMNS FROM `hx_activity` [ RunTime:0.004164s ]
[ sql ] [ SQL ] SELECT * FROM `hx_activity` WHERE  `id` = 51  AND `deletetime` IS NULL LIMIT 1 [ RunTime:0.000826s ]
[ sql ] [ SQL ] SHOW COLUMNS FROM `hx_signlist` [ RunTime:0.002451s ]
[ sql ] [ SQL ] SELECT * FROM `hx_signlist` WHERE  `activity_id` = 51  AND `vip_id` = 16  AND `deletetime` IS NULL LIMIT 1 [ RunTime:0.000654s ]
[ sql ] [ SQL ] SHOW COLUMNS FROM `hx_paper` [ RunTime:0.002208s ]
[ sql ] [ SQL ] SELECT * FROM `hx_paper` WHERE  `id` = 49  AND `deletetime` IS NULL LIMIT 1 [ RunTime:0.000392s ]
---------------------------------------------------------------
[ 2020-01-06T10:56:48+08:00 ] 106.122.58.111 GET hx.le-cx.com/api/Getwxuser/get_user_all?code=081SIblp1BV5zl0ADwkp1nY7lp1SIblV
[运行时间：0.490813s] [吞吐率：2.04req/s] [内存消耗：5,512.87kb] [文件加载：128]
[ info ] [ BEHAVIOR ] Run Closure @app_init [ RunTime:0.000102s ]
[ info ] [ CACHE ] INIT File
[ info ] [ BEHAVIOR ] Run \addons\cms\Cms @app_init [ RunTime:0.002602s ]
[ info ] [ BEHAVIOR ] Run \addons\epay\Epay @app_init [ RunTime:0.000079s ]
[ info ] [ BEHAVIOR ] Run Closure @app_init [ RunTime:0.000116s ]
[ info ] [ LANG ] /www/hexiao/thinkphp/lang/zh-cn.php
[ info ] [ ROUTE ] array (
  'type' => 'module',
  'module' => 
  array (
    0 => 'api',
    1 => 'Getwxuser',
    2 => 'get_user_all',
  ),
)
[ info ] [ HEADER ] array (
  'accept' => 'application/json, text/plain, */*',
  'accept-encoding' => 'gzip',
  'accept-language' => 'zh-CN,en-US;q=0.9',
  'connection' => 'close',
  'host' => 'hx.le-cx.com',
  'referer' => 'http://hx.le-cx.com/vote/?activity_id=51&code=081SIblp1BV5zl0ADwkp1nY7lp1SIblV&state=STATE',
  'user-agent' => 'Mozilla/5.0 (Linux; Android 8.1.0; vivo Y71A Build/OPM1.171019.011; wv) AppleWebKit/537.36 (KHTML, like Gecko) Version/4.0 Chrome/66.0.3359.126 MQQBrowser/6.2 TBS/045008 Mobile Safari/537.36 MMWEBID/7896 MicroMessenger/7.0.9.1560(0x27000935) Process/tools NetType/4G Language/zh_CN ABI/arm64',
  'x-forwarded-for' => '106.122.58.111',
  'x-forwarded-for-pound' => '106.122.58.111',
  'x-requested-with' => 'com.tencent.mm',
  'content-type' => '',
  'content-length' => '',
)
[ info ] [ PARAM ] array (
  'code' => '081SIblp1BV5zl0ADwkp1nY7lp1SIblV',
)
[ info ] [ LANG ] /www/hexiao/public/../application/api/lang/zh-cn.php
[ info ] [ BEHAVIOR ] Run app\common\behavior\Common @module_init [ RunTime:0.001821s ]
[ info ] [ RUN ] app\api\controller\Getwxuser->get_user_all[ /www/hexiao/application/api/controller/Getwxuser.php ]
[ info ] [ DB ] INIT mysql
[ info ] [ BEHAVIOR ] Run \addons\cms\Cms @response_send [ RunTime:0.000159s ]
[ info ] [ LOG ] INIT File
[ sql ] [ DB ] CONNECT:[ UseTime:0.000585s ] mysql:host=127.0.0.1;port=3306;dbname=cancel;charset=utf8
[ sql ] [ SQL ] SHOW COLUMNS FROM `hx_vip` [ RunTime:0.001819s ]
[ sql ] [ SQL ] SELECT * FROM `hx_vip` WHERE  `openid` = 'ovvUKwtgdbKtSu7xZBP3MpAEHUpg'  AND `deletetime` IS NULL LIMIT 1 [ RunTime:0.000533s ]
---------------------------------------------------------------
[ 2020-01-06T10:56:48+08:00 ] 106.122.58.111 GET hx.le-cx.com/api/activity/getactivityinfo?activity_id=51&openid=ovvUKwtgdbKtSu7xZBP3MpAEHUpg
[运行时间：0.115764s] [吞吐率：8.64req/s] [内存消耗：5,568.98kb] [文件加载：128]
[ info ] [ BEHAVIOR ] Run Closure @app_init [ RunTime:0.000048s ]
[ info ] [ CACHE ] INIT File
[ info ] [ BEHAVIOR ] Run \addons\cms\Cms @app_init [ RunTime:0.009326s ]
[ info ] [ BEHAVIOR ] Run \addons\epay\Epay @app_init [ RunTime:0.000107s ]
[ info ] [ BEHAVIOR ] Run Closure @app_init [ RunTime:0.000160s ]
[ info ] [ LANG ] /www/hexiao/thinkphp/lang/zh-cn.php
[ info ] [ ROUTE ] array (
  'type' => 'module',
  'module' => 
  array (
    0 => 'api',
    1 => 'activity',
    2 => 'getactivityinfo',
  ),
)
[ info ] [ HEADER ] array (
  'accept' => 'application/json, text/plain, */*',
  'accept-encoding' => 'gzip',
  'accept-language' => 'zh-CN,en-US;q=0.9',
  'connection' => 'close',
  'host' => 'hx.le-cx.com',
  'referer' => 'http://hx.le-cx.com/vote/?activity_id=51&code=0818udne1Qajjx0w3Ine1Wkmne18udnv&state=STATE',
  'user-agent' => 'Mozilla/5.0 (Linux; Android 8.1.0; vivo Y71A Build/OPM1.171019.011; wv) AppleWebKit/537.36 (KHTML, like Gecko) Version/4.0 Chrome/66.0.3359.126 MQQBrowser/6.2 TBS/045008 Mobile Safari/537.36 MMWEBID/7896 MicroMessenger/7.0.9.1560(0x27000935) Process/tools NetType/4G Language/zh_CN ABI/arm64',
  'x-forwarded-for' => '106.122.58.111',
  'x-forwarded-for-pound' => '106.122.58.111',
  'x-requested-with' => 'com.tencent.mm',
  'content-type' => '',
  'content-length' => '',
)
[ info ] [ PARAM ] array (
  'activity_id' => '51',
  'openid' => 'ovvUKwtgdbKtSu7xZBP3MpAEHUpg',
)
[ info ] [ LANG ] /www/hexiao/public/../application/api/lang/zh-cn.php
[ info ] [ BEHAVIOR ] Run app\common\behavior\Common @module_init [ RunTime:0.003529s ]
[ info ] [ RUN ] app\api\controller\Activity->getactivityinfo[ /www/hexiao/application/api/controller/Activity.php ]
[ info ] [ DB ] INIT mysql
[ info ] [ BEHAVIOR ] Run \addons\cms\Cms @response_send [ RunTime:0.000177s ]
[ info ] [ LOG ] INIT File
[ sql ] [ DB ] CONNECT:[ UseTime:0.002898s ] mysql:host=127.0.0.1;port=3306;dbname=cancel;charset=utf8
[ sql ] [ SQL ] SHOW COLUMNS FROM `hx_activity` [ RunTime:0.001969s ]
[ sql ] [ SQL ] SELECT * FROM `hx_activity` WHERE  `id` = 51  AND `deletetime` IS NULL LIMIT 1 [ RunTime:0.000884s ]
[ sql ] [ SQL ] SHOW COLUMNS FROM `hx_paper` [ RunTime:0.004171s ]
[ sql ] [ SQL ] SELECT `id`,`papername`,`charge`,`chargenum`,`note` FROM `hx_paper` WHERE  `activity_id` = 51  AND `deletetime` IS NULL [ RunTime:0.000449s ]
[ sql ] [ SQL ] SHOW COLUMNS FROM `hx_vip` [ RunTime:0.001426s ]
[ sql ] [ SQL ] SELECT * FROM `hx_vip` WHERE  `openid` = 'ovvUKwtgdbKtSu7xZBP3MpAEHUpg'  AND `deletetime` IS NULL LIMIT 1 [ RunTime:0.000862s ]
[ sql ] [ SQL ] SHOW COLUMNS FROM `hx_signlist` [ RunTime:0.005150s ]
[ sql ] [ SQL ] SELECT * FROM `hx_signlist` WHERE  `activity_id` = 51  AND `vip_id` = 16  AND `deletetime` IS NULL ORDER BY `id` DESC LIMIT 1 [ RunTime:0.001599s ]
---------------------------------------------------------------
[ 2020-01-06T10:56:48+08:00 ] 106.122.58.111 GET hx.le-cx.com/api/sign/getsigninfo?activity_id=51&user_id=16
[运行时间：0.111646s] [吞吐率：8.96req/s] [内存消耗：5,621.32kb] [文件加载：128]
[ info ] [ BEHAVIOR ] Run Closure @app_init [ RunTime:0.000041s ]
[ info ] [ CACHE ] INIT File
[ info ] [ BEHAVIOR ] Run \addons\cms\Cms @app_init [ RunTime:0.006831s ]
[ info ] [ BEHAVIOR ] Run \addons\epay\Epay @app_init [ RunTime:0.000081s ]
[ info ] [ BEHAVIOR ] Run Closure @app_init [ RunTime:0.000122s ]
[ info ] [ LANG ] /www/hexiao/thinkphp/lang/zh-cn.php
[ info ] [ ROUTE ] array (
  'type' => 'module',
  'module' => 
  array (
    0 => 'api',
    1 => 'sign',
    2 => 'getsigninfo',
  ),
)
[ info ] [ HEADER ] array (
  'accept' => 'application/json, text/plain, */*',
  'accept-encoding' => 'gzip',
  'accept-language' => 'zh-CN,en-US;q=0.9',
  'connection' => 'close',
  'host' => 'hx.le-cx.com',
  'referer' => 'http://hx.le-cx.com/vote/?activity_id=51&code=081SIblp1BV5zl0ADwkp1nY7lp1SIblV&state=STATE',
  'user-agent' => 'Mozilla/5.0 (Linux; Android 8.1.0; vivo Y71A Build/OPM1.171019.011; wv) AppleWebKit/537.36 (KHTML, like Gecko) Version/4.0 Chrome/66.0.3359.126 MQQBrowser/6.2 TBS/045008 Mobile Safari/537.36 MMWEBID/7896 MicroMessenger/7.0.9.1560(0x27000935) Process/tools NetType/4G Language/zh_CN ABI/arm64',
  'x-forwarded-for' => '106.122.58.111',
  'x-forwarded-for-pound' => '106.122.58.111',
  'x-requested-with' => 'com.tencent.mm',
  'content-type' => '',
  'content-length' => '',
)
[ info ] [ PARAM ] array (
  'activity_id' => '51',
  'user_id' => '16',
)
[ info ] [ LANG ] /www/hexiao/public/../application/api/lang/zh-cn.php
[ info ] [ BEHAVIOR ] Run app\common\behavior\Common @module_init [ RunTime:0.001726s ]
[ info ] [ RUN ] app\api\controller\Sign->getsigninfo[ /www/hexiao/application/api/controller/Sign.php ]
[ info ] [ DB ] INIT mysql
[ info ] [ BEHAVIOR ] Run \addons\cms\Cms @response_send [ RunTime:0.000129s ]
[ info ] [ LOG ] INIT File
[ sql ] [ DB ] CONNECT:[ UseTime:0.005055s ] mysql:host=127.0.0.1;port=3306;dbname=cancel;charset=utf8
[ sql ] [ SQL ] SHOW COLUMNS FROM `hx_activity` [ RunTime:0.002480s ]
[ sql ] [ SQL ] SELECT * FROM `hx_activity` WHERE  `id` = 51  AND `deletetime` IS NULL LIMIT 1 [ RunTime:0.004538s ]
[ sql ] [ SQL ] SHOW COLUMNS FROM `hx_signlist` [ RunTime:0.002073s ]
[ sql ] [ SQL ] SELECT * FROM `hx_signlist` WHERE  `activity_id` = 51  AND `vip_id` = 16  AND `deletetime` IS NULL LIMIT 1 [ RunTime:0.000742s ]
[ sql ] [ SQL ] SHOW COLUMNS FROM `hx_paper` [ RunTime:0.002286s ]
[ sql ] [ SQL ] SELECT * FROM `hx_paper` WHERE  `id` = 49  AND `deletetime` IS NULL LIMIT 1 [ RunTime:0.001952s ]
---------------------------------------------------------------
[ 2020-01-06T10:56:49+08:00 ] 106.122.58.111 GET hx.le-cx.com/api/activity/getactivityinfo?activity_id=51&openid=ovvUKwtgdbKtSu7xZBP3MpAEHUpg
[运行时间：0.059065s] [吞吐率：16.93req/s] [内存消耗：5,568.98kb] [文件加载：128]
[ info ] [ BEHAVIOR ] Run Closure @app_init [ RunTime:0.000042s ]
[ info ] [ CACHE ] INIT File
[ info ] [ BEHAVIOR ] Run \addons\cms\Cms @app_init [ RunTime:0.002820s ]
[ info ] [ BEHAVIOR ] Run \addons\epay\Epay @app_init [ RunTime:0.000265s ]
[ info ] [ BEHAVIOR ] Run Closure @app_init [ RunTime:0.000308s ]
[ info ] [ LANG ] /www/hexiao/thinkphp/lang/zh-cn.php
[ info ] [ ROUTE ] array (
  'type' => 'module',
  'module' => 
  array (
    0 => 'api',
    1 => 'activity',
    2 => 'getactivityinfo',
  ),
)
[ info ] [ HEADER ] array (
  'accept' => 'application/json, text/plain, */*',
  'accept-encoding' => 'gzip',
  'accept-language' => 'zh-CN,en-US;q=0.9',
  'connection' => 'close',
  'host' => 'hx.le-cx.com',
  'referer' => 'http://hx.le-cx.com/vote/?activity_id=51&code=081SIblp1BV5zl0ADwkp1nY7lp1SIblV&state=STATE',
  'user-agent' => 'Mozilla/5.0 (Linux; Android 8.1.0; vivo Y71A Build/OPM1.171019.011; wv) AppleWebKit/537.36 (KHTML, like Gecko) Version/4.0 Chrome/66.0.3359.126 MQQBrowser/6.2 TBS/045008 Mobile Safari/537.36 MMWEBID/7896 MicroMessenger/7.0.9.1560(0x27000935) Process/tools NetType/4G Language/zh_CN ABI/arm64',
  'x-forwarded-for' => '106.122.58.111',
  'x-forwarded-for-pound' => '106.122.58.111',
  'x-requested-with' => 'com.tencent.mm',
  'content-type' => '',
  'content-length' => '',
)
[ info ] [ PARAM ] array (
  'activity_id' => '51',
  'openid' => 'ovvUKwtgdbKtSu7xZBP3MpAEHUpg',
)
[ info ] [ LANG ] /www/hexiao/public/../application/api/lang/zh-cn.php
[ info ] [ BEHAVIOR ] Run app\common\behavior\Common @module_init [ RunTime:0.001936s ]
[ info ] [ RUN ] app\api\controller\Activity->getactivityinfo[ /www/hexiao/application/api/controller/Activity.php ]
[ info ] [ DB ] INIT mysql
[ info ] [ BEHAVIOR ] Run \addons\cms\Cms @response_send [ RunTime:0.000161s ]
[ info ] [ LOG ] INIT File
[ sql ] [ DB ] CONNECT:[ UseTime:0.000486s ] mysql:host=127.0.0.1;port=3306;dbname=cancel;charset=utf8
[ sql ] [ SQL ] SHOW COLUMNS FROM `hx_activity` [ RunTime:0.001970s ]
[ sql ] [ SQL ] SELECT * FROM `hx_activity` WHERE  `id` = 51  AND `deletetime` IS NULL LIMIT 1 [ RunTime:0.000851s ]
[ sql ] [ SQL ] SHOW COLUMNS FROM `hx_paper` [ RunTime:0.001434s ]
[ sql ] [ SQL ] SELECT `id`,`papername`,`charge`,`chargenum`,`note` FROM `hx_paper` WHERE  `activity_id` = 51  AND `deletetime` IS NULL [ RunTime:0.000410s ]
[ sql ] [ SQL ] SHOW COLUMNS FROM `hx_vip` [ RunTime:0.001327s ]
[ sql ] [ SQL ] SELECT * FROM `hx_vip` WHERE  `openid` = 'ovvUKwtgdbKtSu7xZBP3MpAEHUpg'  AND `deletetime` IS NULL LIMIT 1 [ RunTime:0.000437s ]
[ sql ] [ SQL ] SHOW COLUMNS FROM `hx_signlist` [ RunTime:0.001332s ]
[ sql ] [ SQL ] SELECT * FROM `hx_signlist` WHERE  `activity_id` = 51  AND `vip_id` = 16  AND `deletetime` IS NULL ORDER BY `id` DESC LIMIT 1 [ RunTime:0.000448s ]
---------------------------------------------------------------
[ 2020-01-06T10:56:56+08:00 ] 106.122.58.111 GET hx.le-cx.com/api/sign/getsigninfo?activity_id=51&user_id=16
[运行时间：0.055466s] [吞吐率：18.03req/s] [内存消耗：5,620.80kb] [文件加载：128]
[ info ] [ BEHAVIOR ] Run Closure @app_init [ RunTime:0.000049s ]
[ info ] [ CACHE ] INIT File
[ info ] [ BEHAVIOR ] Run \addons\cms\Cms @app_init [ RunTime:0.002564s ]
[ info ] [ BEHAVIOR ] Run \addons\epay\Epay @app_init [ RunTime:0.000083s ]
[ info ] [ BEHAVIOR ] Run Closure @app_init [ RunTime:0.000118s ]
[ info ] [ LANG ] /www/hexiao/thinkphp/lang/zh-cn.php
[ info ] [ ROUTE ] array (
  'type' => 'module',
  'module' => 
  array (
    0 => 'api',
    1 => 'sign',
    2 => 'getsigninfo',
  ),
)
[ info ] [ HEADER ] array (
  'host' => 'hx.le-cx.com',
  'connection' => 'keep-alive',
  'accept' => 'application/json, text/plain, */*',
  'user-agent' => 'Mozilla/5.0 (Linux; Android 8.1.0; vivo Y71A Build/OPM1.171019.011; wv) AppleWebKit/537.36 (KHTML, like Gecko) Version/4.0 Chrome/66.0.3359.126 MQQBrowser/6.2 TBS/045008 Mobile Safari/537.36 MMWEBID/7896 MicroMessenger/7.0.9.1560(0x27000935) Process/tools NetType/4G Language/zh_CN ABI/arm64',
  'referer' => 'http://hx.le-cx.com/vote/qrcode.html?activity_id=51&user_id=16&openid=ovvUKwtgdbKtSu7xZBP3MpAEHUpg',
  'accept-encoding' => 'gzip, deflate',
  'accept-language' => 'zh-CN,en-US;q=0.9',
  'x-requested-with' => 'com.tencent.mm',
  'content-type' => '',
  'content-length' => '',
)
[ info ] [ PARAM ] array (
  'activity_id' => '51',
  'user_id' => '16',
)
[ info ] [ LANG ] /www/hexiao/public/../application/api/lang/zh-cn.php
[ info ] [ BEHAVIOR ] Run app\common\behavior\Common @module_init [ RunTime:0.001761s ]
[ info ] [ RUN ] app\api\controller\Sign->getsigninfo[ /www/hexiao/application/api/controller/Sign.php ]
[ info ] [ DB ] INIT mysql
[ info ] [ BEHAVIOR ] Run \addons\cms\Cms @response_send [ RunTime:0.000121s ]
[ info ] [ LOG ] INIT File
[ sql ] [ DB ] CONNECT:[ UseTime:0.000499s ] mysql:host=127.0.0.1;port=3306;dbname=cancel;charset=utf8
[ sql ] [ SQL ] SHOW COLUMNS FROM `hx_activity` [ RunTime:0.001930s ]
[ sql ] [ SQL ] SELECT * FROM `hx_activity` WHERE  `id` = 51  AND `deletetime` IS NULL LIMIT 1 [ RunTime:0.000844s ]
[ sql ] [ SQL ] SHOW COLUMNS FROM `hx_signlist` [ RunTime:0.001435s ]
[ sql ] [ SQL ] SELECT * FROM `hx_signlist` WHERE  `activity_id` = 51  AND `vip_id` = 16  AND `deletetime` IS NULL LIMIT 1 [ RunTime:0.000538s ]
[ sql ] [ SQL ] SHOW COLUMNS FROM `hx_paper` [ RunTime:0.001266s ]
[ sql ] [ SQL ] SELECT * FROM `hx_paper` WHERE  `id` = 49  AND `deletetime` IS NULL LIMIT 1 [ RunTime:0.000363s ]
---------------------------------------------------------------
[ 2020-01-06T10:56:56+08:00 ] 106.122.58.111 GET hx.le-cx.com/api/activity/getactivityinfo?activity_id=51&openid=ovvUKwtgdbKtSu7xZBP3MpAEHUpg
[运行时间：0.058384s] [吞吐率：17.13req/s] [内存消耗：5,568.36kb] [文件加载：128]
[ info ] [ BEHAVIOR ] Run Closure @app_init [ RunTime:0.000059s ]
[ info ] [ CACHE ] INIT File
[ info ] [ BEHAVIOR ] Run \addons\cms\Cms @app_init [ RunTime:0.003029s ]
[ info ] [ BEHAVIOR ] Run \addons\epay\Epay @app_init [ RunTime:0.000101s ]
[ info ] [ BEHAVIOR ] Run Closure @app_init [ RunTime:0.000141s ]
[ info ] [ LANG ] /www/hexiao/thinkphp/lang/zh-cn.php
[ info ] [ ROUTE ] array (
  'type' => 'module',
  'module' => 
  array (
    0 => 'api',
    1 => 'activity',
    2 => 'getactivityinfo',
  ),
)
[ info ] [ HEADER ] array (
  'host' => 'hx.le-cx.com',
  'connection' => 'keep-alive',
  'accept' => 'application/json, text/plain, */*',
  'user-agent' => 'Mozilla/5.0 (Linux; Android 8.1.0; vivo Y71A Build/OPM1.171019.011; wv) AppleWebKit/537.36 (KHTML, like Gecko) Version/4.0 Chrome/66.0.3359.126 MQQBrowser/6.2 TBS/045008 Mobile Safari/537.36 MMWEBID/7896 MicroMessenger/7.0.9.1560(0x27000935) Process/tools NetType/4G Language/zh_CN ABI/arm64',
  'referer' => 'http://hx.le-cx.com/vote/qrcode.html?activity_id=51&user_id=16&openid=ovvUKwtgdbKtSu7xZBP3MpAEHUpg',
  'accept-encoding' => 'gzip, deflate',
  'accept-language' => 'zh-CN,en-US;q=0.9',
  'x-requested-with' => 'com.tencent.mm',
  'content-type' => '',
  'content-length' => '',
)
[ info ] [ PARAM ] array (
  'activity_id' => '51',
  'openid' => 'ovvUKwtgdbKtSu7xZBP3MpAEHUpg',
)
[ info ] [ LANG ] /www/hexiao/public/../application/api/lang/zh-cn.php
[ info ] [ BEHAVIOR ] Run app\common\behavior\Common @module_init [ RunTime:0.001908s ]
[ info ] [ RUN ] app\api\controller\Activity->getactivityinfo[ /www/hexiao/application/api/controller/Activity.php ]
[ info ] [ DB ] INIT mysql
[ info ] [ BEHAVIOR ] Run \addons\cms\Cms @response_send [ RunTime:0.000216s ]
[ info ] [ LOG ] INIT File
[ sql ] [ DB ] CONNECT:[ UseTime:0.000530s ] mysql:host=127.0.0.1;port=3306;dbname=cancel;charset=utf8
[ sql ] [ SQL ] SHOW COLUMNS FROM `hx_activity` [ RunTime:0.002039s ]
[ sql ] [ SQL ] SELECT * FROM `hx_activity` WHERE  `id` = 51  AND `deletetime` IS NULL LIMIT 1 [ RunTime:0.000893s ]
[ sql ] [ SQL ] SHOW COLUMNS FROM `hx_paper` [ RunTime:0.001460s ]
[ sql ] [ SQL ] SELECT `id`,`papername`,`charge`,`chargenum`,`note` FROM `hx_paper` WHERE  `activity_id` = 51  AND `deletetime` IS NULL [ RunTime:0.000418s ]
[ sql ] [ SQL ] SHOW COLUMNS FROM `hx_vip` [ RunTime:0.001361s ]
[ sql ] [ SQL ] SELECT * FROM `hx_vip` WHERE  `openid` = 'ovvUKwtgdbKtSu7xZBP3MpAEHUpg'  AND `deletetime` IS NULL LIMIT 1 [ RunTime:0.000420s ]
[ sql ] [ SQL ] SHOW COLUMNS FROM `hx_signlist` [ RunTime:0.001408s ]
[ sql ] [ SQL ] SELECT * FROM `hx_signlist` WHERE  `activity_id` = 51  AND `vip_id` = 16  AND `deletetime` IS NULL ORDER BY `id` DESC LIMIT 1 [ RunTime:0.000502s ]
---------------------------------------------------------------
[ 2020-01-06T10:56:59+08:00 ] 106.122.58.111 GET hx.le-cx.com/api/sign/getsigninfo?activity_id=51&user_id=16
[运行时间：0.054519s] [吞吐率：18.34req/s] [内存消耗：5,621.32kb] [文件加载：128]
[ info ] [ BEHAVIOR ] Run Closure @app_init [ RunTime:0.000053s ]
[ info ] [ CACHE ] INIT File
[ info ] [ BEHAVIOR ] Run \addons\cms\Cms @app_init [ RunTime:0.002620s ]
[ info ] [ BEHAVIOR ] Run \addons\epay\Epay @app_init [ RunTime:0.000074s ]
[ info ] [ BEHAVIOR ] Run Closure @app_init [ RunTime:0.000113s ]
[ info ] [ LANG ] /www/hexiao/thinkphp/lang/zh-cn.php
[ info ] [ ROUTE ] array (
  'type' => 'module',
  'module' => 
  array (
    0 => 'api',
    1 => 'sign',
    2 => 'getsigninfo',
  ),
)
[ info ] [ HEADER ] array (
  'accept' => 'application/json, text/plain, */*',
  'accept-encoding' => 'gzip',
  'accept-language' => 'zh-CN,en-US;q=0.9',
  'connection' => 'close',
  'host' => 'hx.le-cx.com',
  'referer' => 'http://hx.le-cx.com/vote/?activity_id=51&code=081SIblp1BV5zl0ADwkp1nY7lp1SIblV&state=STATE',
  'user-agent' => 'Mozilla/5.0 (Linux; Android 8.1.0; vivo Y71A Build/OPM1.171019.011; wv) AppleWebKit/537.36 (KHTML, like Gecko) Version/4.0 Chrome/66.0.3359.126 MQQBrowser/6.2 TBS/045008 Mobile Safari/537.36 MMWEBID/7896 MicroMessenger/7.0.9.1560(0x27000935) Process/tools NetType/4G Language/zh_CN ABI/arm64',
  'x-forwarded-for' => '106.122.58.111',
  'x-forwarded-for-pound' => '106.122.58.111',
  'x-requested-with' => 'com.tencent.mm',
  'content-type' => '',
  'content-length' => '',
)
[ info ] [ PARAM ] array (
  'activity_id' => '51',
  'user_id' => '16',
)
[ info ] [ LANG ] /www/hexiao/public/../application/api/lang/zh-cn.php
[ info ] [ BEHAVIOR ] Run app\common\behavior\Common @module_init [ RunTime:0.001855s ]
[ info ] [ RUN ] app\api\controller\Sign->getsigninfo[ /www/hexiao/application/api/controller/Sign.php ]
[ info ] [ DB ] INIT mysql
[ info ] [ BEHAVIOR ] Run \addons\cms\Cms @response_send [ RunTime:0.000141s ]
[ info ] [ LOG ] INIT File
[ sql ] [ DB ] CONNECT:[ UseTime:0.000497s ] mysql:host=127.0.0.1;port=3306;dbname=cancel;charset=utf8
[ sql ] [ SQL ] SHOW COLUMNS FROM `hx_activity` [ RunTime:0.001987s ]
[ sql ] [ SQL ] SELECT * FROM `hx_activity` WHERE  `id` = 51  AND `deletetime` IS NULL LIMIT 1 [ RunTime:0.000860s ]
[ sql ] [ SQL ] SHOW COLUMNS FROM `hx_signlist` [ RunTime:0.001407s ]
[ sql ] [ SQL ] SELECT * FROM `hx_signlist` WHERE  `activity_id` = 51  AND `vip_id` = 16  AND `deletetime` IS NULL LIMIT 1 [ RunTime:0.000514s ]
[ sql ] [ SQL ] SHOW COLUMNS FROM `hx_paper` [ RunTime:0.001383s ]
[ sql ] [ SQL ] SELECT * FROM `hx_paper` WHERE  `id` = 49  AND `deletetime` IS NULL LIMIT 1 [ RunTime:0.000357s ]
---------------------------------------------------------------
[ 2020-01-06T10:56:59+08:00 ] 106.122.58.111 GET hx.le-cx.com/api/activity/getactivityinfo?activity_id=51&openid=ovvUKwtgdbKtSu7xZBP3MpAEHUpg
[运行时间：0.053519s] [吞吐率：18.69req/s] [内存消耗：5,568.98kb] [文件加载：128]
[ info ] [ BEHAVIOR ] Run Closure @app_init [ RunTime:0.000047s ]
[ info ] [ CACHE ] INIT File
[ info ] [ BEHAVIOR ] Run \addons\cms\Cms @app_init [ RunTime:0.002709s ]
[ info ] [ BEHAVIOR ] Run \addons\epay\Epay @app_init [ RunTime:0.000073s ]
[ info ] [ BEHAVIOR ] Run Closure @app_init [ RunTime:0.000122s ]
[ info ] [ LANG ] /www/hexiao/thinkphp/lang/zh-cn.php
[ info ] [ ROUTE ] array (
  'type' => 'module',
  'module' => 
  array (
    0 => 'api',
    1 => 'activity',
    2 => 'getactivityinfo',
  ),
)
[ info ] [ HEADER ] array (
  'accept' => 'application/json, text/plain, */*',
  'accept-encoding' => 'gzip',
  'accept-language' => 'zh-CN,en-US;q=0.9',
  'connection' => 'close',
  'host' => 'hx.le-cx.com',
  'referer' => 'http://hx.le-cx.com/vote/?activity_id=51&code=081SIblp1BV5zl0ADwkp1nY7lp1SIblV&state=STATE',
  'user-agent' => 'Mozilla/5.0 (Linux; Android 8.1.0; vivo Y71A Build/OPM1.171019.011; wv) AppleWebKit/537.36 (KHTML, like Gecko) Version/4.0 Chrome/66.0.3359.126 MQQBrowser/6.2 TBS/045008 Mobile Safari/537.36 MMWEBID/7896 MicroMessenger/7.0.9.1560(0x27000935) Process/tools NetType/4G Language/zh_CN ABI/arm64',
  'x-forwarded-for' => '106.122.58.111',
  'x-forwarded-for-pound' => '106.122.58.111',
  'x-requested-with' => 'com.tencent.mm',
  'content-type' => '',
  'content-length' => '',
)
[ info ] [ PARAM ] array (
  'activity_id' => '51',
  'openid' => 'ovvUKwtgdbKtSu7xZBP3MpAEHUpg',
)
[ info ] [ LANG ] /www/hexiao/public/../application/api/lang/zh-cn.php
[ info ] [ BEHAVIOR ] Run app\common\behavior\Common @module_init [ RunTime:0.001691s ]
[ info ] [ RUN ] app\api\controller\Activity->getactivityinfo[ /www/hexiao/application/api/controller/Activity.php ]
[ info ] [ DB ] INIT mysql
[ info ] [ BEHAVIOR ] Run \addons\cms\Cms @response_send [ RunTime:0.000128s ]
[ info ] [ LOG ] INIT File
[ sql ] [ DB ] CONNECT:[ UseTime:0.000424s ] mysql:host=127.0.0.1;port=3306;dbname=cancel;charset=utf8
[ sql ] [ SQL ] SHOW COLUMNS FROM `hx_activity` [ RunTime:0.001841s ]
[ sql ] [ SQL ] SELECT * FROM `hx_activity` WHERE  `id` = 51  AND `deletetime` IS NULL LIMIT 1 [ RunTime:0.000814s ]
[ sql ] [ SQL ] SHOW COLUMNS FROM `hx_paper` [ RunTime:0.001414s ]
[ sql ] [ SQL ] SELECT `id`,`papername`,`charge`,`chargenum`,`note` FROM `hx_paper` WHERE  `activity_id` = 51  AND `deletetime` IS NULL [ RunTime:0.000385s ]
[ sql ] [ SQL ] SHOW COLUMNS FROM `hx_vip` [ RunTime:0.001304s ]
[ sql ] [ SQL ] SELECT * FROM `hx_vip` WHERE  `openid` = 'ovvUKwtgdbKtSu7xZBP3MpAEHUpg'  AND `deletetime` IS NULL LIMIT 1 [ RunTime:0.000377s ]
[ sql ] [ SQL ] SHOW COLUMNS FROM `hx_signlist` [ RunTime:0.001311s ]
[ sql ] [ SQL ] SELECT * FROM `hx_signlist` WHERE  `activity_id` = 51  AND `vip_id` = 16  AND `deletetime` IS NULL ORDER BY `id` DESC LIMIT 1 [ RunTime:0.000481s ]
