---------------------------------------------------------------
[ 2019-09-07T00:10:58+08:00 ] 59.56.249.229 GET hx.le-cx.com/admin/signlist/form/ids/99?dialog=1
[运行时间：0.146510s] [吞吐率：6.83req/s] [内存消耗：7,376.02kb] [文件加载：143]
[ info ] [ BEHAVIOR ] Run Closure @app_init [ RunTime:0.000045s ]
[ info ] [ CACHE ] INIT File
[ info ] [ BEHAVIOR ] Run \addons\cms\Cms @app_init [ RunTime:0.005042s ]
[ info ] [ BEHAVIOR ] Run \addons\epay\Epay @app_init [ RunTime:0.000139s ]
[ info ] [ BEHAVIOR ] Run Closure @app_init [ RunTime:0.000192s ]
[ info ] [ LANG ] /www/hexiao/thinkphp/lang/zh-cn.php
[ info ] [ ROUTE ] array (
  'type' => 'module',
  'module' => 
  array (
    0 => 'admin',
    1 => 'signlist',
    2 => 'form',
  ),
)
[ info ] [ HEADER ] array (
  'host' => 'hx.le-cx.com',
  'connection' => 'keep-alive',
  'upgrade-insecure-requests' => '1',
  'user-agent' => 'Mozilla/5.0 (Windows NT 6.1; WOW64) AppleWebKit/537.36 (KHTML, like Gecko) Chrome/69.0.3497.100 Safari/537.36',
  'accept' => 'text/html,application/xhtml+xml,application/xml;q=0.9,image/webp,image/apng,*/*;q=0.8',
  'referer' => 'http://hx.le-cx.com/admin/signlist?addtabs=1',
  'accept-encoding' => 'gzip, deflate',
  'accept-language' => 'zh-CN,zh;q=0.9',
  'cookie' => 'PHPSESSID=fkutgl47ruvpohioocbsfoj5t4',
  'content-type' => '',
  'content-length' => '',
)
[ info ] [ PARAM ] array (
  'dialog' => '1',
  'ids' => '99',
)
[ info ] [ LANG ] /www/hexiao/public/../application/admin/lang/zh-cn.php
[ info ] [ BEHAVIOR ] Run app\common\behavior\Common @module_init [ RunTime:0.004231s ]
[ info ] [ SESSION ] INIT array (
  'id' => '',
  'var_session_id' => '',
  'prefix' => 'think',
  'type' => '',
  'auto_start' => true,
)
[ info ] [ DB ] INIT mysql
[ info ] [ BEHAVIOR ] Run \addons\nkeditor\Nkeditor @config_init [ RunTime:0.000535s ]
[ info ] [ LANG ] /www/hexiao/public/../application/admin/lang/zh-cn/signlist.php
[ info ] [ RUN ] app\admin\controller\Signlist->form[ /www/hexiao/application/admin/controller/Signlist.php ]
[ info ] [ BEHAVIOR ] Run \addons\cms\Cms @response_send [ RunTime:0.000396s ]
[ info ] [ LOG ] INIT File
[ sql ] [ DB ] CONNECT:[ UseTime:0.000492s ] mysql:host=127.0.0.1;port=3306;dbname=cancel;charset=utf8
[ sql ] [ SQL ] SHOW COLUMNS FROM `hx_auth_group_access` [ RunTime:0.002328s ]
[ sql ] [ SQL ] SELECT `aga`.`uid`,`aga`.`group_id`,`ag`.`id`,`ag`.`pid`,`ag`.`name`,`ag`.`rules` FROM `hx_auth_group_access` `aga` LEFT JOIN `hx_auth_group` `ag` ON `aga`.`group_id`=`ag`.`id` WHERE  (  aga.uid='1' and ag.status='normal' ) [ RunTime:0.000559s ]
[ sql ] [ SQL ] SHOW COLUMNS FROM `hx_auth_rule` [ RunTime:0.001571s ]
[ sql ] [ SQL ] SELECT `id`,`pid`,`condition`,`icon`,`name`,`title`,`ismenu` FROM `hx_auth_rule` WHERE  `status` = 'normal' [ RunTime:0.001203s ]
[ sql ] [ SQL ] SHOW COLUMNS FROM `hx_activity` [ RunTime:0.003915s ]
[ sql ] [ SQL ] SELECT `id`,`activityname` FROM `hx_activity` WHERE  `deletetime` IS NULL [ RunTime:0.000496s ]
[ sql ] [ SQL ] SHOW COLUMNS FROM `hx_vip` [ RunTime:0.001801s ]
[ sql ] [ SQL ] SELECT `id`,`name` FROM `hx_vip` WHERE  `deletetime` IS NULL [ RunTime:0.000366s ]
[ sql ] [ SQL ] SELECT `id`,`name` FROM `hx_vip` WHERE  `auditman` = '1'  AND `deletetime` IS NULL [ RunTime:0.000382s ]
[ sql ] [ SQL ] SHOW COLUMNS FROM `hx_signlist` [ RunTime:0.001528s ]
[ sql ] [ SQL ] SELECT * FROM `hx_signlist` WHERE (  `id` = 99 ) AND `hx_signlist`.`deletetime` IS NULL LIMIT 1 [ RunTime:0.000567s ]
[ error ] [2]json_decode() expects parameter 1 to be string, array given[/www/hexiao/application/admin/controller/Signlist.php:417]
---------------------------------------------------------------
[ 2019-09-07T00:11:02+08:00 ] 59.56.249.229 GET hx.le-cx.com/admin/paper/form/b/1/ids/99?dialog=1
[运行时间：0.068252s] [吞吐率：14.65req/s] [内存消耗：7,117.42kb] [文件加载：141]
[ info ] [ BEHAVIOR ] Run Closure @app_init [ RunTime:0.000046s ]
[ info ] [ CACHE ] INIT File
[ info ] [ BEHAVIOR ] Run \addons\cms\Cms @app_init [ RunTime:0.002547s ]
[ info ] [ BEHAVIOR ] Run \addons\epay\Epay @app_init [ RunTime:0.000077s ]
[ info ] [ BEHAVIOR ] Run Closure @app_init [ RunTime:0.000119s ]
[ info ] [ LANG ] /www/hexiao/thinkphp/lang/zh-cn.php
[ info ] [ ROUTE ] array (
  'type' => 'module',
  'module' => 
  array (
    0 => 'admin',
    1 => 'paper',
    2 => 'form',
  ),
)
[ info ] [ HEADER ] array (
  'host' => 'hx.le-cx.com',
  'connection' => 'keep-alive',
  'upgrade-insecure-requests' => '1',
  'user-agent' => 'Mozilla/5.0 (Windows NT 6.1; WOW64) AppleWebKit/537.36 (KHTML, like Gecko) Chrome/69.0.3497.100 Safari/537.36',
  'accept' => 'text/html,application/xhtml+xml,application/xml;q=0.9,image/webp,image/apng,*/*;q=0.8',
  'referer' => 'http://hx.le-cx.com/admin/signlist?addtabs=1',
  'accept-encoding' => 'gzip, deflate',
  'accept-language' => 'zh-CN,zh;q=0.9',
  'cookie' => 'PHPSESSID=fkutgl47ruvpohioocbsfoj5t4',
  'content-type' => '',
  'content-length' => '',
)
[ info ] [ PARAM ] array (
  'dialog' => '1',
  'b' => '1',
  'ids' => '99',
)
[ info ] [ LANG ] /www/hexiao/public/../application/admin/lang/zh-cn.php
[ info ] [ BEHAVIOR ] Run app\common\behavior\Common @module_init [ RunTime:0.001646s ]
[ info ] [ SESSION ] INIT array (
  'id' => '',
  'var_session_id' => '',
  'prefix' => 'think',
  'type' => '',
  'auto_start' => true,
)
[ info ] [ DB ] INIT mysql
[ info ] [ BEHAVIOR ] Run \addons\nkeditor\Nkeditor @config_init [ RunTime:0.000276s ]
[ info ] [ LANG ] /www/hexiao/public/../application/admin/lang/zh-cn/paper.php
[ info ] [ RUN ] app\admin\controller\Paper->form[ /www/hexiao/application/admin/controller/Paper.php ]
[ info ] [ VIEW ] /www/hexiao/public/../application/admin/view/paper/form.html [ array (
  0 => 'breadcrumb',
  1 => 'site',
  2 => 'config',
  3 => 'auth',
  4 => 'admin',
  5 => 'chargeList',
  6 => 'row',
) ]
[ info ] [ BEHAVIOR ] Run app\admin\behavior\AdminLog @app_end [ RunTime:0.000490s ]
[ info ] [ BEHAVIOR ] Run \addons\cms\Cms @response_send [ RunTime:0.000141s ]
[ info ] [ LOG ] INIT File
[ sql ] [ DB ] CONNECT:[ UseTime:0.000506s ] mysql:host=127.0.0.1;port=3306;dbname=cancel;charset=utf8
[ sql ] [ SQL ] SHOW COLUMNS FROM `hx_auth_group_access` [ RunTime:0.001592s ]
[ sql ] [ SQL ] SELECT `aga`.`uid`,`aga`.`group_id`,`ag`.`id`,`ag`.`pid`,`ag`.`name`,`ag`.`rules` FROM `hx_auth_group_access` `aga` LEFT JOIN `hx_auth_group` `ag` ON `aga`.`group_id`=`ag`.`id` WHERE  (  aga.uid='1' and ag.status='normal' ) [ RunTime:0.000538s ]
[ sql ] [ SQL ] SHOW COLUMNS FROM `hx_auth_rule` [ RunTime:0.001464s ]
[ sql ] [ SQL ] SELECT `id`,`pid`,`condition`,`icon`,`name`,`title`,`ismenu` FROM `hx_auth_rule` WHERE  `status` = 'normal' [ RunTime:0.001189s ]
[ sql ] [ SQL ] SHOW COLUMNS FROM `hx_signlist` [ RunTime:0.002328s ]
[ sql ] [ SQL ] SELECT * FROM `hx_signlist` WHERE  `id` = 99 LIMIT 1 [ RunTime:0.000593s ]
[ sql ] [ SQL ] SHOW COLUMNS FROM `hx_paper` [ RunTime:0.001321s ]
[ sql ] [ SQL ] SELECT * FROM `hx_paper` WHERE (  `id` = 30 ) AND `hx_paper`.`deletetime` IS NULL LIMIT 1 [ RunTime:0.000392s ]
---------------------------------------------------------------
[ 2019-09-07T00:11:04+08:00 ] 59.56.249.229 GET hx.le-cx.com/admin/ajax/lang?callback=define&controllername=paper&v=1567786262
[运行时间：0.045934s] [吞吐率：21.77req/s] [内存消耗：5,468.02kb] [文件加载：133]
[ info ] [ BEHAVIOR ] Run Closure @app_init [ RunTime:0.000062s ]
[ info ] [ CACHE ] INIT File
[ info ] [ BEHAVIOR ] Run \addons\cms\Cms @app_init [ RunTime:0.002732s ]
[ info ] [ BEHAVIOR ] Run \addons\epay\Epay @app_init [ RunTime:0.000149s ]
[ info ] [ BEHAVIOR ] Run Closure @app_init [ RunTime:0.000235s ]
[ info ] [ LANG ] /www/hexiao/thinkphp/lang/zh-cn.php
[ info ] [ ROUTE ] array (
  'type' => 'module',
  'module' => 
  array (
    0 => 'admin',
    1 => 'ajax',
    2 => 'lang',
  ),
)
[ info ] [ HEADER ] array (
  'host' => 'hx.le-cx.com',
  'connection' => 'keep-alive',
  'user-agent' => 'Mozilla/5.0 (Windows NT 6.1; WOW64) AppleWebKit/537.36 (KHTML, like Gecko) Chrome/69.0.3497.100 Safari/537.36',
  'accept' => '*/*',
  'referer' => 'http://hx.le-cx.com/admin/paper/form/b/1/ids/99?dialog=1',
  'accept-encoding' => 'gzip, deflate',
  'accept-language' => 'zh-CN,zh;q=0.9',
  'cookie' => 'PHPSESSID=fkutgl47ruvpohioocbsfoj5t4',
  'content-type' => '',
  'content-length' => '',
)
[ info ] [ PARAM ] array (
  'callback' => 'define',
  'controllername' => 'paper',
  'v' => '1567786262',
)
[ info ] [ LANG ] /www/hexiao/public/../application/admin/lang/zh-cn.php
[ info ] [ BEHAVIOR ] Run app\common\behavior\Common @module_init [ RunTime:0.001669s ]
[ info ] [ SESSION ] INIT array (
  'id' => '',
  'var_session_id' => '',
  'prefix' => 'think',
  'type' => '',
  'auto_start' => true,
)
[ info ] [ BEHAVIOR ] Run \addons\nkeditor\Nkeditor @config_init [ RunTime:0.000264s ]
[ info ] [ LANG ] /www/hexiao/public/../application/admin/lang/zh-cn/ajax.php
[ info ] [ RUN ] app\admin\controller\Ajax->lang[ /www/hexiao/application/admin/controller/Ajax.php ]
[ info ] [ LANG ] /www/hexiao/public/../application/admin/lang/zh-cn/paper.php
[ info ] [ BEHAVIOR ] Run app\admin\behavior\AdminLog @app_end [ RunTime:0.000201s ]
[ info ] [ BEHAVIOR ] Run \addons\cms\Cms @response_send [ RunTime:0.000393s ]
[ info ] [ LOG ] INIT File
---------------------------------------------------------------
[ 2019-09-07T00:11:12+08:00 ] 59.56.249.229 GET hx.le-cx.com/admin/activity/index?addtabs=1&sort=id&order=desc&offset=0&limit=10&filter=%7B%7D&op=%7B%7D&_=1567784221458
[运行时间：0.088467s] [吞吐率：11.30req/s] [内存消耗：7,317.18kb] [文件加载：143]
[ info ] [ BEHAVIOR ] Run Closure @app_init [ RunTime:0.000048s ]
[ info ] [ CACHE ] INIT File
[ info ] [ BEHAVIOR ] Run \addons\cms\Cms @app_init [ RunTime:0.002852s ]
[ info ] [ BEHAVIOR ] Run \addons\epay\Epay @app_init [ RunTime:0.000123s ]
[ info ] [ BEHAVIOR ] Run Closure @app_init [ RunTime:0.000167s ]
[ info ] [ LANG ] /www/hexiao/thinkphp/lang/zh-cn.php
[ info ] [ ROUTE ] array (
  'type' => 'module',
  'module' => 
  array (
    0 => 'admin',
    1 => 'activity',
    2 => 'index',
  ),
)
[ info ] [ HEADER ] array (
  'host' => 'hx.le-cx.com',
  'connection' => 'keep-alive',
  'accept' => 'application/json, text/javascript, */*; q=0.01',
  'x-requested-with' => 'XMLHttpRequest',
  'user-agent' => 'Mozilla/5.0 (Windows NT 6.1; WOW64) AppleWebKit/537.36 (KHTML, like Gecko) Chrome/69.0.3497.100 Safari/537.36',
  'content-type' => 'application/json',
  'referer' => 'http://hx.le-cx.com/admin/activity?addtabs=1',
  'accept-encoding' => 'gzip, deflate',
  'accept-language' => 'zh-CN,zh;q=0.9',
  'cookie' => 'PHPSESSID=fkutgl47ruvpohioocbsfoj5t4',
  'content-length' => '',
)
[ info ] [ PARAM ] array (
  'addtabs' => '1',
  'sort' => 'id',
  'order' => 'desc',
  'offset' => '0',
  'limit' => '10',
  'filter' => '{}',
  'op' => '{}',
  '_' => '1567784221458',
)
[ info ] [ LANG ] /www/hexiao/public/../application/admin/lang/zh-cn.php
[ info ] [ BEHAVIOR ] Run app\common\behavior\Common @module_init [ RunTime:0.001831s ]
[ info ] [ SESSION ] INIT array (
  'id' => '',
  'var_session_id' => '',
  'prefix' => 'think',
  'type' => '',
  'auto_start' => true,
)
[ info ] [ DB ] INIT mysql
[ info ] [ BEHAVIOR ] Run \addons\nkeditor\Nkeditor @config_init [ RunTime:0.000368s ]
[ info ] [ LANG ] /www/hexiao/public/../application/admin/lang/zh-cn/activity.php
[ info ] [ RUN ] app\admin\controller\Activity->index[ /www/hexiao/application/admin/controller/Activity.php ]
[ info ] [ BEHAVIOR ] Run app\admin\behavior\AdminLog @app_end [ RunTime:0.000155s ]
[ info ] [ BEHAVIOR ] Run \addons\cms\Cms @response_send [ RunTime:0.000299s ]
[ info ] [ LOG ] INIT File
[ sql ] [ DB ] CONNECT:[ UseTime:0.000538s ] mysql:host=127.0.0.1;port=3306;dbname=cancel;charset=utf8
[ sql ] [ SQL ] SHOW COLUMNS FROM `hx_auth_group_access` [ RunTime:0.001698s ]
[ sql ] [ SQL ] SELECT `aga`.`uid`,`aga`.`group_id`,`ag`.`id`,`ag`.`pid`,`ag`.`name`,`ag`.`rules` FROM `hx_auth_group_access` `aga` LEFT JOIN `hx_auth_group` `ag` ON `aga`.`group_id`=`ag`.`id` WHERE  (  aga.uid='1' and ag.status='normal' ) [ RunTime:0.000622s ]
[ sql ] [ SQL ] SHOW COLUMNS FROM `hx_auth_rule` [ RunTime:0.001467s ]
[ sql ] [ SQL ] SELECT `id`,`pid`,`condition`,`icon`,`name`,`title`,`ismenu` FROM `hx_auth_rule` WHERE  `status` = 'normal' [ RunTime:0.001230s ]
[ sql ] [ SQL ] SHOW COLUMNS FROM `hx_vip` [ RunTime:0.001787s ]
[ sql ] [ SQL ] SELECT * FROM `hx_vip` WHERE  `status` = '1'  AND `auditman` = '1'  AND `deletetime` IS NULL [ RunTime:0.000566s ]
[ sql ] [ SQL ] SHOW COLUMNS FROM `hx_activity` [ RunTime:0.001877s ]
[ sql ] [ SQL ] SELECT COUNT(*) AS tp_count FROM `hx_activity` WHERE `hx_activity`.`deletetime` IS NULL ORDER BY `id` DESC LIMIT 1 [ RunTime:0.000586s ]
[ sql ] [ SQL ] SELECT * FROM `hx_activity` WHERE `hx_activity`.`deletetime` IS NULL ORDER BY `id` DESC LIMIT 0,10 [ RunTime:0.000904s ]
[ sql ] [ SQL ] SELECT `name` FROM `hx_vip` WHERE  `openid` = 'ovvUKwp-x1qHs6z2uqhneLnDmX4E'  AND `deletetime` IS NULL LIMIT 1 [ RunTime:0.000792s ]
[ sql ] [ SQL ] SELECT `name` FROM `hx_vip` WHERE  `openid` = 'ovvUKwkQ_FJNmSlD4XA3_9tBb2JU'  AND `deletetime` IS NULL LIMIT 1 [ RunTime:0.000511s ]
[ sql ] [ SQL ] SELECT `name` FROM `hx_vip` WHERE  `openid` = 'ovvUKwp-x1qHs6z2uqhneLnDmX4E'  AND `deletetime` IS NULL LIMIT 1 [ RunTime:0.000478s ]
[ sql ] [ SQL ] SELECT `name` FROM `hx_vip` WHERE  `openid` = 'ovvUKwkQ_FJNmSlD4XA3_9tBb2JU'  AND `deletetime` IS NULL LIMIT 1 [ RunTime:0.000480s ]
[ sql ] [ SQL ] SELECT `name` FROM `hx_vip` WHERE  `openid` = 'ovvUKwkQ_FJNmSlD4XA3_9tBb2JU'  AND `deletetime` IS NULL LIMIT 1 [ RunTime:0.000477s ]
[ sql ] [ SQL ] SELECT `name` FROM `hx_vip` WHERE  `openid` = 'ovvUKwp-x1qHs6z2uqhneLnDmX4E'  AND `deletetime` IS NULL LIMIT 1 [ RunTime:0.000372s ]
[ sql ] [ SQL ] SELECT `name` FROM `hx_vip` WHERE  `openid` = 'ovvUKwkQ_FJNmSlD4XA3_9tBb2JU'  AND `deletetime` IS NULL LIMIT 1 [ RunTime:0.000331s ]
[ sql ] [ SQL ] SELECT `name` FROM `hx_vip` WHERE  `openid` = ''  AND `deletetime` IS NULL LIMIT 1 [ RunTime:0.000340s ]
[ sql ] [ SQL ] SELECT `name` FROM `hx_vip` WHERE  `openid` = 'ovvUKwp-x1qHs6z2uqhneLnDmX4E'  AND `deletetime` IS NULL LIMIT 1 [ RunTime:0.000327s ]
---------------------------------------------------------------
[ 2019-09-07T00:11:33+08:00 ] 59.56.249.229 GET hx.le-cx.com/admin/activity/index?addtabs=1&sort=id&order=desc&offset=0&limit=10&filter=%7B%7D&op=%7B%7D&_=1567784221459
[运行时间：0.079372s] [吞吐率：12.60req/s] [内存消耗：7,317.18kb] [文件加载：143]
[ info ] [ BEHAVIOR ] Run Closure @app_init [ RunTime:0.000056s ]
[ info ] [ CACHE ] INIT File
[ info ] [ BEHAVIOR ] Run \addons\cms\Cms @app_init [ RunTime:0.002944s ]
[ info ] [ BEHAVIOR ] Run \addons\epay\Epay @app_init [ RunTime:0.000086s ]
[ info ] [ BEHAVIOR ] Run Closure @app_init [ RunTime:0.000143s ]
[ info ] [ LANG ] /www/hexiao/thinkphp/lang/zh-cn.php
[ info ] [ ROUTE ] array (
  'type' => 'module',
  'module' => 
  array (
    0 => 'admin',
    1 => 'activity',
    2 => 'index',
  ),
)
[ info ] [ HEADER ] array (
  'host' => 'hx.le-cx.com',
  'connection' => 'keep-alive',
  'accept' => 'application/json, text/javascript, */*; q=0.01',
  'x-requested-with' => 'XMLHttpRequest',
  'user-agent' => 'Mozilla/5.0 (Windows NT 6.1; WOW64) AppleWebKit/537.36 (KHTML, like Gecko) Chrome/69.0.3497.100 Safari/537.36',
  'content-type' => 'application/json',
  'referer' => 'http://hx.le-cx.com/admin/activity?addtabs=1',
  'accept-encoding' => 'gzip, deflate',
  'accept-language' => 'zh-CN,zh;q=0.9',
  'cookie' => 'PHPSESSID=fkutgl47ruvpohioocbsfoj5t4',
  'content-length' => '',
)
[ info ] [ PARAM ] array (
  'addtabs' => '1',
  'sort' => 'id',
  'order' => 'desc',
  'offset' => '0',
  'limit' => '10',
  'filter' => '{}',
  'op' => '{}',
  '_' => '1567784221459',
)
[ info ] [ LANG ] /www/hexiao/public/../application/admin/lang/zh-cn.php
[ info ] [ BEHAVIOR ] Run app\common\behavior\Common @module_init [ RunTime:0.001981s ]
[ info ] [ SESSION ] INIT array (
  'id' => '',
  'var_session_id' => '',
  'prefix' => 'think',
  'type' => '',
  'auto_start' => true,
)
[ info ] [ DB ] INIT mysql
[ info ] [ BEHAVIOR ] Run \addons\nkeditor\Nkeditor @config_init [ RunTime:0.000270s ]
[ info ] [ LANG ] /www/hexiao/public/../application/admin/lang/zh-cn/activity.php
[ info ] [ RUN ] app\admin\controller\Activity->index[ /www/hexiao/application/admin/controller/Activity.php ]
[ info ] [ BEHAVIOR ] Run app\admin\behavior\AdminLog @app_end [ RunTime:0.000166s ]
[ info ] [ BEHAVIOR ] Run \addons\cms\Cms @response_send [ RunTime:0.000270s ]
[ info ] [ LOG ] INIT File
[ sql ] [ DB ] CONNECT:[ UseTime:0.000523s ] mysql:host=127.0.0.1;port=3306;dbname=cancel;charset=utf8
[ sql ] [ SQL ] SHOW COLUMNS FROM `hx_auth_group_access` [ RunTime:0.001813s ]
[ sql ] [ SQL ] SELECT `aga`.`uid`,`aga`.`group_id`,`ag`.`id`,`ag`.`pid`,`ag`.`name`,`ag`.`rules` FROM `hx_auth_group_access` `aga` LEFT JOIN `hx_auth_group` `ag` ON `aga`.`group_id`=`ag`.`id` WHERE  (  aga.uid='1' and ag.status='normal' ) [ RunTime:0.000602s ]
[ sql ] [ SQL ] SHOW COLUMNS FROM `hx_auth_rule` [ RunTime:0.001763s ]
[ sql ] [ SQL ] SELECT `id`,`pid`,`condition`,`icon`,`name`,`title`,`ismenu` FROM `hx_auth_rule` WHERE  `status` = 'normal' [ RunTime:0.001287s ]
[ sql ] [ SQL ] SHOW COLUMNS FROM `hx_vip` [ RunTime:0.001899s ]
[ sql ] [ SQL ] SELECT * FROM `hx_vip` WHERE  `status` = '1'  AND `auditman` = '1'  AND `deletetime` IS NULL [ RunTime:0.000584s ]
[ sql ] [ SQL ] SHOW COLUMNS FROM `hx_activity` [ RunTime:0.001600s ]
[ sql ] [ SQL ] SELECT COUNT(*) AS tp_count FROM `hx_activity` WHERE `hx_activity`.`deletetime` IS NULL ORDER BY `id` DESC LIMIT 1 [ RunTime:0.000456s ]
[ sql ] [ SQL ] SELECT * FROM `hx_activity` WHERE `hx_activity`.`deletetime` IS NULL ORDER BY `id` DESC LIMIT 0,10 [ RunTime:0.000645s ]
[ sql ] [ SQL ] SELECT `name` FROM `hx_vip` WHERE  `openid` = 'ovvUKwp-x1qHs6z2uqhneLnDmX4E'  AND `deletetime` IS NULL LIMIT 1 [ RunTime:0.000623s ]
[ sql ] [ SQL ] SELECT `name` FROM `hx_vip` WHERE  `openid` = 'ovvUKwkQ_FJNmSlD4XA3_9tBb2JU'  AND `deletetime` IS NULL LIMIT 1 [ RunTime:0.000397s ]
[ sql ] [ SQL ] SELECT `name` FROM `hx_vip` WHERE  `openid` = 'ovvUKwp-x1qHs6z2uqhneLnDmX4E'  AND `deletetime` IS NULL LIMIT 1 [ RunTime:0.000328s ]
[ sql ] [ SQL ] SELECT `name` FROM `hx_vip` WHERE  `openid` = 'ovvUKwkQ_FJNmSlD4XA3_9tBb2JU'  AND `deletetime` IS NULL LIMIT 1 [ RunTime:0.000365s ]
[ sql ] [ SQL ] SELECT `name` FROM `hx_vip` WHERE  `openid` = 'ovvUKwkQ_FJNmSlD4XA3_9tBb2JU'  AND `deletetime` IS NULL LIMIT 1 [ RunTime:0.000345s ]
[ sql ] [ SQL ] SELECT `name` FROM `hx_vip` WHERE  `openid` = 'ovvUKwp-x1qHs6z2uqhneLnDmX4E'  AND `deletetime` IS NULL LIMIT 1 [ RunTime:0.000352s ]
[ sql ] [ SQL ] SELECT `name` FROM `hx_vip` WHERE  `openid` = 'ovvUKwkQ_FJNmSlD4XA3_9tBb2JU'  AND `deletetime` IS NULL LIMIT 1 [ RunTime:0.000365s ]
[ sql ] [ SQL ] SELECT `name` FROM `hx_vip` WHERE  `openid` = ''  AND `deletetime` IS NULL LIMIT 1 [ RunTime:0.000358s ]
[ sql ] [ SQL ] SELECT `name` FROM `hx_vip` WHERE  `openid` = 'ovvUKwp-x1qHs6z2uqhneLnDmX4E'  AND `deletetime` IS NULL LIMIT 1 [ RunTime:0.000382s ]
---------------------------------------------------------------
[ 2019-09-07T00:11:34+08:00 ] 59.56.249.229 GET hx.le-cx.com/admin/activity/index?addtabs=1&sort=id&order=desc&offset=0&limit=10&filter=%7B%7D&op=%7B%7D&_=1567784221460
[运行时间：0.076154s] [吞吐率：13.13req/s] [内存消耗：7,317.18kb] [文件加载：143]
[ info ] [ BEHAVIOR ] Run Closure @app_init [ RunTime:0.000043s ]
[ info ] [ CACHE ] INIT File
[ info ] [ BEHAVIOR ] Run \addons\cms\Cms @app_init [ RunTime:0.002801s ]
[ info ] [ BEHAVIOR ] Run \addons\epay\Epay @app_init [ RunTime:0.000081s ]
[ info ] [ BEHAVIOR ] Run Closure @app_init [ RunTime:0.000121s ]
[ info ] [ LANG ] /www/hexiao/thinkphp/lang/zh-cn.php
[ info ] [ ROUTE ] array (
  'type' => 'module',
  'module' => 
  array (
    0 => 'admin',
    1 => 'activity',
    2 => 'index',
  ),
)
[ info ] [ HEADER ] array (
  'host' => 'hx.le-cx.com',
  'connection' => 'keep-alive',
  'accept' => 'application/json, text/javascript, */*; q=0.01',
  'x-requested-with' => 'XMLHttpRequest',
  'user-agent' => 'Mozilla/5.0 (Windows NT 6.1; WOW64) AppleWebKit/537.36 (KHTML, like Gecko) Chrome/69.0.3497.100 Safari/537.36',
  'content-type' => 'application/json',
  'referer' => 'http://hx.le-cx.com/admin/activity?addtabs=1',
  'accept-encoding' => 'gzip, deflate',
  'accept-language' => 'zh-CN,zh;q=0.9',
  'cookie' => 'PHPSESSID=fkutgl47ruvpohioocbsfoj5t4',
  'content-length' => '',
)
[ info ] [ PARAM ] array (
  'addtabs' => '1',
  'sort' => 'id',
  'order' => 'desc',
  'offset' => '0',
  'limit' => '10',
  'filter' => '{}',
  'op' => '{}',
  '_' => '1567784221460',
)
[ info ] [ LANG ] /www/hexiao/public/../application/admin/lang/zh-cn.php
[ info ] [ BEHAVIOR ] Run app\common\behavior\Common @module_init [ RunTime:0.001951s ]
[ info ] [ SESSION ] INIT array (
  'id' => '',
  'var_session_id' => '',
  'prefix' => 'think',
  'type' => '',
  'auto_start' => true,
)
[ info ] [ DB ] INIT mysql
[ info ] [ BEHAVIOR ] Run \addons\nkeditor\Nkeditor @config_init [ RunTime:0.000288s ]
[ info ] [ LANG ] /www/hexiao/public/../application/admin/lang/zh-cn/activity.php
[ info ] [ RUN ] app\admin\controller\Activity->index[ /www/hexiao/application/admin/controller/Activity.php ]
[ info ] [ BEHAVIOR ] Run app\admin\behavior\AdminLog @app_end [ RunTime:0.000147s ]
[ info ] [ BEHAVIOR ] Run \addons\cms\Cms @response_send [ RunTime:0.000305s ]
[ info ] [ LOG ] INIT File
[ sql ] [ DB ] CONNECT:[ UseTime:0.000570s ] mysql:host=127.0.0.1;port=3306;dbname=cancel;charset=utf8
[ sql ] [ SQL ] SHOW COLUMNS FROM `hx_auth_group_access` [ RunTime:0.001880s ]
[ sql ] [ SQL ] SELECT `aga`.`uid`,`aga`.`group_id`,`ag`.`id`,`ag`.`pid`,`ag`.`name`,`ag`.`rules` FROM `hx_auth_group_access` `aga` LEFT JOIN `hx_auth_group` `ag` ON `aga`.`group_id`=`ag`.`id` WHERE  (  aga.uid='1' and ag.status='normal' ) [ RunTime:0.000576s ]
[ sql ] [ SQL ] SHOW COLUMNS FROM `hx_auth_rule` [ RunTime:0.001454s ]
[ sql ] [ SQL ] SELECT `id`,`pid`,`condition`,`icon`,`name`,`title`,`ismenu` FROM `hx_auth_rule` WHERE  `status` = 'normal' [ RunTime:0.001180s ]
[ sql ] [ SQL ] SHOW COLUMNS FROM `hx_vip` [ RunTime:0.001880s ]
[ sql ] [ SQL ] SELECT * FROM `hx_vip` WHERE  `status` = '1'  AND `auditman` = '1'  AND `deletetime` IS NULL [ RunTime:0.000554s ]
[ sql ] [ SQL ] SHOW COLUMNS FROM `hx_activity` [ RunTime:0.001560s ]
[ sql ] [ SQL ] SELECT COUNT(*) AS tp_count FROM `hx_activity` WHERE `hx_activity`.`deletetime` IS NULL ORDER BY `id` DESC LIMIT 1 [ RunTime:0.000412s ]
[ sql ] [ SQL ] SELECT * FROM `hx_activity` WHERE `hx_activity`.`deletetime` IS NULL ORDER BY `id` DESC LIMIT 0,10 [ RunTime:0.000678s ]
[ sql ] [ SQL ] SELECT `name` FROM `hx_vip` WHERE  `openid` = 'ovvUKwp-x1qHs6z2uqhneLnDmX4E'  AND `deletetime` IS NULL LIMIT 1 [ RunTime:0.000437s ]
[ sql ] [ SQL ] SELECT `name` FROM `hx_vip` WHERE  `openid` = 'ovvUKwkQ_FJNmSlD4XA3_9tBb2JU'  AND `deletetime` IS NULL LIMIT 1 [ RunTime:0.000347s ]
[ sql ] [ SQL ] SELECT `name` FROM `hx_vip` WHERE  `openid` = 'ovvUKwp-x1qHs6z2uqhneLnDmX4E'  AND `deletetime` IS NULL LIMIT 1 [ RunTime:0.000347s ]
[ sql ] [ SQL ] SELECT `name` FROM `hx_vip` WHERE  `openid` = 'ovvUKwkQ_FJNmSlD4XA3_9tBb2JU'  AND `deletetime` IS NULL LIMIT 1 [ RunTime:0.000354s ]
[ sql ] [ SQL ] SELECT `name` FROM `hx_vip` WHERE  `openid` = 'ovvUKwkQ_FJNmSlD4XA3_9tBb2JU'  AND `deletetime` IS NULL LIMIT 1 [ RunTime:0.000360s ]
[ sql ] [ SQL ] SELECT `name` FROM `hx_vip` WHERE  `openid` = 'ovvUKwp-x1qHs6z2uqhneLnDmX4E'  AND `deletetime` IS NULL LIMIT 1 [ RunTime:0.000378s ]
[ sql ] [ SQL ] SELECT `name` FROM `hx_vip` WHERE  `openid` = 'ovvUKwkQ_FJNmSlD4XA3_9tBb2JU'  AND `deletetime` IS NULL LIMIT 1 [ RunTime:0.000367s ]
[ sql ] [ SQL ] SELECT `name` FROM `hx_vip` WHERE  `openid` = ''  AND `deletetime` IS NULL LIMIT 1 [ RunTime:0.000334s ]
[ sql ] [ SQL ] SELECT `name` FROM `hx_vip` WHERE  `openid` = 'ovvUKwp-x1qHs6z2uqhneLnDmX4E'  AND `deletetime` IS NULL LIMIT 1 [ RunTime:0.000337s ]
---------------------------------------------------------------
[ 2019-09-07T00:11:34+08:00 ] 59.56.249.229 GET hx.le-cx.com/admin/signlist/index?addtabs=1&sort=id&order=desc&offset=0&limit=10&filter=%7B%7D&op=%7B%7D&_=1567784230946
[运行时间：0.078216s] [吞吐率：12.79req/s] [内存消耗：7,398.57kb] [文件加载：143]
[ info ] [ BEHAVIOR ] Run Closure @app_init [ RunTime:0.000046s ]
[ info ] [ CACHE ] INIT File
[ info ] [ BEHAVIOR ] Run \addons\cms\Cms @app_init [ RunTime:0.002555s ]
[ info ] [ BEHAVIOR ] Run \addons\epay\Epay @app_init [ RunTime:0.000126s ]
[ info ] [ BEHAVIOR ] Run Closure @app_init [ RunTime:0.000167s ]
[ info ] [ LANG ] /www/hexiao/thinkphp/lang/zh-cn.php
[ info ] [ ROUTE ] array (
  'type' => 'module',
  'module' => 
  array (
    0 => 'admin',
    1 => 'signlist',
    2 => 'index',
  ),
)
[ info ] [ HEADER ] array (
  'host' => 'hx.le-cx.com',
  'connection' => 'keep-alive',
  'accept' => 'application/json, text/javascript, */*; q=0.01',
  'x-requested-with' => 'XMLHttpRequest',
  'user-agent' => 'Mozilla/5.0 (Windows NT 6.1; WOW64) AppleWebKit/537.36 (KHTML, like Gecko) Chrome/69.0.3497.100 Safari/537.36',
  'content-type' => 'application/json',
  'referer' => 'http://hx.le-cx.com/admin/signlist?addtabs=1',
  'accept-encoding' => 'gzip, deflate',
  'accept-language' => 'zh-CN,zh;q=0.9',
  'cookie' => 'PHPSESSID=fkutgl47ruvpohioocbsfoj5t4',
  'content-length' => '',
)
[ info ] [ PARAM ] array (
  'addtabs' => '1',
  'sort' => 'id',
  'order' => 'desc',
  'offset' => '0',
  'limit' => '10',
  'filter' => '{}',
  'op' => '{}',
  '_' => '1567784230946',
)
[ info ] [ LANG ] /www/hexiao/public/../application/admin/lang/zh-cn.php
[ info ] [ BEHAVIOR ] Run app\common\behavior\Common @module_init [ RunTime:0.001760s ]
[ info ] [ SESSION ] INIT array (
  'id' => '',
  'var_session_id' => '',
  'prefix' => 'think',
  'type' => '',
  'auto_start' => true,
)
[ info ] [ DB ] INIT mysql
[ info ] [ BEHAVIOR ] Run \addons\nkeditor\Nkeditor @config_init [ RunTime:0.000338s ]
[ info ] [ LANG ] /www/hexiao/public/../application/admin/lang/zh-cn/signlist.php
[ info ] [ RUN ] app\admin\controller\Signlist->index[ /www/hexiao/application/admin/controller/Signlist.php ]
[ info ] [ BEHAVIOR ] Run app\admin\behavior\AdminLog @app_end [ RunTime:0.000161s ]
[ info ] [ BEHAVIOR ] Run \addons\cms\Cms @response_send [ RunTime:0.000178s ]
[ info ] [ LOG ] INIT File
[ sql ] [ DB ] CONNECT:[ UseTime:0.000467s ] mysql:host=127.0.0.1;port=3306;dbname=cancel;charset=utf8
[ sql ] [ SQL ] SHOW COLUMNS FROM `hx_auth_group_access` [ RunTime:0.001691s ]
[ sql ] [ SQL ] SELECT `aga`.`uid`,`aga`.`group_id`,`ag`.`id`,`ag`.`pid`,`ag`.`name`,`ag`.`rules` FROM `hx_auth_group_access` `aga` LEFT JOIN `hx_auth_group` `ag` ON `aga`.`group_id`=`ag`.`id` WHERE  (  aga.uid='1' and ag.status='normal' ) [ RunTime:0.000549s ]
[ sql ] [ SQL ] SHOW COLUMNS FROM `hx_auth_rule` [ RunTime:0.001482s ]
[ sql ] [ SQL ] SELECT `id`,`pid`,`condition`,`icon`,`name`,`title`,`ismenu` FROM `hx_auth_rule` WHERE  `status` = 'normal' [ RunTime:0.001177s ]
[ sql ] [ SQL ] SHOW COLUMNS FROM `hx_activity` [ RunTime:0.002124s ]
[ sql ] [ SQL ] SELECT `id`,`activityname` FROM `hx_activity` WHERE  `deletetime` IS NULL [ RunTime:0.000483s ]
[ sql ] [ SQL ] SHOW COLUMNS FROM `hx_vip` [ RunTime:0.001598s ]
[ sql ] [ SQL ] SELECT `id`,`name` FROM `hx_vip` WHERE  `deletetime` IS NULL [ RunTime:0.000390s ]
[ sql ] [ SQL ] SELECT `id`,`name` FROM `hx_vip` WHERE  `auditman` = '1'  AND `deletetime` IS NULL [ RunTime:0.000402s ]
[ sql ] [ SQL ] SHOW COLUMNS FROM `hx_signlist` [ RunTime:0.001561s ]
[ sql ] [ SQL ] SELECT COUNT(*) AS tp_count FROM `hx_signlist` WHERE `hx_signlist`.`deletetime` IS NULL ORDER BY `id` DESC LIMIT 1 [ RunTime:0.000417s ]
[ sql ] [ SQL ] SELECT * FROM `hx_signlist` WHERE `hx_signlist`.`deletetime` IS NULL ORDER BY `id` DESC LIMIT 0,10 [ RunTime:0.000628s ]
[ sql ] [ SQL ] SELECT * FROM `hx_vip` WHERE  `id` = 12 LIMIT 1 [ RunTime:0.000448s ]
[ sql ] [ SQL ] SELECT * FROM `hx_vip` WHERE  `id` = 12 LIMIT 1 [ RunTime:0.000370s ]
[ sql ] [ SQL ] SELECT * FROM `hx_vip` WHERE  `id` = 12 LIMIT 1 [ RunTime:0.000425s ]
---------------------------------------------------------------
[ 2019-09-07T00:11:35+08:00 ] 59.56.249.229 GET hx.le-cx.com/admin/service/index?addtabs=1&sort=id&order=desc&offset=0&limit=10&filter=%7B%7D&op=%7B%7D&_=1567784449236
[运行时间：0.065322s] [吞吐率：15.31req/s] [内存消耗：7,126.61kb] [文件加载：143]
[ info ] [ BEHAVIOR ] Run Closure @app_init [ RunTime:0.000049s ]
[ info ] [ CACHE ] INIT File
[ info ] [ BEHAVIOR ] Run \addons\cms\Cms @app_init [ RunTime:0.002597s ]
[ info ] [ BEHAVIOR ] Run \addons\epay\Epay @app_init [ RunTime:0.000112s ]
[ info ] [ BEHAVIOR ] Run Closure @app_init [ RunTime:0.000159s ]
[ info ] [ LANG ] /www/hexiao/thinkphp/lang/zh-cn.php
[ info ] [ ROUTE ] array (
  'type' => 'module',
  'module' => 
  array (
    0 => 'admin',
    1 => 'service',
    2 => 'index',
  ),
)
[ info ] [ HEADER ] array (
  'host' => 'hx.le-cx.com',
  'connection' => 'keep-alive',
  'accept' => 'application/json, text/javascript, */*; q=0.01',
  'x-requested-with' => 'XMLHttpRequest',
  'user-agent' => 'Mozilla/5.0 (Windows NT 6.1; WOW64) AppleWebKit/537.36 (KHTML, like Gecko) Chrome/69.0.3497.100 Safari/537.36',
  'content-type' => 'application/json',
  'referer' => 'http://hx.le-cx.com/admin/service?addtabs=1',
  'accept-encoding' => 'gzip, deflate',
  'accept-language' => 'zh-CN,zh;q=0.9',
  'cookie' => 'PHPSESSID=fkutgl47ruvpohioocbsfoj5t4',
  'content-length' => '',
)
[ info ] [ PARAM ] array (
  'addtabs' => '1',
  'sort' => 'id',
  'order' => 'desc',
  'offset' => '0',
  'limit' => '10',
  'filter' => '{}',
  'op' => '{}',
  '_' => '1567784449236',
)
[ info ] [ LANG ] /www/hexiao/public/../application/admin/lang/zh-cn.php
[ info ] [ BEHAVIOR ] Run app\common\behavior\Common @module_init [ RunTime:0.001880s ]
[ info ] [ SESSION ] INIT array (
  'id' => '',
  'var_session_id' => '',
  'prefix' => 'think',
  'type' => '',
  'auto_start' => true,
)
[ info ] [ DB ] INIT mysql
[ info ] [ BEHAVIOR ] Run \addons\nkeditor\Nkeditor @config_init [ RunTime:0.000257s ]
[ info ] [ LANG ] /www/hexiao/public/../application/admin/lang/zh-cn/service.php
[ info ] [ RUN ] app\common\controller\Backend->index[ /www/hexiao/application/admin/library/traits/Backend.php ]
[ info ] [ BEHAVIOR ] Run app\admin\behavior\AdminLog @app_end [ RunTime:0.000132s ]
[ info ] [ BEHAVIOR ] Run \addons\cms\Cms @response_send [ RunTime:0.000120s ]
[ info ] [ LOG ] INIT File
[ sql ] [ DB ] CONNECT:[ UseTime:0.000506s ] mysql:host=127.0.0.1;port=3306;dbname=cancel;charset=utf8
[ sql ] [ SQL ] SHOW COLUMNS FROM `hx_auth_group_access` [ RunTime:0.001720s ]
[ sql ] [ SQL ] SELECT `aga`.`uid`,`aga`.`group_id`,`ag`.`id`,`ag`.`pid`,`ag`.`name`,`ag`.`rules` FROM `hx_auth_group_access` `aga` LEFT JOIN `hx_auth_group` `ag` ON `aga`.`group_id`=`ag`.`id` WHERE  (  aga.uid='1' and ag.status='normal' ) [ RunTime:0.000593s ]
[ sql ] [ SQL ] SHOW COLUMNS FROM `hx_auth_rule` [ RunTime:0.001525s ]
[ sql ] [ SQL ] SELECT `id`,`pid`,`condition`,`icon`,`name`,`title`,`ismenu` FROM `hx_auth_rule` WHERE  `status` = 'normal' [ RunTime:0.001222s ]
[ sql ] [ SQL ] SHOW COLUMNS FROM `hx_service` [ RunTime:0.001815s ]
[ sql ] [ SQL ] SELECT COUNT(*) AS tp_count FROM `hx_service` WHERE `hx_service`.`deletetime` IS NULL ORDER BY `id` DESC LIMIT 1 [ RunTime:0.000440s ]
[ sql ] [ SQL ] SELECT * FROM `hx_service` WHERE `hx_service`.`deletetime` IS NULL ORDER BY `id` DESC LIMIT 0,10 [ RunTime:0.000377s ]
---------------------------------------------------------------
[ 2019-09-07T06:56:42+08:00 ] 47.100.238.73 GET hx.le-cx.com/
[运行时间：0.434920s] [吞吐率：2.30req/s] [内存消耗：4,907.27kb] [文件加载：127]
[ info ] [ BEHAVIOR ] Run Closure @app_init [ RunTime:0.000049s ]
[ info ] [ CACHE ] INIT File
[ info ] [ BEHAVIOR ] Run \addons\cms\Cms @app_init [ RunTime:0.005385s ]
[ info ] [ BEHAVIOR ] Run \addons\epay\Epay @app_init [ RunTime:0.000096s ]
[ info ] [ BEHAVIOR ] Run Closure @app_init [ RunTime:0.000142s ]
[ info ] [ LANG ] /www/hexiao/thinkphp/lang/zh-cn.php
[ info ] [ ROUTE ] array (
  'type' => 'module',
  'module' => 
  array (
    0 => '',
    1 => NULL,
    2 => NULL,
  ),
)
[ info ] [ HEADER ] array (
  'user-agent' => 'Mozilla/5.0 (X11; Ubuntu; Linux x86_64; rv:36.0) Gecko/20100101 Firefox/36.0',
  'host' => 'hx.le-cx.com',
  'connection' => 'Keep-Alive',
  'accept-encoding' => 'gzip',
  'content-type' => '',
  'content-length' => '',
)
[ info ] [ PARAM ] array (
)
[ info ] [ LANG ] /www/hexiao/public/../application/index/lang/zh-cn.php
[ info ] [ BEHAVIOR ] Run app\common\behavior\Common @module_init [ RunTime:0.003830s ]
[ info ] [ BEHAVIOR ] Run \addons\nkeditor\Nkeditor @config_init [ RunTime:0.000532s ]
[ info ] [ LANG ] /www/hexiao/public/../application/index/lang/zh-cn/index.php
[ info ] [ RUN ] app\index\controller\Index->index[ /www/hexiao/application/index/controller/Index.php ]
[ info ] [ BEHAVIOR ] Run \addons\cms\Cms @response_send [ RunTime:0.000182s ]
[ info ] [ LOG ] INIT File
---------------------------------------------------------------
[ 2019-09-07T06:56:42+08:00 ] 47.100.238.73 GET hx.le-cx.com/admin
[运行时间：0.050817s] [吞吐率：19.68req/s] [内存消耗：4,830.01kb] [文件加载：129]
[ info ] [ BEHAVIOR ] Run Closure @app_init [ RunTime:0.000047s ]
[ info ] [ CACHE ] INIT File
[ info ] [ BEHAVIOR ] Run \addons\cms\Cms @app_init [ RunTime:0.002774s ]
[ info ] [ BEHAVIOR ] Run \addons\epay\Epay @app_init [ RunTime:0.000102s ]
[ info ] [ BEHAVIOR ] Run Closure @app_init [ RunTime:0.000144s ]
[ info ] [ LANG ] /www/hexiao/thinkphp/lang/zh-cn.php
[ info ] [ ROUTE ] array (
  'type' => 'module',
  'module' => 
  array (
    0 => 'admin',
    1 => NULL,
    2 => NULL,
  ),
)
[ info ] [ HEADER ] array (
  'user-agent' => 'Mozilla/5.0 (X11; Ubuntu; Linux x86_64; rv:36.0) Gecko/20100101 Firefox/36.0',
  'host' => 'hx.le-cx.com',
  'connection' => 'Keep-Alive',
  'accept-encoding' => 'gzip',
  'content-type' => '',
  'content-length' => '',
)
[ info ] [ PARAM ] array (
)
[ info ] [ LANG ] /www/hexiao/public/../application/admin/lang/zh-cn.php
[ info ] [ BEHAVIOR ] Run app\common\behavior\Common @module_init [ RunTime:0.001801s ]
[ info ] [ SESSION ] INIT array (
  'id' => '',
  'var_session_id' => '',
  'prefix' => 'think',
  'type' => '',
  'auto_start' => true,
)
[ info ] [ VIEW ] /www/hexiao/public/../application/common/view/tpl/dispatch_jump.tpl [ array (
  0 => 'code',
  1 => 'msg',
  2 => 'data',
  3 => 'url',
  4 => 'wait',
) ]
[ info ] [ BEHAVIOR ] Run app\admin\behavior\AdminLog @app_end [ RunTime:0.000603s ]
[ info ] [ BEHAVIOR ] Run \addons\cms\Cms @response_send [ RunTime:0.000174s ]
[ info ] [ LOG ] INIT File
---------------------------------------------------------------
[ 2019-09-07T06:56:43+08:00 ] 47.100.238.73 GET hx.le-cx.com/
[运行时间：0.061073s] [吞吐率：16.37req/s] [内存消耗：4,907.24kb] [文件加载：127]
[ info ] [ BEHAVIOR ] Run Closure @app_init [ RunTime:0.000044s ]
[ info ] [ CACHE ] INIT File
[ info ] [ BEHAVIOR ] Run \addons\cms\Cms @app_init [ RunTime:0.006992s ]
[ info ] [ BEHAVIOR ] Run \addons\epay\Epay @app_init [ RunTime:0.000093s ]
[ info ] [ BEHAVIOR ] Run Closure @app_init [ RunTime:0.000135s ]
[ info ] [ LANG ] /www/hexiao/thinkphp/lang/zh-cn.php
[ info ] [ ROUTE ] array (
  'type' => 'module',
  'module' => 
  array (
    0 => '',
    1 => NULL,
    2 => NULL,
  ),
)
[ info ] [ HEADER ] array (
  'user-agent' => 'Mozilla/5.0 (X11; Ubuntu; Linux x86_64; rv:36.0) Gecko/20100101 Firefox/36.0',
  'host' => 'hx.le-cx.com',
  'connection' => 'Keep-Alive',
  'accept-encoding' => 'gzip',
  'content-type' => '',
  'content-length' => '',
)
[ info ] [ PARAM ] array (
)
[ info ] [ LANG ] /www/hexiao/public/../application/index/lang/zh-cn.php
[ info ] [ BEHAVIOR ] Run app\common\behavior\Common @module_init [ RunTime:0.001928s ]
[ info ] [ BEHAVIOR ] Run \addons\nkeditor\Nkeditor @config_init [ RunTime:0.000294s ]
[ info ] [ LANG ] /www/hexiao/public/../application/index/lang/zh-cn/index.php
[ info ] [ RUN ] app\index\controller\Index->index[ /www/hexiao/application/index/controller/Index.php ]
[ info ] [ BEHAVIOR ] Run \addons\cms\Cms @response_send [ RunTime:0.000132s ]
[ info ] [ LOG ] INIT File
---------------------------------------------------------------
[ 2019-09-07T06:56:43+08:00 ] 47.100.238.73 GET hx.le-cx.com/admin/index/login?url=%2Fadmin
[运行时间：0.074667s] [吞吐率：13.39req/s] [内存消耗：5,451.75kb] [文件加载：133]
[ info ] [ BEHAVIOR ] Run Closure @app_init [ RunTime:0.000049s ]
[ info ] [ CACHE ] INIT File
[ info ] [ BEHAVIOR ] Run \addons\cms\Cms @app_init [ RunTime:0.002874s ]
[ info ] [ BEHAVIOR ] Run \addons\epay\Epay @app_init [ RunTime:0.000097s ]
[ info ] [ BEHAVIOR ] Run Closure @app_init [ RunTime:0.000135s ]
[ info ] [ LANG ] /www/hexiao/thinkphp/lang/zh-cn.php
[ info ] [ ROUTE ] array (
  'type' => 'module',
  'module' => 
  array (
    0 => 'admin',
    1 => 'index',
    2 => 'login',
  ),
)
[ info ] [ HEADER ] array (
  'user-agent' => 'Mozilla/5.0 (X11; Ubuntu; Linux x86_64; rv:36.0) Gecko/20100101 Firefox/36.0',
  'host' => 'hx.le-cx.com',
  'connection' => 'Keep-Alive',
  'accept-encoding' => 'gzip',
  'content-type' => '',
  'content-length' => '',
)
[ info ] [ PARAM ] array (
  'url' => '/admin',
)
[ info ] [ LANG ] /www/hexiao/public/../application/admin/lang/zh-cn.php
[ info ] [ BEHAVIOR ] Run app\common\behavior\Common @module_init [ RunTime:0.001850s ]
[ info ] [ SESSION ] INIT array (
  'id' => '',
  'var_session_id' => '',
  'prefix' => 'think',
  'type' => '',
  'auto_start' => true,
)
[ info ] [ BEHAVIOR ] Run \addons\nkeditor\Nkeditor @config_init [ RunTime:0.003281s ]
[ info ] [ LANG ] /www/hexiao/public/../application/admin/lang/zh-cn/index.php
[ info ] [ RUN ] app\admin\controller\Index->login[ /www/hexiao/application/admin/controller/Index.php ]
[ info ] [ VIEW ] /www/hexiao/public/../application/admin/view/index/login.html [ array (
  0 => 'breadcrumb',
  1 => 'site',
  2 => 'config',
  3 => 'auth',
  4 => 'admin',
  5 => 'background',
  6 => 'title',
) ]
[ info ] [ BEHAVIOR ] Run app\admin\behavior\AdminLog @app_end [ RunTime:0.000122s ]
[ info ] [ BEHAVIOR ] Run \addons\cms\Cms @response_send [ RunTime:0.000151s ]
[ info ] [ LOG ] INIT File
---------------------------------------------------------------
[ 2019-09-07T06:56:43+08:00 ] 47.100.238.73 GET hx.le-cx.com/admin
[运行时间：0.052678s] [吞吐率：18.98req/s] [内存消耗：4,830.01kb] [文件加载：129]
[ info ] [ BEHAVIOR ] Run Closure @app_init [ RunTime:0.000045s ]
[ info ] [ CACHE ] INIT File
[ info ] [ BEHAVIOR ] Run \addons\cms\Cms @app_init [ RunTime:0.002755s ]
[ info ] [ BEHAVIOR ] Run \addons\epay\Epay @app_init [ RunTime:0.000092s ]
[ info ] [ BEHAVIOR ] Run Closure @app_init [ RunTime:0.000134s ]
[ info ] [ LANG ] /www/hexiao/thinkphp/lang/zh-cn.php
[ info ] [ ROUTE ] array (
  'type' => 'module',
  'module' => 
  array (
    0 => 'admin',
    1 => NULL,
    2 => NULL,
  ),
)
[ info ] [ HEADER ] array (
  'user-agent' => 'Mozilla/5.0 (X11; Ubuntu; Linux x86_64; rv:36.0) Gecko/20100101 Firefox/36.0',
  'host' => 'hx.le-cx.com',
  'connection' => 'Keep-Alive',
  'accept-encoding' => 'gzip',
  'content-type' => '',
  'content-length' => '',
)
[ info ] [ PARAM ] array (
)
[ info ] [ LANG ] /www/hexiao/public/../application/admin/lang/zh-cn.php
[ info ] [ BEHAVIOR ] Run app\common\behavior\Common @module_init [ RunTime:0.001806s ]
[ info ] [ SESSION ] INIT array (
  'id' => '',
  'var_session_id' => '',
  'prefix' => 'think',
  'type' => '',
  'auto_start' => true,
)
[ info ] [ VIEW ] /www/hexiao/public/../application/common/view/tpl/dispatch_jump.tpl [ array (
  0 => 'code',
  1 => 'msg',
  2 => 'data',
  3 => 'url',
  4 => 'wait',
) ]
[ info ] [ BEHAVIOR ] Run app\admin\behavior\AdminLog @app_end [ RunTime:0.000155s ]
[ info ] [ BEHAVIOR ] Run \addons\cms\Cms @response_send [ RunTime:0.000140s ]
[ info ] [ LOG ] INIT File
