---------------------------------------------------------------
[ 2019-10-14T07:29:51+08:00 ] 47.101.201.18 GET hx.le-cx.com/
[运行时间：0.150960s] [吞吐率：6.62req/s] [内存消耗：4,907.17kb] [文件加载：127]
[ info ] [ BEHAVIOR ] Run Closure @app_init [ RunTime:0.000064s ]
[ info ] [ CACHE ] INIT File
[ info ] [ BEHAVIOR ] Run \addons\cms\Cms @app_init [ RunTime:0.005932s ]
[ info ] [ BEHAVIOR ] Run \addons\epay\Epay @app_init [ RunTime:0.000096s ]
[ info ] [ BEHAVIOR ] Run Closure @app_init [ RunTime:0.000143s ]
[ info ] [ LANG ] /www/hexiao/thinkphp/lang/zh-cn.php
[ info ] [ ROUTE ] array (
  'type' => 'module',
  'module' => 
  array (
    0 => '',
    1 => NULL,
    2 => NULL,
  ),
)
[ info ] [ HEADER ] array (
  'user-agent' => 'Mozilla/5.0 (X11; Ubuntu; Linux x86_64; rv:36.0) Gecko/20100101 Firefox/36.0',
  'host' => 'hx.le-cx.com',
  'connection' => 'Keep-Alive',
  'accept-encoding' => 'gzip',
  'content-type' => '',
  'content-length' => '',
)
[ info ] [ PARAM ] array (
)
[ info ] [ LANG ] /www/hexiao/public/../application/index/lang/zh-cn.php
[ info ] [ BEHAVIOR ] Run app\common\behavior\Common @module_init [ RunTime:0.002928s ]
[ info ] [ BEHAVIOR ] Run \addons\nkeditor\Nkeditor @config_init [ RunTime:0.000486s ]
[ info ] [ LANG ] /www/hexiao/public/../application/index/lang/zh-cn/index.php
[ info ] [ RUN ] app\index\controller\Index->index[ /www/hexiao/application/index/controller/Index.php ]
[ info ] [ BEHAVIOR ] Run \addons\cms\Cms @response_send [ RunTime:0.000133s ]
[ info ] [ LOG ] INIT File
---------------------------------------------------------------
[ 2019-10-14T07:29:51+08:00 ] 47.101.201.18 GET hx.le-cx.com/index.php/admin/index/login
[运行时间：0.059212s] [吞吐率：16.89req/s] [内存消耗：5,451.13kb] [文件加载：133]
[ info ] [ BEHAVIOR ] Run Closure @app_init [ RunTime:0.000043s ]
[ info ] [ CACHE ] INIT File
[ info ] [ BEHAVIOR ] Run \addons\cms\Cms @app_init [ RunTime:0.002633s ]
[ info ] [ BEHAVIOR ] Run \addons\epay\Epay @app_init [ RunTime:0.000080s ]
[ info ] [ BEHAVIOR ] Run Closure @app_init [ RunTime:0.000120s ]
[ info ] [ LANG ] /www/hexiao/thinkphp/lang/zh-cn.php
[ info ] [ ROUTE ] array (
  'type' => 'module',
  'module' => 
  array (
    0 => 'admin',
    1 => 'index',
    2 => 'login',
  ),
)
[ info ] [ HEADER ] array (
  'user-agent' => 'Mozilla/5.0 (X11; Ubuntu; Linux x86_64; rv:36.0) Gecko/20100101 Firefox/36.0',
  'host' => 'hx.le-cx.com',
  'connection' => 'Keep-Alive',
  'accept-encoding' => 'gzip',
  'content-type' => '',
  'content-length' => '',
)
[ info ] [ PARAM ] array (
)
[ info ] [ LANG ] /www/hexiao/public/../application/admin/lang/zh-cn.php
[ info ] [ BEHAVIOR ] Run app\common\behavior\Common @module_init [ RunTime:0.001734s ]
[ info ] [ SESSION ] INIT array (
  'id' => '',
  'var_session_id' => '',
  'prefix' => 'think',
  'type' => '',
  'auto_start' => true,
)
[ info ] [ BEHAVIOR ] Run \addons\nkeditor\Nkeditor @config_init [ RunTime:0.000344s ]
[ info ] [ LANG ] /www/hexiao/public/../application/admin/lang/zh-cn/index.php
[ info ] [ RUN ] app\admin\controller\Index->login[ /www/hexiao/application/admin/controller/Index.php ]
[ info ] [ VIEW ] /www/hexiao/public/../application/admin/view/index/login.html [ array (
  0 => 'breadcrumb',
  1 => 'site',
  2 => 'config',
  3 => 'auth',
  4 => 'admin',
  5 => 'background',
  6 => 'title',
) ]
[ info ] [ BEHAVIOR ] Run app\admin\behavior\AdminLog @app_end [ RunTime:0.000542s ]
[ info ] [ BEHAVIOR ] Run \addons\cms\Cms @response_send [ RunTime:0.000135s ]
[ info ] [ LOG ] INIT File
---------------------------------------------------------------
[ 2019-10-14T10:24:20+08:00 ] 140.243.108.109 GET hx.le-cx.com/api/Getwxuser/get_user_all?code=011wXOFc2ZMV7H0VKSEc235wFc2wXOFL
[运行时间：0.585619s] [吞吐率：1.71req/s] [内存消耗：5,516.26kb] [文件加载：128]
[ info ] [ BEHAVIOR ] Run Closure @app_init [ RunTime:0.000047s ]
[ info ] [ CACHE ] INIT File
[ info ] [ BEHAVIOR ] Run \addons\cms\Cms @app_init [ RunTime:0.004669s ]
[ info ] [ BEHAVIOR ] Run \addons\epay\Epay @app_init [ RunTime:0.000118s ]
[ info ] [ BEHAVIOR ] Run Closure @app_init [ RunTime:0.000163s ]
[ info ] [ LANG ] /www/hexiao/thinkphp/lang/zh-cn.php
[ info ] [ ROUTE ] array (
  'type' => 'module',
  'module' => 
  array (
    0 => 'api',
    1 => 'Getwxuser',
    2 => 'get_user_all',
  ),
)
[ info ] [ HEADER ] array (
  'accept' => 'application/json, text/plain, */*',
  'accept-encoding' => 'gzip',
  'accept-language' => 'zh-CN,en-US;q=0.9',
  'connection' => 'close',
  'host' => 'hx.le-cx.com',
  'referer' => 'http://hx.le-cx.com/vote/?activity_id=51&code=011wXOFc2ZMV7H0VKSEc235wFc2wXOFL&state=STATE',
  'user-agent' => 'Mozilla/5.0 (Linux; Android 9; VOG-AL10 Build/HUAWEIVOG-AL10; wv) AppleWebKit/537.36 (KHTML, like Gecko) Version/4.0 Chrome/66.0.3359.126 MQQBrowser/6.2 TBS/044904 Mobile Safari/537.36 MMWEBID/5033 MicroMessenger/7.0.7.1521(0x27000739) Process/tools NetType/4G Language/zh_CN',
  'x-forwarded-for' => '140.243.108.109',
  'x-forwarded-for-pound' => '140.243.108.109',
  'x-requested-with' => 'com.tencent.mm',
  'content-type' => '',
  'content-length' => '',
)
[ info ] [ PARAM ] array (
  'code' => '011wXOFc2ZMV7H0VKSEc235wFc2wXOFL',
)
[ info ] [ LANG ] /www/hexiao/public/../application/api/lang/zh-cn.php
[ info ] [ BEHAVIOR ] Run app\common\behavior\Common @module_init [ RunTime:0.003167s ]
[ info ] [ RUN ] app\api\controller\Getwxuser->get_user_all[ /www/hexiao/application/api/controller/Getwxuser.php ]
[ info ] [ DB ] INIT mysql
[ info ] [ BEHAVIOR ] Run \addons\cms\Cms @response_send [ RunTime:0.000131s ]
[ info ] [ LOG ] INIT File
[ sql ] [ DB ] CONNECT:[ UseTime:0.000416s ] mysql:host=127.0.0.1;port=3306;dbname=cancel;charset=utf8
[ sql ] [ SQL ] SHOW COLUMNS FROM `hx_vip` [ RunTime:0.002606s ]
[ sql ] [ SQL ] SELECT * FROM `hx_vip` WHERE  `openid` = 'ovvUKwgLiSnboByYOdygaWl4U65U'  AND `deletetime` IS NULL LIMIT 1 [ RunTime:0.000517s ]
[ sql ] [ SQL ] INSERT INTO `hx_vip` (`openid` , `name` , `images` , `createtime` , `updatetime`) VALUES ('ovvUKwgLiSnboByYOdygaWl4U65U' , '城' , 'http://thirdwx.qlogo.cn/mmopen/vi_32/DYAIOgq83erq3PtDaZ84Tx61qHoxEHxia5n3lsYAfRnQic0JKtB1Ead2N1hMZxJ1dISXBiahHx8IDRdphlPzJXwEg/132' , 1571019860 , 1571019860) [ RunTime:0.003382s ]
---------------------------------------------------------------
[ 2019-10-14T10:24:20+08:00 ] 140.243.108.109 GET hx.le-cx.com/api/sign/getsigninfo?activity_id=51&user_id=40
[运行时间：0.053166s] [吞吐率：18.81req/s] [内存消耗：5,611.84kb] [文件加载：128]
[ info ] [ BEHAVIOR ] Run Closure @app_init [ RunTime:0.000044s ]
[ info ] [ CACHE ] INIT File
[ info ] [ BEHAVIOR ] Run \addons\cms\Cms @app_init [ RunTime:0.002558s ]
[ info ] [ BEHAVIOR ] Run \addons\epay\Epay @app_init [ RunTime:0.000077s ]
[ info ] [ BEHAVIOR ] Run Closure @app_init [ RunTime:0.000115s ]
[ info ] [ LANG ] /www/hexiao/thinkphp/lang/zh-cn.php
[ info ] [ ROUTE ] array (
  'type' => 'module',
  'module' => 
  array (
    0 => 'api',
    1 => 'sign',
    2 => 'getsigninfo',
  ),
)
[ info ] [ HEADER ] array (
  'accept' => 'application/json, text/plain, */*',
  'accept-encoding' => 'gzip',
  'accept-language' => 'zh-CN,en-US;q=0.9',
  'connection' => 'close',
  'host' => 'hx.le-cx.com',
  'referer' => 'http://hx.le-cx.com/vote/?activity_id=51&code=011wXOFc2ZMV7H0VKSEc235wFc2wXOFL&state=STATE',
  'user-agent' => 'Mozilla/5.0 (Linux; Android 9; VOG-AL10 Build/HUAWEIVOG-AL10; wv) AppleWebKit/537.36 (KHTML, like Gecko) Version/4.0 Chrome/66.0.3359.126 MQQBrowser/6.2 TBS/044904 Mobile Safari/537.36 MMWEBID/5033 MicroMessenger/7.0.7.1521(0x27000739) Process/tools NetType/4G Language/zh_CN',
  'x-forwarded-for' => '140.243.108.109',
  'x-forwarded-for-pound' => '140.243.108.109',
  'x-requested-with' => 'com.tencent.mm',
  'content-type' => '',
  'content-length' => '',
)
[ info ] [ PARAM ] array (
  'activity_id' => '51',
  'user_id' => '40',
)
[ info ] [ LANG ] /www/hexiao/public/../application/api/lang/zh-cn.php
[ info ] [ BEHAVIOR ] Run app\common\behavior\Common @module_init [ RunTime:0.001730s ]
[ info ] [ RUN ] app\api\controller\Sign->getsigninfo[ /www/hexiao/application/api/controller/Sign.php ]
[ info ] [ DB ] INIT mysql
[ info ] [ BEHAVIOR ] Run \addons\cms\Cms @response_send [ RunTime:0.000152s ]
[ info ] [ LOG ] INIT File
[ sql ] [ DB ] CONNECT:[ UseTime:0.000474s ] mysql:host=127.0.0.1;port=3306;dbname=cancel;charset=utf8
[ sql ] [ SQL ] SHOW COLUMNS FROM `hx_activity` [ RunTime:0.003020s ]
[ sql ] [ SQL ] SELECT * FROM `hx_activity` WHERE  `id` = 51  AND `deletetime` IS NULL LIMIT 1 [ RunTime:0.000832s ]
[ sql ] [ SQL ] SHOW COLUMNS FROM `hx_signlist` [ RunTime:0.002025s ]
[ sql ] [ SQL ] SELECT * FROM `hx_signlist` WHERE  `activity_id` = 51  AND `vip_id` = 40  AND `deletetime` IS NULL LIMIT 1 [ RunTime:0.000556s ]
---------------------------------------------------------------
[ 2019-10-14T10:24:20+08:00 ] 140.243.108.109 GET hx.le-cx.com/api/activity/getactivityinfo?activity_id=51&openid=ovvUKwgLiSnboByYOdygaWl4U65U
[运行时间：0.055280s] [吞吐率：18.09req/s] [内存消耗：5,564.34kb] [文件加载：128]
[ info ] [ BEHAVIOR ] Run Closure @app_init [ RunTime:0.000040s ]
[ info ] [ CACHE ] INIT File
[ info ] [ BEHAVIOR ] Run \addons\cms\Cms @app_init [ RunTime:0.002613s ]
[ info ] [ BEHAVIOR ] Run \addons\epay\Epay @app_init [ RunTime:0.000078s ]
[ info ] [ BEHAVIOR ] Run Closure @app_init [ RunTime:0.000115s ]
[ info ] [ LANG ] /www/hexiao/thinkphp/lang/zh-cn.php
[ info ] [ ROUTE ] array (
  'type' => 'module',
  'module' => 
  array (
    0 => 'api',
    1 => 'activity',
    2 => 'getactivityinfo',
  ),
)
[ info ] [ HEADER ] array (
  'accept' => 'application/json, text/plain, */*',
  'accept-encoding' => 'gzip',
  'accept-language' => 'zh-CN,en-US;q=0.9',
  'connection' => 'close',
  'host' => 'hx.le-cx.com',
  'referer' => 'http://hx.le-cx.com/vote/?activity_id=51&code=011wXOFc2ZMV7H0VKSEc235wFc2wXOFL&state=STATE',
  'user-agent' => 'Mozilla/5.0 (Linux; Android 9; VOG-AL10 Build/HUAWEIVOG-AL10; wv) AppleWebKit/537.36 (KHTML, like Gecko) Version/4.0 Chrome/66.0.3359.126 MQQBrowser/6.2 TBS/044904 Mobile Safari/537.36 MMWEBID/5033 MicroMessenger/7.0.7.1521(0x27000739) Process/tools NetType/4G Language/zh_CN',
  'x-forwarded-for' => '140.243.108.109',
  'x-forwarded-for-pound' => '140.243.108.109',
  'x-requested-with' => 'com.tencent.mm',
  'content-type' => '',
  'content-length' => '',
)
[ info ] [ PARAM ] array (
  'activity_id' => '51',
  'openid' => 'ovvUKwgLiSnboByYOdygaWl4U65U',
)
[ info ] [ LANG ] /www/hexiao/public/../application/api/lang/zh-cn.php
[ info ] [ BEHAVIOR ] Run app\common\behavior\Common @module_init [ RunTime:0.001696s ]
[ info ] [ RUN ] app\api\controller\Activity->getactivityinfo[ /www/hexiao/application/api/controller/Activity.php ]
[ info ] [ DB ] INIT mysql
[ info ] [ BEHAVIOR ] Run \addons\cms\Cms @response_send [ RunTime:0.000119s ]
[ info ] [ LOG ] INIT File
[ sql ] [ DB ] CONNECT:[ UseTime:0.000461s ] mysql:host=127.0.0.1;port=3306;dbname=cancel;charset=utf8
[ sql ] [ SQL ] SHOW COLUMNS FROM `hx_activity` [ RunTime:0.001961s ]
[ sql ] [ SQL ] SELECT * FROM `hx_activity` WHERE  `id` = 51  AND `deletetime` IS NULL LIMIT 1 [ RunTime:0.000832s ]
[ sql ] [ SQL ] SHOW COLUMNS FROM `hx_paper` [ RunTime:0.002120s ]
[ sql ] [ SQL ] SELECT `id`,`papername`,`charge`,`chargenum`,`note` FROM `hx_paper` WHERE  `activity_id` = 51  AND `deletetime` IS NULL [ RunTime:0.000505s ]
[ sql ] [ SQL ] SHOW COLUMNS FROM `hx_vip` [ RunTime:0.001257s ]
[ sql ] [ SQL ] SELECT * FROM `hx_vip` WHERE  `openid` = 'ovvUKwgLiSnboByYOdygaWl4U65U'  AND `deletetime` IS NULL LIMIT 1 [ RunTime:0.000413s ]
[ sql ] [ SQL ] SHOW COLUMNS FROM `hx_signlist` [ RunTime:0.001281s ]
[ sql ] [ SQL ] SELECT * FROM `hx_signlist` WHERE  `activity_id` = 51  AND `vip_id` = 40  AND `deletetime` IS NULL ORDER BY `id` DESC LIMIT 1 [ RunTime:0.000543s ]
---------------------------------------------------------------
[ 2019-10-14T10:24:26+08:00 ] 140.243.108.109 GET hx.le-cx.com/api/Getwxuser/get_user_all?code=011lgXXN12nbO91YGHUN1886YN1lgXX7
[运行时间：0.531032s] [吞吐率：1.88req/s] [内存消耗：5,512.49kb] [文件加载：128]
[ info ] [ BEHAVIOR ] Run Closure @app_init [ RunTime:0.000043s ]
[ info ] [ CACHE ] INIT File
[ info ] [ BEHAVIOR ] Run \addons\cms\Cms @app_init [ RunTime:0.002589s ]
[ info ] [ BEHAVIOR ] Run \addons\epay\Epay @app_init [ RunTime:0.000076s ]
[ info ] [ BEHAVIOR ] Run Closure @app_init [ RunTime:0.000114s ]
[ info ] [ LANG ] /www/hexiao/thinkphp/lang/zh-cn.php
[ info ] [ ROUTE ] array (
  'type' => 'module',
  'module' => 
  array (
    0 => 'api',
    1 => 'Getwxuser',
    2 => 'get_user_all',
  ),
)
[ info ] [ HEADER ] array (
  'accept' => 'application/json, text/plain, */*',
  'accept-encoding' => 'gzip',
  'accept-language' => 'zh-CN,en-US;q=0.9',
  'connection' => 'close',
  'host' => 'hx.le-cx.com',
  'referer' => 'http://hx.le-cx.com/vote/?activity_id=51&code=011lgXXN12nbO91YGHUN1886YN1lgXX7&state=STATE',
  'user-agent' => 'Mozilla/5.0 (Linux; Android 9; VOG-AL10 Build/HUAWEIVOG-AL10; wv) AppleWebKit/537.36 (KHTML, like Gecko) Version/4.0 Chrome/66.0.3359.126 MQQBrowser/6.2 TBS/044904 Mobile Safari/537.36 MMWEBID/5033 MicroMessenger/7.0.7.1521(0x27000739) Process/tools NetType/4G Language/zh_CN',
  'x-forwarded-for' => '140.243.108.109',
  'x-forwarded-for-pound' => '140.243.108.109',
  'x-requested-with' => 'com.tencent.mm',
  'content-type' => '',
  'content-length' => '',
)
[ info ] [ PARAM ] array (
  'code' => '011lgXXN12nbO91YGHUN1886YN1lgXX7',
)
[ info ] [ LANG ] /www/hexiao/public/../application/api/lang/zh-cn.php
[ info ] [ BEHAVIOR ] Run app\common\behavior\Common @module_init [ RunTime:0.001700s ]
[ info ] [ RUN ] app\api\controller\Getwxuser->get_user_all[ /www/hexiao/application/api/controller/Getwxuser.php ]
[ info ] [ DB ] INIT mysql
[ info ] [ BEHAVIOR ] Run \addons\cms\Cms @response_send [ RunTime:0.000130s ]
[ info ] [ LOG ] INIT File
[ sql ] [ DB ] CONNECT:[ UseTime:0.000439s ] mysql:host=127.0.0.1;port=3306;dbname=cancel;charset=utf8
[ sql ] [ SQL ] SHOW COLUMNS FROM `hx_vip` [ RunTime:0.001650s ]
[ sql ] [ SQL ] SELECT * FROM `hx_vip` WHERE  `openid` = 'ovvUKwgLiSnboByYOdygaWl4U65U'  AND `deletetime` IS NULL LIMIT 1 [ RunTime:0.000548s ]
---------------------------------------------------------------
[ 2019-10-14T10:24:27+08:00 ] 140.243.108.109 GET hx.le-cx.com/api/Getwxuser/get_user_all?code=071cXrkR0WBKY62jhqiR0h3NkR0cXrkr
[运行时间：0.545630s] [吞吐率：1.83req/s] [内存消耗：5,512.49kb] [文件加载：128]
[ info ] [ BEHAVIOR ] Run Closure @app_init [ RunTime:0.000041s ]
[ info ] [ CACHE ] INIT File
[ info ] [ BEHAVIOR ] Run \addons\cms\Cms @app_init [ RunTime:0.002666s ]
[ info ] [ BEHAVIOR ] Run \addons\epay\Epay @app_init [ RunTime:0.000079s ]
[ info ] [ BEHAVIOR ] Run Closure @app_init [ RunTime:0.000120s ]
[ info ] [ LANG ] /www/hexiao/thinkphp/lang/zh-cn.php
[ info ] [ ROUTE ] array (
  'type' => 'module',
  'module' => 
  array (
    0 => 'api',
    1 => 'Getwxuser',
    2 => 'get_user_all',
  ),
)
[ info ] [ HEADER ] array (
  'accept' => 'application/json, text/plain, */*',
  'accept-encoding' => 'gzip',
  'accept-language' => 'zh-CN,en-US;q=0.9',
  'connection' => 'close',
  'host' => 'hx.le-cx.com',
  'referer' => 'http://hx.le-cx.com/vote/?activity_id=51&code=071cXrkR0WBKY62jhqiR0h3NkR0cXrkr&state=STATE',
  'user-agent' => 'Mozilla/5.0 (Linux; Android 9; VOG-AL10 Build/HUAWEIVOG-AL10; wv) AppleWebKit/537.36 (KHTML, like Gecko) Version/4.0 Chrome/66.0.3359.126 MQQBrowser/6.2 TBS/044904 Mobile Safari/537.36 MMWEBID/5033 MicroMessenger/7.0.7.1521(0x27000739) Process/tools NetType/4G Language/zh_CN',
  'x-forwarded-for' => '140.243.108.109',
  'x-forwarded-for-pound' => '140.243.108.109',
  'x-requested-with' => 'com.tencent.mm',
  'content-type' => '',
  'content-length' => '',
)
[ info ] [ PARAM ] array (
  'code' => '071cXrkR0WBKY62jhqiR0h3NkR0cXrkr',
)
[ info ] [ LANG ] /www/hexiao/public/../application/api/lang/zh-cn.php
[ info ] [ BEHAVIOR ] Run app\common\behavior\Common @module_init [ RunTime:0.001788s ]
[ info ] [ RUN ] app\api\controller\Getwxuser->get_user_all[ /www/hexiao/application/api/controller/Getwxuser.php ]
[ info ] [ DB ] INIT mysql
[ info ] [ BEHAVIOR ] Run \addons\cms\Cms @response_send [ RunTime:0.000143s ]
[ info ] [ LOG ] INIT File
[ sql ] [ DB ] CONNECT:[ UseTime:0.000541s ] mysql:host=127.0.0.1;port=3306;dbname=cancel;charset=utf8
[ sql ] [ SQL ] SHOW COLUMNS FROM `hx_vip` [ RunTime:0.001667s ]
[ sql ] [ SQL ] SELECT * FROM `hx_vip` WHERE  `openid` = 'ovvUKwgLiSnboByYOdygaWl4U65U'  AND `deletetime` IS NULL LIMIT 1 [ RunTime:0.000615s ]
---------------------------------------------------------------
[ 2019-10-14T19:21:01+08:00 ] 223.167.152.126 GET hx.le-cx.com/
[运行时间：0.052053s] [吞吐率：19.21req/s] [内存消耗：4,909.08kb] [文件加载：127]
[ info ] [ BEHAVIOR ] Run Closure @app_init [ RunTime:0.000042s ]
[ info ] [ CACHE ] INIT File
[ info ] [ BEHAVIOR ] Run \addons\cms\Cms @app_init [ RunTime:0.002505s ]
[ info ] [ BEHAVIOR ] Run \addons\epay\Epay @app_init [ RunTime:0.000098s ]
[ info ] [ BEHAVIOR ] Run Closure @app_init [ RunTime:0.000147s ]
[ info ] [ LANG ] /www/hexiao/thinkphp/lang/zh-cn.php
[ info ] [ ROUTE ] array (
  'type' => 'module',
  'module' => 
  array (
    0 => '',
    1 => NULL,
    2 => NULL,
  ),
)
[ info ] [ HEADER ] array (
  'accept' => 'text/vnd.wap.wml,text/html,application/vnd.wap.xhtml+xml,application/xhtml+xml',
  'accept-charset' => 'gb2312,iso8859-1,utf-8',
  'accept-encoding' => 'gzip,deflate',
  'connection' => 'close',
  'content-length' => '0',
  'host' => 'hx.le-cx.com',
  'q-ua' => 'KQB22_GA/220020&KMTT_3/200020&JV2&151920&SunMicrosystemswtk&0&4309&V3',
  'user-agent' => 'Mozilla/5.0 (Windows; U; Windows NT 5.1; zh-CN; rv:1.9b4) Gecko/2008030317 Firefox/3.0b4',
  'content-type' => '',
)
[ info ] [ PARAM ] array (
)
[ info ] [ LANG ] /www/hexiao/public/../application/index/lang/zh-cn.php
[ info ] [ BEHAVIOR ] Run app\common\behavior\Common @module_init [ RunTime:0.001843s ]
[ info ] [ BEHAVIOR ] Run \addons\nkeditor\Nkeditor @config_init [ RunTime:0.003417s ]
[ info ] [ LANG ] /www/hexiao/public/../application/index/lang/zh-cn/index.php
[ info ] [ RUN ] app\index\controller\Index->index[ /www/hexiao/application/index/controller/Index.php ]
[ info ] [ BEHAVIOR ] Run \addons\cms\Cms @response_send [ RunTime:0.000206s ]
[ info ] [ LOG ] INIT File
---------------------------------------------------------------
[ 2019-10-14T19:21:01+08:00 ] 117.136.11.193 GET hx.le-cx.com/api/Getwxuser/get_user_all?code=001aSuQi1T5W9u02qiTi1ULGQi1aSuQh
[运行时间：0.624145s] [吞吐率：1.60req/s] [内存消耗：5,512.16kb] [文件加载：128]
[ info ] [ BEHAVIOR ] Run Closure @app_init [ RunTime:0.000080s ]
[ info ] [ CACHE ] INIT File
[ info ] [ BEHAVIOR ] Run \addons\cms\Cms @app_init [ RunTime:0.004982s ]
[ info ] [ BEHAVIOR ] Run \addons\epay\Epay @app_init [ RunTime:0.000104s ]
[ info ] [ BEHAVIOR ] Run Closure @app_init [ RunTime:0.000168s ]
[ info ] [ LANG ] /www/hexiao/thinkphp/lang/zh-cn.php
[ info ] [ ROUTE ] array (
  'type' => 'module',
  'module' => 
  array (
    0 => 'api',
    1 => 'Getwxuser',
    2 => 'get_user_all',
  ),
)
[ info ] [ HEADER ] array (
  'accept' => 'application/json, text/plain, */*',
  'accept-encoding' => 'gzip',
  'accept-language' => 'zh-CN,en-US;q=0.9',
  'connection' => 'close',
  'host' => 'hx.le-cx.com',
  'referer' => 'http://hx.le-cx.com/vote/?activity_id=51&code=001aSuQi1T5W9u02qiTi1ULGQi1aSuQh&state=STATE',
  'user-agent' => 'Mozilla/5.0 (Linux; Android 8.0.0; FRD-AL10 Build/HUAWEIFRD-AL10; wv) AppleWebKit/537.36 (KHTML, like Gecko) Version/4.0 Chrome/66.0.3359.126 MQQBrowser/6.2 TBS/044904 Mobile Safari/537.36 MMWEBID/1681 MicroMessenger/7.0.6.1460(0x27000634) Process/tools NetType/4G Language/zh_CN',
  'x-forwarded-for' => '117.136.11.193',
  'x-forwarded-for-pound' => '117.136.11.193',
  'x-requested-with' => 'com.tencent.mm',
  'content-type' => '',
  'content-length' => '',
)
[ info ] [ PARAM ] array (
  'code' => '001aSuQi1T5W9u02qiTi1ULGQi1aSuQh',
)
[ info ] [ LANG ] /www/hexiao/public/../application/api/lang/zh-cn.php
[ info ] [ BEHAVIOR ] Run app\common\behavior\Common @module_init [ RunTime:0.002917s ]
[ info ] [ RUN ] app\api\controller\Getwxuser->get_user_all[ /www/hexiao/application/api/controller/Getwxuser.php ]
[ info ] [ DB ] INIT mysql
[ info ] [ BEHAVIOR ] Run \addons\cms\Cms @response_send [ RunTime:0.000151s ]
[ info ] [ LOG ] INIT File
[ sql ] [ DB ] CONNECT:[ UseTime:0.000467s ] mysql:host=127.0.0.1;port=3306;dbname=cancel;charset=utf8
[ sql ] [ SQL ] SHOW COLUMNS FROM `hx_vip` [ RunTime:0.002864s ]
[ sql ] [ SQL ] SELECT * FROM `hx_vip` WHERE  `openid` = 'ovvUKwp9w3fYszibkAAs4ncRZwvc'  AND `deletetime` IS NULL LIMIT 1 [ RunTime:0.000636s ]
---------------------------------------------------------------
[ 2019-10-14T19:21:02+08:00 ] 117.136.11.193 GET hx.le-cx.com/api/sign/getsigninfo?activity_id=51&user_id=38
[运行时间：0.049489s] [吞吐率：20.21req/s] [内存消耗：5,611.80kb] [文件加载：128]
[ info ] [ BEHAVIOR ] Run Closure @app_init [ RunTime:0.000045s ]
[ info ] [ CACHE ] INIT File
[ info ] [ BEHAVIOR ] Run \addons\cms\Cms @app_init [ RunTime:0.002437s ]
[ info ] [ BEHAVIOR ] Run \addons\epay\Epay @app_init [ RunTime:0.000118s ]
[ info ] [ BEHAVIOR ] Run Closure @app_init [ RunTime:0.000160s ]
[ info ] [ LANG ] /www/hexiao/thinkphp/lang/zh-cn.php
[ info ] [ ROUTE ] array (
  'type' => 'module',
  'module' => 
  array (
    0 => 'api',
    1 => 'sign',
    2 => 'getsigninfo',
  ),
)
[ info ] [ HEADER ] array (
  'accept' => 'application/json, text/plain, */*',
  'accept-encoding' => 'gzip',
  'accept-language' => 'zh-CN,en-US;q=0.9',
  'connection' => 'close',
  'host' => 'hx.le-cx.com',
  'referer' => 'http://hx.le-cx.com/vote/?activity_id=51&code=001aSuQi1T5W9u02qiTi1ULGQi1aSuQh&state=STATE',
  'user-agent' => 'Mozilla/5.0 (Linux; Android 8.0.0; FRD-AL10 Build/HUAWEIFRD-AL10; wv) AppleWebKit/537.36 (KHTML, like Gecko) Version/4.0 Chrome/66.0.3359.126 MQQBrowser/6.2 TBS/044904 Mobile Safari/537.36 MMWEBID/1681 MicroMessenger/7.0.6.1460(0x27000634) Process/tools NetType/4G Language/zh_CN',
  'x-forwarded-for' => '117.136.11.193',
  'x-forwarded-for-pound' => '117.136.11.193',
  'x-requested-with' => 'com.tencent.mm',
  'content-type' => '',
  'content-length' => '',
)
[ info ] [ PARAM ] array (
  'activity_id' => '51',
  'user_id' => '38',
)
[ info ] [ LANG ] /www/hexiao/public/../application/api/lang/zh-cn.php
[ info ] [ BEHAVIOR ] Run app\common\behavior\Common @module_init [ RunTime:0.001621s ]
[ info ] [ RUN ] app\api\controller\Sign->getsigninfo[ /www/hexiao/application/api/controller/Sign.php ]
[ info ] [ DB ] INIT mysql
[ info ] [ BEHAVIOR ] Run \addons\cms\Cms @response_send [ RunTime:0.000120s ]
[ info ] [ LOG ] INIT File
[ sql ] [ DB ] CONNECT:[ UseTime:0.000441s ] mysql:host=127.0.0.1;port=3306;dbname=cancel;charset=utf8
[ sql ] [ SQL ] SHOW COLUMNS FROM `hx_activity` [ RunTime:0.003351s ]
[ sql ] [ SQL ] SELECT * FROM `hx_activity` WHERE  `id` = 51  AND `deletetime` IS NULL LIMIT 1 [ RunTime:0.000782s ]
[ sql ] [ SQL ] SHOW COLUMNS FROM `hx_signlist` [ RunTime:0.001952s ]
[ sql ] [ SQL ] SELECT * FROM `hx_signlist` WHERE  `activity_id` = 51  AND `vip_id` = 38  AND `deletetime` IS NULL LIMIT 1 [ RunTime:0.000549s ]
---------------------------------------------------------------
[ 2019-10-14T19:21:02+08:00 ] 58.246.221.73 GET hx.le-cx.com/
[运行时间：0.037688s] [吞吐率：26.53req/s] [内存消耗：4,909.17kb] [文件加载：127]
[ info ] [ BEHAVIOR ] Run Closure @app_init [ RunTime:0.000042s ]
[ info ] [ CACHE ] INIT File
[ info ] [ BEHAVIOR ] Run \addons\cms\Cms @app_init [ RunTime:0.002533s ]
[ info ] [ BEHAVIOR ] Run \addons\epay\Epay @app_init [ RunTime:0.000073s ]
[ info ] [ BEHAVIOR ] Run Closure @app_init [ RunTime:0.000112s ]
[ info ] [ LANG ] /www/hexiao/thinkphp/lang/zh-cn.php
[ info ] [ ROUTE ] array (
  'type' => 'module',
  'module' => 
  array (
    0 => '',
    1 => NULL,
    2 => NULL,
  ),
)
[ info ] [ HEADER ] array (
  'accept' => 'text/vnd.wap.wml,text/html,application/vnd.wap.xhtml+xml,application/xhtml+xml',
  'accept-charset' => 'gb2312,iso8859-1,utf-8',
  'accept-encoding' => 'gzip,deflate',
  'connection' => 'close',
  'content-length' => '0',
  'host' => 'hx.le-cx.com',
  'q-ua' => 'KQB22_GA/220020&KMTT_3/200020&JV2&151920&SunMicrosystemswtk&0&4309&V3',
  'user-agent' => 'Mozilla/5.0 (Windows; U; Windows NT 5.1; zh-CN; rv:1.9b4) Gecko/2008030317 Firefox/3.0b4',
  'content-type' => '',
)
[ info ] [ PARAM ] array (
)
[ info ] [ LANG ] /www/hexiao/public/../application/index/lang/zh-cn.php
[ info ] [ BEHAVIOR ] Run app\common\behavior\Common @module_init [ RunTime:0.001766s ]
[ info ] [ BEHAVIOR ] Run \addons\nkeditor\Nkeditor @config_init [ RunTime:0.000246s ]
[ info ] [ LANG ] /www/hexiao/public/../application/index/lang/zh-cn/index.php
[ info ] [ RUN ] app\index\controller\Index->index[ /www/hexiao/application/index/controller/Index.php ]
[ info ] [ BEHAVIOR ] Run \addons\cms\Cms @response_send [ RunTime:0.000089s ]
[ info ] [ LOG ] INIT File
---------------------------------------------------------------
[ 2019-10-14T19:21:02+08:00 ] 120.204.17.69 GET hx.le-cx.com/
[运行时间：0.075178s] [吞吐率：13.30req/s] [内存消耗：4,909.17kb] [文件加载：127]
[ info ] [ BEHAVIOR ] Run Closure @app_init [ RunTime:0.000046s ]
[ info ] [ CACHE ] INIT File
[ info ] [ BEHAVIOR ] Run \addons\cms\Cms @app_init [ RunTime:0.004312s ]
[ info ] [ BEHAVIOR ] Run \addons\epay\Epay @app_init [ RunTime:0.000081s ]
[ info ] [ BEHAVIOR ] Run Closure @app_init [ RunTime:0.000119s ]
[ info ] [ LANG ] /www/hexiao/thinkphp/lang/zh-cn.php
[ info ] [ ROUTE ] array (
  'type' => 'module',
  'module' => 
  array (
    0 => '',
    1 => NULL,
    2 => NULL,
  ),
)
[ info ] [ HEADER ] array (
  'accept' => 'text/vnd.wap.wml,text/html,application/vnd.wap.xhtml+xml,application/xhtml+xml',
  'accept-charset' => 'gb2312,iso8859-1,utf-8',
  'accept-encoding' => 'gzip,deflate',
  'connection' => 'close',
  'content-length' => '0',
  'host' => 'hx.le-cx.com',
  'q-ua' => 'KQB22_GA/220020&KMTT_3/200020&JV2&151920&SunMicrosystemswtk&0&4309&V3',
  'user-agent' => 'Mozilla/5.0 (Windows; U; Windows NT 5.1; zh-CN; rv:1.9b4) Gecko/2008030317 Firefox/3.0b4',
  'content-type' => '',
)
[ info ] [ PARAM ] array (
)
[ info ] [ LANG ] /www/hexiao/public/../application/index/lang/zh-cn.php
[ info ] [ BEHAVIOR ] Run app\common\behavior\Common @module_init [ RunTime:0.001741s ]
[ info ] [ BEHAVIOR ] Run \addons\nkeditor\Nkeditor @config_init [ RunTime:0.000263s ]
[ info ] [ LANG ] /www/hexiao/public/../application/index/lang/zh-cn/index.php
[ info ] [ RUN ] app\index\controller\Index->index[ /www/hexiao/application/index/controller/Index.php ]
[ info ] [ BEHAVIOR ] Run \addons\cms\Cms @response_send [ RunTime:0.000119s ]
[ info ] [ LOG ] INIT File
---------------------------------------------------------------
[ 2019-10-14T19:21:02+08:00 ] 120.204.17.46 GET hx.le-cx.com/
[运行时间：0.086051s] [吞吐率：11.62req/s] [内存消耗：4,909.17kb] [文件加载：127]
[ info ] [ BEHAVIOR ] Run Closure @app_init [ RunTime:0.000037s ]
[ info ] [ CACHE ] INIT File
[ info ] [ BEHAVIOR ] Run \addons\cms\Cms @app_init [ RunTime:0.004141s ]
[ info ] [ BEHAVIOR ] Run \addons\epay\Epay @app_init [ RunTime:0.000081s ]
[ info ] [ BEHAVIOR ] Run Closure @app_init [ RunTime:0.000121s ]
[ info ] [ LANG ] /www/hexiao/thinkphp/lang/zh-cn.php
[ info ] [ ROUTE ] array (
  'type' => 'module',
  'module' => 
  array (
    0 => '',
    1 => NULL,
    2 => NULL,
  ),
)
[ info ] [ HEADER ] array (
  'accept' => 'text/vnd.wap.wml,text/html,application/vnd.wap.xhtml+xml,application/xhtml+xml',
  'accept-charset' => 'gb2312,iso8859-1,utf-8',
  'accept-encoding' => 'gzip,deflate',
  'connection' => 'close',
  'content-length' => '0',
  'host' => 'hx.le-cx.com',
  'q-ua' => 'KQB22_GA/220020&KMTT_3/200020&JV2&151920&SunMicrosystemswtk&0&4309&V3',
  'user-agent' => 'Mozilla/5.0 (Windows; U; Windows NT 5.1; zh-CN; rv:1.9b4) Gecko/2008030317 Firefox/3.0b4',
  'content-type' => '',
)
[ info ] [ PARAM ] array (
)
[ info ] [ LANG ] /www/hexiao/public/../application/index/lang/zh-cn.php
[ info ] [ BEHAVIOR ] Run app\common\behavior\Common @module_init [ RunTime:0.004761s ]
[ info ] [ BEHAVIOR ] Run \addons\nkeditor\Nkeditor @config_init [ RunTime:0.000256s ]
[ info ] [ LANG ] /www/hexiao/public/../application/index/lang/zh-cn/index.php
[ info ] [ RUN ] app\index\controller\Index->index[ /www/hexiao/application/index/controller/Index.php ]
[ info ] [ BEHAVIOR ] Run \addons\cms\Cms @response_send [ RunTime:0.000101s ]
[ info ] [ LOG ] INIT File
---------------------------------------------------------------
[ 2019-10-14T19:21:02+08:00 ] 117.136.11.193 GET hx.le-cx.com/api/activity/getactivityinfo?activity_id=51&openid=ovvUKwp9w3fYszibkAAs4ncRZwvc
[运行时间：0.115811s] [吞吐率：8.63req/s] [内存消耗：5,564.45kb] [文件加载：128]
[ info ] [ BEHAVIOR ] Run Closure @app_init [ RunTime:0.000044s ]
[ info ] [ CACHE ] INIT File
[ info ] [ BEHAVIOR ] Run \addons\cms\Cms @app_init [ RunTime:0.013980s ]
[ info ] [ BEHAVIOR ] Run \addons\epay\Epay @app_init [ RunTime:0.000115s ]
[ info ] [ BEHAVIOR ] Run Closure @app_init [ RunTime:0.000162s ]
[ info ] [ LANG ] /www/hexiao/thinkphp/lang/zh-cn.php
[ info ] [ ROUTE ] array (
  'type' => 'module',
  'module' => 
  array (
    0 => 'api',
    1 => 'activity',
    2 => 'getactivityinfo',
  ),
)
[ info ] [ HEADER ] array (
  'accept' => 'application/json, text/plain, */*',
  'accept-encoding' => 'gzip',
  'accept-language' => 'zh-CN,en-US;q=0.9',
  'connection' => 'close',
  'host' => 'hx.le-cx.com',
  'referer' => 'http://hx.le-cx.com/vote/?activity_id=51&code=001aSuQi1T5W9u02qiTi1ULGQi1aSuQh&state=STATE',
  'user-agent' => 'Mozilla/5.0 (Linux; Android 8.0.0; FRD-AL10 Build/HUAWEIFRD-AL10; wv) AppleWebKit/537.36 (KHTML, like Gecko) Version/4.0 Chrome/66.0.3359.126 MQQBrowser/6.2 TBS/044904 Mobile Safari/537.36 MMWEBID/1681 MicroMessenger/7.0.6.1460(0x27000634) Process/tools NetType/4G Language/zh_CN',
  'x-forwarded-for' => '117.136.11.193',
  'x-forwarded-for-pound' => '117.136.11.193',
  'x-requested-with' => 'com.tencent.mm',
  'content-type' => '',
  'content-length' => '',
)
[ info ] [ PARAM ] array (
  'activity_id' => '51',
  'openid' => 'ovvUKwp9w3fYszibkAAs4ncRZwvc',
)
[ info ] [ LANG ] /www/hexiao/public/../application/api/lang/zh-cn.php
[ info ] [ BEHAVIOR ] Run app\common\behavior\Common @module_init [ RunTime:0.003817s ]
[ info ] [ RUN ] app\api\controller\Activity->getactivityinfo[ /www/hexiao/application/api/controller/Activity.php ]
[ info ] [ DB ] INIT mysql
[ info ] [ BEHAVIOR ] Run \addons\cms\Cms @response_send [ RunTime:0.000130s ]
[ info ] [ LOG ] INIT File
[ sql ] [ DB ] CONNECT:[ UseTime:0.005113s ] mysql:host=127.0.0.1;port=3306;dbname=cancel;charset=utf8
[ sql ] [ SQL ] SHOW COLUMNS FROM `hx_activity` [ RunTime:0.001941s ]
[ sql ] [ SQL ] SELECT * FROM `hx_activity` WHERE  `id` = 51  AND `deletetime` IS NULL LIMIT 1 [ RunTime:0.000811s ]
[ sql ] [ SQL ] SHOW COLUMNS FROM `hx_paper` [ RunTime:0.005332s ]
[ sql ] [ SQL ] SELECT `id`,`papername`,`charge`,`chargenum`,`note` FROM `hx_paper` WHERE  `activity_id` = 51  AND `deletetime` IS NULL [ RunTime:0.000503s ]
[ sql ] [ SQL ] SHOW COLUMNS FROM `hx_vip` [ RunTime:0.001281s ]
[ sql ] [ SQL ] SELECT * FROM `hx_vip` WHERE  `openid` = 'ovvUKwp9w3fYszibkAAs4ncRZwvc'  AND `deletetime` IS NULL LIMIT 1 [ RunTime:0.001350s ]
[ sql ] [ SQL ] SHOW COLUMNS FROM `hx_signlist` [ RunTime:0.001322s ]
[ sql ] [ SQL ] SELECT * FROM `hx_signlist` WHERE  `activity_id` = 51  AND `vip_id` = 38  AND `deletetime` IS NULL ORDER BY `id` DESC LIMIT 1 [ RunTime:0.004546s ]
---------------------------------------------------------------
[ 2019-10-14T19:21:02+08:00 ] 120.204.17.69 GET hx.le-cx.com/
[运行时间：0.111834s] [吞吐率：8.94req/s] [内存消耗：4,909.17kb] [文件加载：127]
[ info ] [ BEHAVIOR ] Run Closure @app_init [ RunTime:0.000046s ]
[ info ] [ CACHE ] INIT File
[ info ] [ BEHAVIOR ] Run \addons\cms\Cms @app_init [ RunTime:0.010728s ]
[ info ] [ BEHAVIOR ] Run \addons\epay\Epay @app_init [ RunTime:0.000112s ]
[ info ] [ BEHAVIOR ] Run Closure @app_init [ RunTime:0.000158s ]
[ info ] [ LANG ] /www/hexiao/thinkphp/lang/zh-cn.php
[ info ] [ ROUTE ] array (
  'type' => 'module',
  'module' => 
  array (
    0 => '',
    1 => NULL,
    2 => NULL,
  ),
)
[ info ] [ HEADER ] array (
  'accept' => 'text/vnd.wap.wml,text/html,application/vnd.wap.xhtml+xml,application/xhtml+xml',
  'accept-charset' => 'gb2312,iso8859-1,utf-8',
  'accept-encoding' => 'gzip,deflate',
  'connection' => 'close',
  'content-length' => '0',
  'host' => 'hx.le-cx.com',
  'q-ua' => 'KQB22_GA/220020&KMTT_3/200020&JV2&151920&SunMicrosystemswtk&0&4309&V3',
  'user-agent' => 'Mozilla/5.0 (Windows; U; Windows NT 5.1; zh-CN; rv:1.9b4) Gecko/2008030317 Firefox/3.0b4',
  'content-type' => '',
)
[ info ] [ PARAM ] array (
)
[ info ] [ LANG ] /www/hexiao/public/../application/index/lang/zh-cn.php
[ info ] [ BEHAVIOR ] Run app\common\behavior\Common @module_init [ RunTime:0.003787s ]
[ info ] [ BEHAVIOR ] Run \addons\nkeditor\Nkeditor @config_init [ RunTime:0.000246s ]
[ info ] [ LANG ] /www/hexiao/public/../application/index/lang/zh-cn/index.php
[ info ] [ RUN ] app\index\controller\Index->index[ /www/hexiao/application/index/controller/Index.php ]
[ info ] [ BEHAVIOR ] Run \addons\cms\Cms @response_send [ RunTime:0.000121s ]
[ info ] [ LOG ] INIT File
---------------------------------------------------------------
[ 2019-10-14T19:21:02+08:00 ] 58.247.212.207 GET hx.le-cx.com/
[运行时间：0.111484s] [吞吐率：8.97req/s] [内存消耗：4,909.17kb] [文件加载：127]
[ info ] [ BEHAVIOR ] Run Closure @app_init [ RunTime:0.000040s ]
[ info ] [ CACHE ] INIT File
[ info ] [ BEHAVIOR ] Run \addons\cms\Cms @app_init [ RunTime:0.007151s ]
[ info ] [ BEHAVIOR ] Run \addons\epay\Epay @app_init [ RunTime:0.000090s ]
[ info ] [ BEHAVIOR ] Run Closure @app_init [ RunTime:0.000132s ]
[ info ] [ LANG ] /www/hexiao/thinkphp/lang/zh-cn.php
[ info ] [ ROUTE ] array (
  'type' => 'module',
  'module' => 
  array (
    0 => '',
    1 => NULL,
    2 => NULL,
  ),
)
[ info ] [ HEADER ] array (
  'accept' => 'text/vnd.wap.wml,text/html,application/vnd.wap.xhtml+xml,application/xhtml+xml',
  'accept-charset' => 'gb2312,iso8859-1,utf-8',
  'accept-encoding' => 'gzip,deflate',
  'connection' => 'close',
  'content-length' => '0',
  'host' => 'hx.le-cx.com',
  'q-ua' => 'KQB22_GA/220020&KMTT_3/200020&JV2&151920&SunMicrosystemswtk&0&4309&V3',
  'user-agent' => 'Mozilla/5.0 (Windows; U; Windows NT 5.1; zh-CN; rv:1.9b4) Gecko/2008030317 Firefox/3.0b4',
  'content-type' => '',
)
[ info ] [ PARAM ] array (
)
[ info ] [ LANG ] /www/hexiao/public/../application/index/lang/zh-cn.php
[ info ] [ BEHAVIOR ] Run app\common\behavior\Common @module_init [ RunTime:0.006716s ]
[ info ] [ BEHAVIOR ] Run \addons\nkeditor\Nkeditor @config_init [ RunTime:0.000256s ]
[ info ] [ LANG ] /www/hexiao/public/../application/index/lang/zh-cn/index.php
[ info ] [ RUN ] app\index\controller\Index->index[ /www/hexiao/application/index/controller/Index.php ]
[ info ] [ BEHAVIOR ] Run \addons\cms\Cms @response_send [ RunTime:0.000109s ]
[ info ] [ LOG ] INIT File
---------------------------------------------------------------
[ 2019-10-14T19:21:14+08:00 ] 117.136.11.193 GET hx.le-cx.com/api/Getwxuser/get_user_all?code=071AMi4U1ZCjf41ES12U1yz94U1AMi4i
[运行时间：0.484288s] [吞吐率：2.06req/s] [内存消耗：5,512.23kb] [文件加载：128]
[ info ] [ BEHAVIOR ] Run Closure @app_init [ RunTime:0.000054s ]
[ info ] [ CACHE ] INIT File
[ info ] [ BEHAVIOR ] Run \addons\cms\Cms @app_init [ RunTime:0.003781s ]
[ info ] [ BEHAVIOR ] Run \addons\epay\Epay @app_init [ RunTime:0.000115s ]
[ info ] [ BEHAVIOR ] Run Closure @app_init [ RunTime:0.000171s ]
[ info ] [ LANG ] /www/hexiao/thinkphp/lang/zh-cn.php
[ info ] [ ROUTE ] array (
  'type' => 'module',
  'module' => 
  array (
    0 => 'api',
    1 => 'Getwxuser',
    2 => 'get_user_all',
  ),
)
[ info ] [ HEADER ] array (
  'accept' => 'application/json, text/plain, */*',
  'accept-encoding' => 'gzip',
  'accept-language' => 'zh-CN,en-US;q=0.9',
  'connection' => 'close',
  'host' => 'hx.le-cx.com',
  'referer' => 'http://hx.le-cx.com/vote/?activity_id=51&code=071AMi4U1ZCjf41ES12U1yz94U1AMi4i&state=STATE',
  'user-agent' => 'Mozilla/5.0 (Linux; Android 8.0.0; FRD-AL10 Build/HUAWEIFRD-AL10; wv) AppleWebKit/537.36 (KHTML, like Gecko) Version/4.0 Chrome/66.0.3359.126 MQQBrowser/6.2 TBS/044904 Mobile Safari/537.36 MMWEBID/1681 MicroMessenger/7.0.6.1460(0x27000634) Process/tools NetType/4G Language/zh_CN',
  'x-forwarded-for' => '117.136.11.193',
  'x-forwarded-for-pound' => '117.136.11.193',
  'x-requested-with' => 'com.tencent.mm',
  'content-type' => '',
  'content-length' => '',
)
[ info ] [ PARAM ] array (
  'code' => '071AMi4U1ZCjf41ES12U1yz94U1AMi4i',
)
[ info ] [ LANG ] /www/hexiao/public/../application/api/lang/zh-cn.php
[ info ] [ BEHAVIOR ] Run app\common\behavior\Common @module_init [ RunTime:0.001615s ]
[ info ] [ RUN ] app\api\controller\Getwxuser->get_user_all[ /www/hexiao/application/api/controller/Getwxuser.php ]
[ info ] [ DB ] INIT mysql
[ info ] [ BEHAVIOR ] Run \addons\cms\Cms @response_send [ RunTime:0.000148s ]
[ info ] [ LOG ] INIT File
[ sql ] [ DB ] CONNECT:[ UseTime:0.000484s ] mysql:host=127.0.0.1;port=3306;dbname=cancel;charset=utf8
[ sql ] [ SQL ] SHOW COLUMNS FROM `hx_vip` [ RunTime:0.001677s ]
[ sql ] [ SQL ] SELECT * FROM `hx_vip` WHERE  `openid` = 'ovvUKwp9w3fYszibkAAs4ncRZwvc'  AND `deletetime` IS NULL LIMIT 1 [ RunTime:0.000563s ]
---------------------------------------------------------------
[ 2019-10-14T19:21:16+08:00 ] 117.136.11.193 GET hx.le-cx.com/api/Getwxuser/get_user_all?code=011ZQRsl0PUOZr1Jsptl0rPDsl0ZQRsT
[运行时间：0.616728s] [吞吐率：1.62req/s] [内存消耗：5,512.23kb] [文件加载：128]
[ info ] [ BEHAVIOR ] Run Closure @app_init [ RunTime:0.000041s ]
[ info ] [ CACHE ] INIT File
[ info ] [ BEHAVIOR ] Run \addons\cms\Cms @app_init [ RunTime:0.002445s ]
[ info ] [ BEHAVIOR ] Run \addons\epay\Epay @app_init [ RunTime:0.000119s ]
[ info ] [ BEHAVIOR ] Run Closure @app_init [ RunTime:0.000159s ]
[ info ] [ LANG ] /www/hexiao/thinkphp/lang/zh-cn.php
[ info ] [ ROUTE ] array (
  'type' => 'module',
  'module' => 
  array (
    0 => 'api',
    1 => 'Getwxuser',
    2 => 'get_user_all',
  ),
)
[ info ] [ HEADER ] array (
  'accept' => 'application/json, text/plain, */*',
  'accept-encoding' => 'gzip',
  'accept-language' => 'zh-CN,en-US;q=0.9',
  'connection' => 'close',
  'host' => 'hx.le-cx.com',
  'referer' => 'http://hx.le-cx.com/vote/?activity_id=51&code=011ZQRsl0PUOZr1Jsptl0rPDsl0ZQRsT&state=STATE',
  'user-agent' => 'Mozilla/5.0 (Linux; Android 8.0.0; FRD-AL10 Build/HUAWEIFRD-AL10; wv) AppleWebKit/537.36 (KHTML, like Gecko) Version/4.0 Chrome/66.0.3359.126 MQQBrowser/6.2 TBS/044904 Mobile Safari/537.36 MMWEBID/1681 MicroMessenger/7.0.6.1460(0x27000634) Process/tools NetType/4G Language/zh_CN',
  'x-forwarded-for' => '117.136.11.193',
  'x-forwarded-for-pound' => '117.136.11.193',
  'x-requested-with' => 'com.tencent.mm',
  'content-type' => '',
  'content-length' => '',
)
[ info ] [ PARAM ] array (
  'code' => '011ZQRsl0PUOZr1Jsptl0rPDsl0ZQRsT',
)
[ info ] [ LANG ] /www/hexiao/public/../application/api/lang/zh-cn.php
[ info ] [ BEHAVIOR ] Run app\common\behavior\Common @module_init [ RunTime:0.001909s ]
[ info ] [ RUN ] app\api\controller\Getwxuser->get_user_all[ /www/hexiao/application/api/controller/Getwxuser.php ]
[ info ] [ DB ] INIT mysql
[ info ] [ BEHAVIOR ] Run \addons\cms\Cms @response_send [ RunTime:0.000129s ]
[ info ] [ LOG ] INIT File
[ sql ] [ DB ] CONNECT:[ UseTime:0.000527s ] mysql:host=127.0.0.1;port=3306;dbname=cancel;charset=utf8
[ sql ] [ SQL ] SHOW COLUMNS FROM `hx_vip` [ RunTime:0.001632s ]
[ sql ] [ SQL ] SELECT * FROM `hx_vip` WHERE  `openid` = 'ovvUKwp9w3fYszibkAAs4ncRZwvc'  AND `deletetime` IS NULL LIMIT 1 [ RunTime:0.000550s ]
---------------------------------------------------------------
[ 2019-10-14T19:21:16+08:00 ] 117.136.11.193 GET hx.le-cx.com/api/sign/getsigninfo?activity_id=51&user_id=38
[运行时间：0.050660s] [吞吐率：19.74req/s] [内存消耗：5,611.80kb] [文件加载：128]
[ info ] [ BEHAVIOR ] Run Closure @app_init [ RunTime:0.000042s ]
[ info ] [ CACHE ] INIT File
[ info ] [ BEHAVIOR ] Run \addons\cms\Cms @app_init [ RunTime:0.002745s ]
[ info ] [ BEHAVIOR ] Run \addons\epay\Epay @app_init [ RunTime:0.000095s ]
[ info ] [ BEHAVIOR ] Run Closure @app_init [ RunTime:0.000136s ]
[ info ] [ LANG ] /www/hexiao/thinkphp/lang/zh-cn.php
[ info ] [ ROUTE ] array (
  'type' => 'module',
  'module' => 
  array (
    0 => 'api',
    1 => 'sign',
    2 => 'getsigninfo',
  ),
)
[ info ] [ HEADER ] array (
  'accept' => 'application/json, text/plain, */*',
  'accept-encoding' => 'gzip',
  'accept-language' => 'zh-CN,en-US;q=0.9',
  'connection' => 'close',
  'host' => 'hx.le-cx.com',
  'referer' => 'http://hx.le-cx.com/vote/?activity_id=51&code=011ZQRsl0PUOZr1Jsptl0rPDsl0ZQRsT&state=STATE',
  'user-agent' => 'Mozilla/5.0 (Linux; Android 8.0.0; FRD-AL10 Build/HUAWEIFRD-AL10; wv) AppleWebKit/537.36 (KHTML, like Gecko) Version/4.0 Chrome/66.0.3359.126 MQQBrowser/6.2 TBS/044904 Mobile Safari/537.36 MMWEBID/1681 MicroMessenger/7.0.6.1460(0x27000634) Process/tools NetType/4G Language/zh_CN',
  'x-forwarded-for' => '117.136.11.193',
  'x-forwarded-for-pound' => '117.136.11.193',
  'x-requested-with' => 'com.tencent.mm',
  'content-type' => '',
  'content-length' => '',
)
[ info ] [ PARAM ] array (
  'activity_id' => '51',
  'user_id' => '38',
)
[ info ] [ LANG ] /www/hexiao/public/../application/api/lang/zh-cn.php
[ info ] [ BEHAVIOR ] Run app\common\behavior\Common @module_init [ RunTime:0.001682s ]
[ info ] [ RUN ] app\api\controller\Sign->getsigninfo[ /www/hexiao/application/api/controller/Sign.php ]
[ info ] [ DB ] INIT mysql
[ info ] [ BEHAVIOR ] Run \addons\cms\Cms @response_send [ RunTime:0.000114s ]
[ info ] [ LOG ] INIT File
[ sql ] [ DB ] CONNECT:[ UseTime:0.000473s ] mysql:host=127.0.0.1;port=3306;dbname=cancel;charset=utf8
[ sql ] [ SQL ] SHOW COLUMNS FROM `hx_activity` [ RunTime:0.001940s ]
[ sql ] [ SQL ] SELECT * FROM `hx_activity` WHERE  `id` = 51  AND `deletetime` IS NULL LIMIT 1 [ RunTime:0.001025s ]
[ sql ] [ SQL ] SHOW COLUMNS FROM `hx_signlist` [ RunTime:0.001520s ]
[ sql ] [ SQL ] SELECT * FROM `hx_signlist` WHERE  `activity_id` = 51  AND `vip_id` = 38  AND `deletetime` IS NULL LIMIT 1 [ RunTime:0.000584s ]
---------------------------------------------------------------
[ 2019-10-14T19:21:16+08:00 ] 117.136.11.193 GET hx.le-cx.com/api/activity/getactivityinfo?activity_id=51&openid=ovvUKwp9w3fYszibkAAs4ncRZwvc
[运行时间：0.054117s] [吞吐率：18.48req/s] [内存消耗：5,564.45kb] [文件加载：128]
[ info ] [ BEHAVIOR ] Run Closure @app_init [ RunTime:0.000044s ]
[ info ] [ CACHE ] INIT File
[ info ] [ BEHAVIOR ] Run \addons\cms\Cms @app_init [ RunTime:0.002421s ]
[ info ] [ BEHAVIOR ] Run \addons\epay\Epay @app_init [ RunTime:0.000073s ]
[ info ] [ BEHAVIOR ] Run Closure @app_init [ RunTime:0.000111s ]
[ info ] [ LANG ] /www/hexiao/thinkphp/lang/zh-cn.php
[ info ] [ ROUTE ] array (
  'type' => 'module',
  'module' => 
  array (
    0 => 'api',
    1 => 'activity',
    2 => 'getactivityinfo',
  ),
)
[ info ] [ HEADER ] array (
  'accept' => 'application/json, text/plain, */*',
  'accept-encoding' => 'gzip',
  'accept-language' => 'zh-CN,en-US;q=0.9',
  'connection' => 'close',
  'host' => 'hx.le-cx.com',
  'referer' => 'http://hx.le-cx.com/vote/?activity_id=51&code=011ZQRsl0PUOZr1Jsptl0rPDsl0ZQRsT&state=STATE',
  'user-agent' => 'Mozilla/5.0 (Linux; Android 8.0.0; FRD-AL10 Build/HUAWEIFRD-AL10; wv) AppleWebKit/537.36 (KHTML, like Gecko) Version/4.0 Chrome/66.0.3359.126 MQQBrowser/6.2 TBS/044904 Mobile Safari/537.36 MMWEBID/1681 MicroMessenger/7.0.6.1460(0x27000634) Process/tools NetType/4G Language/zh_CN',
  'x-forwarded-for' => '117.136.11.193',
  'x-forwarded-for-pound' => '117.136.11.193',
  'x-requested-with' => 'com.tencent.mm',
  'content-type' => '',
  'content-length' => '',
)
[ info ] [ PARAM ] array (
  'activity_id' => '51',
  'openid' => 'ovvUKwp9w3fYszibkAAs4ncRZwvc',
)
[ info ] [ LANG ] /www/hexiao/public/../application/api/lang/zh-cn.php
[ info ] [ BEHAVIOR ] Run app\common\behavior\Common @module_init [ RunTime:0.001897s ]
[ info ] [ RUN ] app\api\controller\Activity->getactivityinfo[ /www/hexiao/application/api/controller/Activity.php ]
[ info ] [ DB ] INIT mysql
[ info ] [ BEHAVIOR ] Run \addons\cms\Cms @response_send [ RunTime:0.000140s ]
[ info ] [ LOG ] INIT File
[ sql ] [ DB ] CONNECT:[ UseTime:0.000490s ] mysql:host=127.0.0.1;port=3306;dbname=cancel;charset=utf8
[ sql ] [ SQL ] SHOW COLUMNS FROM `hx_activity` [ RunTime:0.001850s ]
[ sql ] [ SQL ] SELECT * FROM `hx_activity` WHERE  `id` = 51  AND `deletetime` IS NULL LIMIT 1 [ RunTime:0.000823s ]
[ sql ] [ SQL ] SHOW COLUMNS FROM `hx_paper` [ RunTime:0.001315s ]
[ sql ] [ SQL ] SELECT `id`,`papername`,`charge`,`chargenum`,`note` FROM `hx_paper` WHERE  `activity_id` = 51  AND `deletetime` IS NULL [ RunTime:0.000741s ]
[ sql ] [ SQL ] SHOW COLUMNS FROM `hx_vip` [ RunTime:0.001525s ]
[ sql ] [ SQL ] SELECT * FROM `hx_vip` WHERE  `openid` = 'ovvUKwp9w3fYszibkAAs4ncRZwvc'  AND `deletetime` IS NULL LIMIT 1 [ RunTime:0.000409s ]
[ sql ] [ SQL ] SHOW COLUMNS FROM `hx_signlist` [ RunTime:0.001364s ]
[ sql ] [ SQL ] SELECT * FROM `hx_signlist` WHERE  `activity_id` = 51  AND `vip_id` = 38  AND `deletetime` IS NULL ORDER BY `id` DESC LIMIT 1 [ RunTime:0.000658s ]
---------------------------------------------------------------
[ 2019-10-14T20:56:53+08:00 ] 101.132.155.88 GET hx.le-cx.com/
[运行时间：0.085750s] [吞吐率：11.66req/s] [内存消耗：4,907.18kb] [文件加载：127]
[ info ] [ BEHAVIOR ] Run Closure @app_init [ RunTime:0.000058s ]
[ info ] [ CACHE ] INIT File
[ info ] [ BEHAVIOR ] Run \addons\cms\Cms @app_init [ RunTime:0.004532s ]
[ info ] [ BEHAVIOR ] Run \addons\epay\Epay @app_init [ RunTime:0.000107s ]
[ info ] [ BEHAVIOR ] Run Closure @app_init [ RunTime:0.000151s ]
[ info ] [ LANG ] /www/hexiao/thinkphp/lang/zh-cn.php
[ info ] [ ROUTE ] array (
  'type' => 'module',
  'module' => 
  array (
    0 => '',
    1 => NULL,
    2 => NULL,
  ),
)
[ info ] [ HEADER ] array (
  'user-agent' => 'Mozilla/5.0 (X11; Ubuntu; Linux x86_64; rv:36.0) Gecko/20100101 Firefox/36.0',
  'host' => 'hx.le-cx.com',
  'connection' => 'Keep-Alive',
  'accept-encoding' => 'gzip',
  'content-type' => '',
  'content-length' => '',
)
[ info ] [ PARAM ] array (
)
[ info ] [ LANG ] /www/hexiao/public/../application/index/lang/zh-cn.php
[ info ] [ BEHAVIOR ] Run app\common\behavior\Common @module_init [ RunTime:0.002825s ]
[ info ] [ BEHAVIOR ] Run \addons\nkeditor\Nkeditor @config_init [ RunTime:0.000468s ]
[ info ] [ LANG ] /www/hexiao/public/../application/index/lang/zh-cn/index.php
[ info ] [ RUN ] app\index\controller\Index->index[ /www/hexiao/application/index/controller/Index.php ]
[ info ] [ BEHAVIOR ] Run \addons\cms\Cms @response_send [ RunTime:0.000105s ]
[ info ] [ LOG ] INIT File
---------------------------------------------------------------
[ 2019-10-14T20:56:53+08:00 ] 101.132.155.88 GET hx.le-cx.com/index.php/admin/index/login
[运行时间：0.054531s] [吞吐率：18.34req/s] [内存消耗：5,451.13kb] [文件加载：133]
[ info ] [ BEHAVIOR ] Run Closure @app_init [ RunTime:0.000043s ]
[ info ] [ CACHE ] INIT File
[ info ] [ BEHAVIOR ] Run \addons\cms\Cms @app_init [ RunTime:0.002601s ]
[ info ] [ BEHAVIOR ] Run \addons\epay\Epay @app_init [ RunTime:0.000076s ]
[ info ] [ BEHAVIOR ] Run Closure @app_init [ RunTime:0.000157s ]
[ info ] [ LANG ] /www/hexiao/thinkphp/lang/zh-cn.php
[ info ] [ ROUTE ] array (
  'type' => 'module',
  'module' => 
  array (
    0 => 'admin',
    1 => 'index',
    2 => 'login',
  ),
)
[ info ] [ HEADER ] array (
  'user-agent' => 'Mozilla/5.0 (X11; Ubuntu; Linux x86_64; rv:36.0) Gecko/20100101 Firefox/36.0',
  'host' => 'hx.le-cx.com',
  'connection' => 'Keep-Alive',
  'accept-encoding' => 'gzip',
  'content-type' => '',
  'content-length' => '',
)
[ info ] [ PARAM ] array (
)
[ info ] [ LANG ] /www/hexiao/public/../application/admin/lang/zh-cn.php
[ info ] [ BEHAVIOR ] Run app\common\behavior\Common @module_init [ RunTime:0.001746s ]
[ info ] [ SESSION ] INIT array (
  'id' => '',
  'var_session_id' => '',
  'prefix' => 'think',
  'type' => '',
  'auto_start' => true,
)
[ info ] [ BEHAVIOR ] Run \addons\nkeditor\Nkeditor @config_init [ RunTime:0.000285s ]
[ info ] [ LANG ] /www/hexiao/public/../application/admin/lang/zh-cn/index.php
[ info ] [ RUN ] app\admin\controller\Index->login[ /www/hexiao/application/admin/controller/Index.php ]
[ info ] [ VIEW ] /www/hexiao/public/../application/admin/view/index/login.html [ array (
  0 => 'breadcrumb',
  1 => 'site',
  2 => 'config',
  3 => 'auth',
  4 => 'admin',
  5 => 'background',
  6 => 'title',
) ]
[ info ] [ BEHAVIOR ] Run app\admin\behavior\AdminLog @app_end [ RunTime:0.000622s ]
[ info ] [ BEHAVIOR ] Run \addons\cms\Cms @response_send [ RunTime:0.000120s ]
[ info ] [ LOG ] INIT File
