---------------------------------------------------------------
[ 2019-10-22T08:43:41+08:00 ] 47.101.192.177 GET hx.le-cx.com/
[运行时间：0.098251s] [吞吐率：10.18req/s] [内存消耗：4,907.17kb] [文件加载：127]
[ info ] [ BEHAVIOR ] Run Closure @app_init [ RunTime:0.000052s ]
[ info ] [ CACHE ] INIT File
[ info ] [ BEHAVIOR ] Run \addons\cms\Cms @app_init [ RunTime:0.004989s ]
[ info ] [ BEHAVIOR ] Run \addons\epay\Epay @app_init [ RunTime:0.000087s ]
[ info ] [ BEHAVIOR ] Run Closure @app_init [ RunTime:0.000128s ]
[ info ] [ LANG ] /www/hexiao/thinkphp/lang/zh-cn.php
[ info ] [ ROUTE ] array (
  'type' => 'module',
  'module' => 
  array (
    0 => '',
    1 => NULL,
    2 => NULL,
  ),
)
[ info ] [ HEADER ] array (
  'user-agent' => 'Mozilla/5.0 (X11; Ubuntu; Linux x86_64; rv:36.0) Gecko/20100101 Firefox/36.0',
  'host' => 'hx.le-cx.com',
  'connection' => 'Keep-Alive',
  'accept-encoding' => 'gzip',
  'content-type' => '',
  'content-length' => '',
)
[ info ] [ PARAM ] array (
)
[ info ] [ LANG ] /www/hexiao/public/../application/index/lang/zh-cn.php
[ info ] [ BEHAVIOR ] Run app\common\behavior\Common @module_init [ RunTime:0.003036s ]
[ info ] [ BEHAVIOR ] Run \addons\nkeditor\Nkeditor @config_init [ RunTime:0.000457s ]
[ info ] [ LANG ] /www/hexiao/public/../application/index/lang/zh-cn/index.php
[ info ] [ RUN ] app\index\controller\Index->index[ /www/hexiao/application/index/controller/Index.php ]
[ info ] [ BEHAVIOR ] Run \addons\cms\Cms @response_send [ RunTime:0.000101s ]
[ info ] [ LOG ] INIT File
---------------------------------------------------------------
[ 2019-10-22T08:43:41+08:00 ] 47.101.192.177 GET hx.le-cx.com/index.php/admin/index/login
[运行时间：0.056221s] [吞吐率：17.79req/s] [内存消耗：5,450.98kb] [文件加载：133]
[ info ] [ BEHAVIOR ] Run Closure @app_init [ RunTime:0.000046s ]
[ info ] [ CACHE ] INIT File
[ info ] [ BEHAVIOR ] Run \addons\cms\Cms @app_init [ RunTime:0.002971s ]
[ info ] [ BEHAVIOR ] Run \addons\epay\Epay @app_init [ RunTime:0.000091s ]
[ info ] [ BEHAVIOR ] Run Closure @app_init [ RunTime:0.000139s ]
[ info ] [ LANG ] /www/hexiao/thinkphp/lang/zh-cn.php
[ info ] [ ROUTE ] array (
  'type' => 'module',
  'module' => 
  array (
    0 => 'admin',
    1 => 'index',
    2 => 'login',
  ),
)
[ info ] [ HEADER ] array (
  'user-agent' => 'Mozilla/5.0 (X11; Ubuntu; Linux x86_64; rv:36.0) Gecko/20100101 Firefox/36.0',
  'host' => 'hx.le-cx.com',
  'connection' => 'Keep-Alive',
  'accept-encoding' => 'gzip',
  'content-type' => '',
  'content-length' => '',
)
[ info ] [ PARAM ] array (
)
[ info ] [ LANG ] /www/hexiao/public/../application/admin/lang/zh-cn.php
[ info ] [ BEHAVIOR ] Run app\common\behavior\Common @module_init [ RunTime:0.001802s ]
[ info ] [ SESSION ] INIT array (
  'id' => '',
  'var_session_id' => '',
  'prefix' => 'think',
  'type' => '',
  'auto_start' => true,
)
[ info ] [ BEHAVIOR ] Run \addons\nkeditor\Nkeditor @config_init [ RunTime:0.000268s ]
[ info ] [ LANG ] /www/hexiao/public/../application/admin/lang/zh-cn/index.php
[ info ] [ RUN ] app\admin\controller\Index->login[ /www/hexiao/application/admin/controller/Index.php ]
[ info ] [ VIEW ] /www/hexiao/public/../application/admin/view/index/login.html [ array (
  0 => 'breadcrumb',
  1 => 'site',
  2 => 'config',
  3 => 'auth',
  4 => 'admin',
  5 => 'background',
  6 => 'title',
) ]
[ info ] [ BEHAVIOR ] Run app\admin\behavior\AdminLog @app_end [ RunTime:0.000951s ]
[ info ] [ BEHAVIOR ] Run \addons\cms\Cms @response_send [ RunTime:0.000154s ]
[ info ] [ LOG ] INIT File
---------------------------------------------------------------
[ 2019-10-22T10:22:18+08:00 ] 110.81.125.40 GET hx.le-cx.com/
[运行时间：0.100801s] [吞吐率：9.92req/s] [内存消耗：4,909.20kb] [文件加载：127]
[ info ] [ BEHAVIOR ] Run Closure @app_init [ RunTime:0.000104s ]
[ info ] [ CACHE ] INIT File
[ info ] [ BEHAVIOR ] Run \addons\cms\Cms @app_init [ RunTime:0.005219s ]
[ info ] [ BEHAVIOR ] Run \addons\epay\Epay @app_init [ RunTime:0.000129s ]
[ info ] [ BEHAVIOR ] Run Closure @app_init [ RunTime:0.000187s ]
[ info ] [ LANG ] /www/hexiao/thinkphp/lang/zh-cn.php
[ info ] [ ROUTE ] array (
  'type' => 'module',
  'module' => 
  array (
    0 => '',
    1 => NULL,
    2 => NULL,
  ),
)
[ info ] [ HEADER ] array (
  'host' => 'hx.le-cx.com',
  'connection' => 'keep-alive',
  'upgrade-insecure-requests' => '1',
  'user-agent' => 'Mozilla/5.0 (Macintosh; Intel Mac OS X 10_13_3) AppleWebKit/537.36 (KHTML, like Gecko) Chrome/77.0.3865.120 Safari/537.36',
  'accept' => 'text/html,application/xhtml+xml,application/xml;q=0.9,image/webp,image/apng,*/*;q=0.8,application/signed-exchange;v=b3',
  'purpose' => 'prefetch',
  'accept-encoding' => 'gzip, deflate',
  'accept-language' => 'zh-CN,zh;q=0.9,en;q=0.8',
  'content-type' => '',
  'content-length' => '',
)
[ info ] [ PARAM ] array (
)
[ info ] [ LANG ] /www/hexiao/public/../application/index/lang/zh-cn.php
[ info ] [ BEHAVIOR ] Run app\common\behavior\Common @module_init [ RunTime:0.005047s ]
[ info ] [ BEHAVIOR ] Run \addons\nkeditor\Nkeditor @config_init [ RunTime:0.000454s ]
[ info ] [ LANG ] /www/hexiao/public/../application/index/lang/zh-cn/index.php
[ info ] [ RUN ] app\index\controller\Index->index[ /www/hexiao/application/index/controller/Index.php ]
[ info ] [ BEHAVIOR ] Run \addons\cms\Cms @response_send [ RunTime:0.000121s ]
[ info ] [ LOG ] INIT File
---------------------------------------------------------------
[ 2019-10-22T10:22:18+08:00 ] 110.81.125.40 GET hx.le-cx.com/index.php/admin/index/login
[运行时间：0.060629s] [吞吐率：16.49req/s] [内存消耗：5,452.78kb] [文件加载：133]
[ info ] [ BEHAVIOR ] Run Closure @app_init [ RunTime:0.000043s ]
[ info ] [ CACHE ] INIT File
[ info ] [ BEHAVIOR ] Run \addons\cms\Cms @app_init [ RunTime:0.002570s ]
[ info ] [ BEHAVIOR ] Run \addons\epay\Epay @app_init [ RunTime:0.000073s ]
[ info ] [ BEHAVIOR ] Run Closure @app_init [ RunTime:0.000108s ]
[ info ] [ LANG ] /www/hexiao/thinkphp/lang/zh-cn.php
[ info ] [ ROUTE ] array (
  'type' => 'module',
  'module' => 
  array (
    0 => 'admin',
    1 => 'index',
    2 => 'login',
  ),
)
[ info ] [ HEADER ] array (
  'host' => 'hx.le-cx.com',
  'connection' => 'keep-alive',
  'upgrade-insecure-requests' => '1',
  'user-agent' => 'Mozilla/5.0 (Macintosh; Intel Mac OS X 10_13_3) AppleWebKit/537.36 (KHTML, like Gecko) Chrome/77.0.3865.120 Safari/537.36',
  'accept' => 'text/html,application/xhtml+xml,application/xml;q=0.9,image/webp,image/apng,*/*;q=0.8,application/signed-exchange;v=b3',
  'purpose' => 'prefetch',
  'accept-encoding' => 'gzip, deflate',
  'accept-language' => 'zh-CN,zh;q=0.9,en;q=0.8',
  'content-type' => '',
  'content-length' => '',
)
[ info ] [ PARAM ] array (
)
[ info ] [ LANG ] /www/hexiao/public/../application/admin/lang/zh-cn.php
[ info ] [ BEHAVIOR ] Run app\common\behavior\Common @module_init [ RunTime:0.001782s ]
[ info ] [ SESSION ] INIT array (
  'id' => '',
  'var_session_id' => '',
  'prefix' => 'think',
  'type' => '',
  'auto_start' => true,
)
[ info ] [ BEHAVIOR ] Run \addons\nkeditor\Nkeditor @config_init [ RunTime:0.000274s ]
[ info ] [ LANG ] /www/hexiao/public/../application/admin/lang/zh-cn/index.php
[ info ] [ RUN ] app\admin\controller\Index->login[ /www/hexiao/application/admin/controller/Index.php ]
[ info ] [ VIEW ] /www/hexiao/public/../application/admin/view/index/login.html [ array (
  0 => 'breadcrumb',
  1 => 'site',
  2 => 'config',
  3 => 'auth',
  4 => 'admin',
  5 => 'background',
  6 => 'title',
) ]
[ info ] [ BEHAVIOR ] Run app\admin\behavior\AdminLog @app_end [ RunTime:0.000587s ]
[ info ] [ BEHAVIOR ] Run \addons\cms\Cms @response_send [ RunTime:0.000137s ]
[ info ] [ LOG ] INIT File
---------------------------------------------------------------
[ 2019-10-22T10:22:19+08:00 ] 110.81.125.40 GET hx.le-cx.com/index.php/admin/index/login
[运行时间：0.046262s] [吞吐率：21.62req/s] [内存消耗：5,452.73kb] [文件加载：133]
[ info ] [ BEHAVIOR ] Run Closure @app_init [ RunTime:0.000134s ]
[ info ] [ CACHE ] INIT File
[ info ] [ BEHAVIOR ] Run \addons\cms\Cms @app_init [ RunTime:0.002704s ]
[ info ] [ BEHAVIOR ] Run \addons\epay\Epay @app_init [ RunTime:0.000086s ]
[ info ] [ BEHAVIOR ] Run Closure @app_init [ RunTime:0.000124s ]
[ info ] [ LANG ] /www/hexiao/thinkphp/lang/zh-cn.php
[ info ] [ ROUTE ] array (
  'type' => 'module',
  'module' => 
  array (
    0 => 'admin',
    1 => 'index',
    2 => 'login',
  ),
)
[ info ] [ HEADER ] array (
  'host' => 'hx.le-cx.com',
  'connection' => 'keep-alive',
  'upgrade-insecure-requests' => '1',
  'user-agent' => 'Mozilla/5.0 (Macintosh; Intel Mac OS X 10_13_3) AppleWebKit/537.36 (KHTML, like Gecko) Chrome/77.0.3865.120 Safari/537.36',
  'accept' => 'text/html,application/xhtml+xml,application/xml;q=0.9,image/webp,image/apng,*/*;q=0.8,application/signed-exchange;v=b3',
  'accept-encoding' => 'gzip, deflate',
  'accept-language' => 'zh-CN,zh;q=0.9,en;q=0.8',
  'cookie' => 'PHPSESSID=fjgnhh2uouuqnrkr892rmo64c2',
  'content-type' => '',
  'content-length' => '',
)
[ info ] [ PARAM ] array (
)
[ info ] [ LANG ] /www/hexiao/public/../application/admin/lang/zh-cn.php
[ info ] [ BEHAVIOR ] Run app\common\behavior\Common @module_init [ RunTime:0.001802s ]
[ info ] [ SESSION ] INIT array (
  'id' => '',
  'var_session_id' => '',
  'prefix' => 'think',
  'type' => '',
  'auto_start' => true,
)
[ info ] [ BEHAVIOR ] Run \addons\nkeditor\Nkeditor @config_init [ RunTime:0.000260s ]
[ info ] [ LANG ] /www/hexiao/public/../application/admin/lang/zh-cn/index.php
[ info ] [ RUN ] app\admin\controller\Index->login[ /www/hexiao/application/admin/controller/Index.php ]
[ info ] [ VIEW ] /www/hexiao/public/../application/admin/view/index/login.html [ array (
  0 => 'breadcrumb',
  1 => 'site',
  2 => 'config',
  3 => 'auth',
  4 => 'admin',
  5 => 'background',
  6 => 'title',
) ]
[ info ] [ BEHAVIOR ] Run app\admin\behavior\AdminLog @app_end [ RunTime:0.000138s ]
[ info ] [ BEHAVIOR ] Run \addons\cms\Cms @response_send [ RunTime:0.000105s ]
[ info ] [ LOG ] INIT File
---------------------------------------------------------------
[ 2019-10-22T10:22:20+08:00 ] 110.81.125.40 GET hx.le-cx.com/index.php/admin/ajax/lang?callback=define&controllername=index&v=1571710939
[运行时间：0.046975s] [吞吐率：21.29req/s] [内存消耗：5,473.51kb] [文件加载：133]
[ info ] [ BEHAVIOR ] Run Closure @app_init [ RunTime:0.000042s ]
[ info ] [ CACHE ] INIT File
[ info ] [ BEHAVIOR ] Run \addons\cms\Cms @app_init [ RunTime:0.002661s ]
[ info ] [ BEHAVIOR ] Run \addons\epay\Epay @app_init [ RunTime:0.000080s ]
[ info ] [ BEHAVIOR ] Run Closure @app_init [ RunTime:0.000118s ]
[ info ] [ LANG ] /www/hexiao/thinkphp/lang/zh-cn.php
[ info ] [ ROUTE ] array (
  'type' => 'module',
  'module' => 
  array (
    0 => 'admin',
    1 => 'ajax',
    2 => 'lang',
  ),
)
[ info ] [ HEADER ] array (
  'host' => 'hx.le-cx.com',
  'connection' => 'keep-alive',
  'user-agent' => 'Mozilla/5.0 (Macintosh; Intel Mac OS X 10_13_3) AppleWebKit/537.36 (KHTML, like Gecko) Chrome/77.0.3865.120 Safari/537.36',
  'accept' => '*/*',
  'referer' => 'http://hx.le-cx.com/index.php/admin/index/login',
  'accept-encoding' => 'gzip, deflate',
  'accept-language' => 'zh-CN,zh;q=0.9,en;q=0.8',
  'cookie' => 'PHPSESSID=fjgnhh2uouuqnrkr892rmo64c2',
  'content-type' => '',
  'content-length' => '',
)
[ info ] [ PARAM ] array (
  'callback' => 'define',
  'controllername' => 'index',
  'v' => '1571710939',
)
[ info ] [ LANG ] /www/hexiao/public/../application/admin/lang/zh-cn.php
[ info ] [ BEHAVIOR ] Run app\common\behavior\Common @module_init [ RunTime:0.001871s ]
[ info ] [ SESSION ] INIT array (
  'id' => '',
  'var_session_id' => '',
  'prefix' => 'think',
  'type' => '',
  'auto_start' => true,
)
[ info ] [ BEHAVIOR ] Run \addons\nkeditor\Nkeditor @config_init [ RunTime:0.000281s ]
[ info ] [ LANG ] /www/hexiao/public/../application/admin/lang/zh-cn/ajax.php
[ info ] [ RUN ] app\admin\controller\Ajax->lang[ /www/hexiao/application/admin/controller/Ajax.php ]
[ info ] [ LANG ] /www/hexiao/public/../application/admin/lang/zh-cn/index.php
[ info ] [ BEHAVIOR ] Run app\admin\behavior\AdminLog @app_end [ RunTime:0.000136s ]
[ info ] [ BEHAVIOR ] Run \addons\cms\Cms @response_send [ RunTime:0.000330s ]
[ info ] [ LOG ] INIT File
---------------------------------------------------------------
[ 2019-10-22T10:22:23+08:00 ] 110.81.125.40 POST hx.le-cx.com/index.php/admin/index/login
[运行时间：0.082898s] [吞吐率：12.06req/s] [内存消耗：6,870.00kb] [文件加载：142]
[ info ] [ BEHAVIOR ] Run Closure @app_init [ RunTime:0.000046s ]
[ info ] [ CACHE ] INIT File
[ info ] [ BEHAVIOR ] Run \addons\cms\Cms @app_init [ RunTime:0.002652s ]
[ info ] [ BEHAVIOR ] Run \addons\epay\Epay @app_init [ RunTime:0.000075s ]
[ info ] [ BEHAVIOR ] Run Closure @app_init [ RunTime:0.000113s ]
[ info ] [ LANG ] /www/hexiao/thinkphp/lang/zh-cn.php
[ info ] [ ROUTE ] array (
  'type' => 'module',
  'module' => 
  array (
    0 => 'admin',
    1 => 'index',
    2 => 'login',
  ),
)
[ info ] [ HEADER ] array (
  'host' => 'hx.le-cx.com',
  'connection' => 'keep-alive',
  'content-length' => '73',
  'cache-control' => 'max-age=0',
  'origin' => 'http://hx.le-cx.com',
  'upgrade-insecure-requests' => '1',
  'content-type' => 'application/x-www-form-urlencoded',
  'user-agent' => 'Mozilla/5.0 (Macintosh; Intel Mac OS X 10_13_3) AppleWebKit/537.36 (KHTML, like Gecko) Chrome/77.0.3865.120 Safari/537.36',
  'accept' => 'text/html,application/xhtml+xml,application/xml;q=0.9,image/webp,image/apng,*/*;q=0.8,application/signed-exchange;v=b3',
  'referer' => 'http://hx.le-cx.com/index.php/admin/index/login',
  'accept-encoding' => 'gzip, deflate',
  'accept-language' => 'zh-CN,zh;q=0.9,en;q=0.8',
  'cookie' => 'PHPSESSID=fjgnhh2uouuqnrkr892rmo64c2',
)
[ info ] [ PARAM ] array (
  '__token__' => '244cbee16f5afe65023bc71129015522',
  'username' => 'admin',
  'password' => '123456',
)
[ info ] [ LANG ] /www/hexiao/public/../application/admin/lang/zh-cn.php
[ info ] [ BEHAVIOR ] Run app\common\behavior\Common @module_init [ RunTime:0.001686s ]
[ info ] [ SESSION ] INIT array (
  'id' => '',
  'var_session_id' => '',
  'prefix' => 'think',
  'type' => '',
  'auto_start' => true,
)
[ info ] [ BEHAVIOR ] Run \addons\nkeditor\Nkeditor @config_init [ RunTime:0.000245s ]
[ info ] [ LANG ] /www/hexiao/public/../application/admin/lang/zh-cn/index.php
[ info ] [ RUN ] app\admin\controller\Index->login[ /www/hexiao/application/admin/controller/Index.php ]
[ info ] [ DB ] INIT mysql
[ info ] [ VIEW ] /www/hexiao/public/../application/common/view/tpl/dispatch_jump.tpl [ array (
  0 => 'breadcrumb',
  1 => 'site',
  2 => 'config',
  3 => 'auth',
  4 => 'admin',
  5 => 'code',
  6 => 'msg',
  7 => 'data',
  8 => 'url',
  9 => 'wait',
) ]
[ info ] [ BEHAVIOR ] Run app\admin\behavior\AdminLog @app_end [ RunTime:0.011198s ]
[ info ] [ BEHAVIOR ] Run \addons\cms\Cms @response_send [ RunTime:0.000158s ]
[ info ] [ LOG ] INIT File
[ sql ] [ DB ] CONNECT:[ UseTime:0.001315s ] mysql:host=127.0.0.1;port=3306;dbname=cancel;charset=utf8
[ sql ] [ SQL ] SHOW COLUMNS FROM `hx_admin` [ RunTime:0.003038s ]
[ sql ] [ SQL ] SELECT * FROM `hx_admin` WHERE  `username` = 'admin' LIMIT 1 [ RunTime:0.002801s ]
[ sql ] [ SQL ] UPDATE `hx_admin`  SET `logintime`=1571710943,`token`='c8fb32ba-b4f0-40d2-826e-99110184647b',`updatetime`=1571710943  WHERE  `id` = 1 [ RunTime:0.003332s ]
[ sql ] [ SQL ] SHOW COLUMNS FROM `hx_admin_log` [ RunTime:0.002799s ]
[ sql ] [ SQL ] INSERT INTO `hx_admin_log` (`title` , `content` , `url` , `admin_id` , `username` , `useragent` , `ip` , `createtime`) VALUES ('登录' , '{\"__token__\":\"244cbee16f5afe65023bc71129015522\",\"username\":\"admin\"}' , '/index.php/admin/index/login' , 1 , 'admin' , 'Mozilla/5.0 (Macintosh; Intel Mac OS X 10_13_3) AppleWebKit/537.36 (KHTML, like Gecko) Chrome/77.0.3865.120 Safari/537.36' , '110.81.125.40' , 1571710943) [ RunTime:0.007177s ]
---------------------------------------------------------------
[ 2019-10-22T10:22:26+08:00 ] 110.81.125.40 GET hx.le-cx.com/index.php/admin/index/index
[运行时间：1.012830s] [吞吐率：0.99req/s] [内存消耗：7,477.38kb] [文件加载：152]
[ info ] [ BEHAVIOR ] Run Closure @app_init [ RunTime:0.000048s ]
[ info ] [ CACHE ] INIT File
[ info ] [ BEHAVIOR ] Run \addons\cms\Cms @app_init [ RunTime:0.002574s ]
[ info ] [ BEHAVIOR ] Run \addons\epay\Epay @app_init [ RunTime:0.000076s ]
[ info ] [ BEHAVIOR ] Run Closure @app_init [ RunTime:0.000113s ]
[ info ] [ LANG ] /www/hexiao/thinkphp/lang/zh-cn.php
[ info ] [ ROUTE ] array (
  'type' => 'module',
  'module' => 
  array (
    0 => 'admin',
    1 => 'index',
    2 => 'index',
  ),
)
[ info ] [ HEADER ] array (
  'host' => 'hx.le-cx.com',
  'connection' => 'keep-alive',
  'upgrade-insecure-requests' => '1',
  'user-agent' => 'Mozilla/5.0 (Macintosh; Intel Mac OS X 10_13_3) AppleWebKit/537.36 (KHTML, like Gecko) Chrome/77.0.3865.120 Safari/537.36',
  'accept' => 'text/html,application/xhtml+xml,application/xml;q=0.9,image/webp,image/apng,*/*;q=0.8,application/signed-exchange;v=b3',
  'referer' => 'http://hx.le-cx.com/index.php/admin/index/login',
  'accept-encoding' => 'gzip, deflate',
  'accept-language' => 'zh-CN,zh;q=0.9,en;q=0.8',
  'cookie' => 'PHPSESSID=fjgnhh2uouuqnrkr892rmo64c2',
  'content-type' => '',
  'content-length' => '',
)
[ info ] [ PARAM ] array (
)
[ info ] [ LANG ] /www/hexiao/public/../application/admin/lang/zh-cn.php
[ info ] [ BEHAVIOR ] Run app\common\behavior\Common @module_init [ RunTime:0.001813s ]
[ info ] [ SESSION ] INIT array (
  'id' => '',
  'var_session_id' => '',
  'prefix' => 'think',
  'type' => '',
  'auto_start' => true,
)
[ info ] [ BEHAVIOR ] Run \addons\nkeditor\Nkeditor @config_init [ RunTime:0.000257s ]
[ info ] [ LANG ] /www/hexiao/public/../application/admin/lang/zh-cn/index.php
[ info ] [ RUN ] app\admin\controller\Index->index[ /www/hexiao/application/admin/controller/Index.php ]
[ info ] [ DB ] INIT mysql
[ info ] [ VIEW ] /www/hexiao/public/../application/admin/view/index/index.html [ array (
  0 => 'breadcrumb',
  1 => 'site',
  2 => 'config',
  3 => 'auth',
  4 => 'admin',
  5 => 'menulist',
  6 => 'navlist',
  7 => 'fixedmenu',
  8 => 'referermenu',
  9 => 'title',
) ]
[ info ] [ BEHAVIOR ] Run app\admin\behavior\AdminLog @app_end [ RunTime:0.000181s ]
[ info ] [ BEHAVIOR ] Run \addons\cms\Cms @response_send [ RunTime:0.000236s ]
[ info ] [ LOG ] INIT File
[ sql ] [ DB ] CONNECT:[ UseTime:0.000629s ] mysql:host=127.0.0.1;port=3306;dbname=cancel;charset=utf8
[ sql ] [ SQL ] SHOW COLUMNS FROM `hx_auth_group_access` [ RunTime:0.002479s ]
[ sql ] [ SQL ] SELECT `aga`.`uid`,`aga`.`group_id`,`ag`.`id`,`ag`.`pid`,`ag`.`name`,`ag`.`rules` FROM `hx_auth_group_access` `aga` LEFT JOIN `hx_auth_group` `ag` ON `aga`.`group_id`=`ag`.`id` WHERE  (  aga.uid='1' and ag.status='normal' ) [ RunTime:0.003843s ]
[ sql ] [ SQL ] SHOW COLUMNS FROM `hx_auth_rule` [ RunTime:0.002138s ]
[ sql ] [ SQL ] SELECT `id`,`pid`,`condition`,`icon`,`name`,`title`,`ismenu` FROM `hx_auth_rule` WHERE  `status` = 'normal' [ RunTime:0.024244s ]
[ sql ] [ SQL ] SELECT `name`,`pid` FROM `hx_auth_rule` WHERE  `status` = 'normal'  AND `ismenu` = 0  AND `name` LIKE '%/index' [ RunTime:0.001007s ]
---------------------------------------------------------------
[ 2019-10-22T10:22:27+08:00 ] 110.81.125.40 GET hx.le-cx.com/index.php/admin/index/index
[运行时间：1.017672s] [吞吐率：0.98req/s] [内存消耗：7,563.00kb] [文件加载：152]
[ info ] [ BEHAVIOR ] Run Closure @app_init [ RunTime:0.000041s ]
[ info ] [ CACHE ] INIT File
[ info ] [ BEHAVIOR ] Run \addons\cms\Cms @app_init [ RunTime:0.002714s ]
[ info ] [ BEHAVIOR ] Run \addons\epay\Epay @app_init [ RunTime:0.000074s ]
[ info ] [ BEHAVIOR ] Run Closure @app_init [ RunTime:0.000111s ]
[ info ] [ LANG ] /www/hexiao/thinkphp/lang/zh-cn.php
[ info ] [ ROUTE ] array (
  'type' => 'module',
  'module' => 
  array (
    0 => 'admin',
    1 => 'index',
    2 => 'index',
  ),
)
[ info ] [ HEADER ] array (
  'host' => 'hx.le-cx.com',
  'connection' => 'keep-alive',
  'upgrade-insecure-requests' => '1',
  'user-agent' => 'Mozilla/5.0 (Macintosh; Intel Mac OS X 10_13_3) AppleWebKit/537.36 (KHTML, like Gecko) Chrome/77.0.3865.120 Safari/537.36',
  'accept' => 'text/html,application/xhtml+xml,application/xml;q=0.9,image/webp,image/apng,*/*;q=0.8,application/signed-exchange;v=b3',
  'referer' => 'http://hx.le-cx.com/index.php/admin/index/login',
  'accept-encoding' => 'gzip, deflate',
  'accept-language' => 'zh-CN,zh;q=0.9,en;q=0.8',
  'cookie' => 'PHPSESSID=fjgnhh2uouuqnrkr892rmo64c2',
  'content-type' => '',
  'content-length' => '',
)
[ info ] [ PARAM ] array (
)
[ info ] [ LANG ] /www/hexiao/public/../application/admin/lang/zh-cn.php
[ info ] [ BEHAVIOR ] Run app\common\behavior\Common @module_init [ RunTime:0.001749s ]
[ info ] [ SESSION ] INIT array (
  'id' => '',
  'var_session_id' => '',
  'prefix' => 'think',
  'type' => '',
  'auto_start' => true,
)
[ info ] [ BEHAVIOR ] Run \addons\nkeditor\Nkeditor @config_init [ RunTime:0.000251s ]
[ info ] [ LANG ] /www/hexiao/public/../application/admin/lang/zh-cn/index.php
[ info ] [ RUN ] app\admin\controller\Index->index[ /www/hexiao/application/admin/controller/Index.php ]
[ info ] [ DB ] INIT mysql
[ info ] [ VIEW ] /www/hexiao/public/../application/admin/view/index/index.html [ array (
  0 => 'breadcrumb',
  1 => 'site',
  2 => 'config',
  3 => 'auth',
  4 => 'admin',
  5 => 'menulist',
  6 => 'navlist',
  7 => 'fixedmenu',
  8 => 'referermenu',
  9 => 'title',
) ]
[ info ] [ BEHAVIOR ] Run app\admin\behavior\AdminLog @app_end [ RunTime:0.000155s ]
[ info ] [ BEHAVIOR ] Run \addons\cms\Cms @response_send [ RunTime:0.000191s ]
[ info ] [ LOG ] INIT File
[ sql ] [ DB ] CONNECT:[ UseTime:0.000621s ] mysql:host=127.0.0.1;port=3306;dbname=cancel;charset=utf8
[ sql ] [ SQL ] SHOW COLUMNS FROM `hx_auth_group_access` [ RunTime:0.001596s ]
[ sql ] [ SQL ] SELECT `aga`.`uid`,`aga`.`group_id`,`ag`.`id`,`ag`.`pid`,`ag`.`name`,`ag`.`rules` FROM `hx_auth_group_access` `aga` LEFT JOIN `hx_auth_group` `ag` ON `aga`.`group_id`=`ag`.`id` WHERE  (  aga.uid='1' and ag.status='normal' ) [ RunTime:0.000551s ]
[ sql ] [ SQL ] SHOW COLUMNS FROM `hx_auth_rule` [ RunTime:0.001341s ]
[ sql ] [ SQL ] SELECT `id`,`pid`,`condition`,`icon`,`name`,`title`,`ismenu` FROM `hx_auth_rule` WHERE  `status` = 'normal' [ RunTime:0.001391s ]
[ sql ] [ SQL ] SELECT `name`,`pid` FROM `hx_auth_rule` WHERE  `status` = 'normal'  AND `ismenu` = 0  AND `name` LIKE '%/index' [ RunTime:0.000798s ]
---------------------------------------------------------------
[ 2019-10-22T10:22:28+08:00 ] 110.81.125.40 GET hx.le-cx.com/index.php/admin/index/index
[运行时间：1.738916s] [吞吐率：0.58req/s] [内存消耗：7,477.38kb] [文件加载：152]
[ info ] [ BEHAVIOR ] Run Closure @app_init [ RunTime:0.000048s ]
[ info ] [ CACHE ] INIT File
[ info ] [ BEHAVIOR ] Run \addons\cms\Cms @app_init [ RunTime:0.006774s ]
[ info ] [ BEHAVIOR ] Run \addons\epay\Epay @app_init [ RunTime:0.000089s ]
[ info ] [ BEHAVIOR ] Run Closure @app_init [ RunTime:0.000134s ]
[ info ] [ LANG ] /www/hexiao/thinkphp/lang/zh-cn.php
[ info ] [ ROUTE ] array (
  'type' => 'module',
  'module' => 
  array (
    0 => 'admin',
    1 => 'index',
    2 => 'index',
  ),
)
[ info ] [ HEADER ] array (
  'host' => 'hx.le-cx.com',
  'connection' => 'keep-alive',
  'upgrade-insecure-requests' => '1',
  'user-agent' => 'Mozilla/5.0 (Macintosh; Intel Mac OS X 10_13_3) AppleWebKit/537.36 (KHTML, like Gecko) Chrome/77.0.3865.120 Safari/537.36',
  'accept' => 'text/html,application/xhtml+xml,application/xml;q=0.9,image/webp,image/apng,*/*;q=0.8,application/signed-exchange;v=b3',
  'referer' => 'http://hx.le-cx.com/index.php/admin/index/login',
  'accept-encoding' => 'gzip, deflate',
  'accept-language' => 'zh-CN,zh;q=0.9,en;q=0.8',
  'cookie' => 'PHPSESSID=fjgnhh2uouuqnrkr892rmo64c2',
  'content-type' => '',
  'content-length' => '',
)
[ info ] [ PARAM ] array (
)
[ info ] [ LANG ] /www/hexiao/public/../application/admin/lang/zh-cn.php
[ info ] [ BEHAVIOR ] Run app\common\behavior\Common @module_init [ RunTime:0.001744s ]
[ info ] [ SESSION ] INIT array (
  'id' => '',
  'var_session_id' => '',
  'prefix' => 'think',
  'type' => '',
  'auto_start' => true,
)
[ info ] [ BEHAVIOR ] Run \addons\nkeditor\Nkeditor @config_init [ RunTime:0.000259s ]
[ info ] [ LANG ] /www/hexiao/public/../application/admin/lang/zh-cn/index.php
[ info ] [ RUN ] app\admin\controller\Index->index[ /www/hexiao/application/admin/controller/Index.php ]
[ info ] [ DB ] INIT mysql
[ info ] [ VIEW ] /www/hexiao/public/../application/admin/view/index/index.html [ array (
  0 => 'breadcrumb',
  1 => 'site',
  2 => 'config',
  3 => 'auth',
  4 => 'admin',
  5 => 'menulist',
  6 => 'navlist',
  7 => 'fixedmenu',
  8 => 'referermenu',
  9 => 'title',
) ]
[ info ] [ BEHAVIOR ] Run app\admin\behavior\AdminLog @app_end [ RunTime:0.000153s ]
[ info ] [ BEHAVIOR ] Run \addons\cms\Cms @response_send [ RunTime:0.000208s ]
[ info ] [ LOG ] INIT File
[ sql ] [ DB ] CONNECT:[ UseTime:0.000432s ] mysql:host=127.0.0.1;port=3306;dbname=cancel;charset=utf8
[ sql ] [ SQL ] SHOW COLUMNS FROM `hx_auth_group_access` [ RunTime:0.001452s ]
[ sql ] [ SQL ] SELECT `aga`.`uid`,`aga`.`group_id`,`ag`.`id`,`ag`.`pid`,`ag`.`name`,`ag`.`rules` FROM `hx_auth_group_access` `aga` LEFT JOIN `hx_auth_group` `ag` ON `aga`.`group_id`=`ag`.`id` WHERE  (  aga.uid='1' and ag.status='normal' ) [ RunTime:0.000519s ]
[ sql ] [ SQL ] SHOW COLUMNS FROM `hx_auth_rule` [ RunTime:0.001292s ]
[ sql ] [ SQL ] SELECT `id`,`pid`,`condition`,`icon`,`name`,`title`,`ismenu` FROM `hx_auth_rule` WHERE  `status` = 'normal' [ RunTime:0.001275s ]
[ sql ] [ SQL ] SELECT `name`,`pid` FROM `hx_auth_rule` WHERE  `status` = 'normal'  AND `ismenu` = 0  AND `name` LIKE '%/index' [ RunTime:0.000757s ]
---------------------------------------------------------------
[ 2019-10-22T10:22:30+08:00 ] 110.81.125.40 GET hx.le-cx.com/index.php/admin/ajax/lang?callback=define&controllername=index&v=1571710947
[运行时间：0.048326s] [吞吐率：20.69req/s] [内存消耗：5,475.90kb] [文件加载：133]
[ info ] [ BEHAVIOR ] Run Closure @app_init [ RunTime:0.000041s ]
[ info ] [ CACHE ] INIT File
[ info ] [ BEHAVIOR ] Run \addons\cms\Cms @app_init [ RunTime:0.002836s ]
[ info ] [ BEHAVIOR ] Run \addons\epay\Epay @app_init [ RunTime:0.000080s ]
[ info ] [ BEHAVIOR ] Run Closure @app_init [ RunTime:0.000117s ]
[ info ] [ LANG ] /www/hexiao/thinkphp/lang/zh-cn.php
[ info ] [ ROUTE ] array (
  'type' => 'module',
  'module' => 
  array (
    0 => 'admin',
    1 => 'ajax',
    2 => 'lang',
  ),
)
[ info ] [ HEADER ] array (
  'host' => 'hx.le-cx.com',
  'connection' => 'keep-alive',
  'user-agent' => 'Mozilla/5.0 (Macintosh; Intel Mac OS X 10_13_3) AppleWebKit/537.36 (KHTML, like Gecko) Chrome/77.0.3865.120 Safari/537.36',
  'accept' => '*/*',
  'referer' => 'http://hx.le-cx.com/index.php/admin/index/index',
  'accept-encoding' => 'gzip, deflate',
  'accept-language' => 'zh-CN,zh;q=0.9,en;q=0.8',
  'cookie' => 'PHPSESSID=fjgnhh2uouuqnrkr892rmo64c2',
  'content-type' => '',
  'content-length' => '',
)
[ info ] [ PARAM ] array (
  'callback' => 'define',
  'controllername' => 'index',
  'v' => '1571710947',
)
[ info ] [ LANG ] /www/hexiao/public/../application/admin/lang/zh-cn.php
[ info ] [ BEHAVIOR ] Run app\common\behavior\Common @module_init [ RunTime:0.001763s ]
[ info ] [ SESSION ] INIT array (
  'id' => '',
  'var_session_id' => '',
  'prefix' => 'think',
  'type' => '',
  'auto_start' => true,
)
[ info ] [ BEHAVIOR ] Run \addons\nkeditor\Nkeditor @config_init [ RunTime:0.000265s ]
[ info ] [ LANG ] /www/hexiao/public/../application/admin/lang/zh-cn/ajax.php
[ info ] [ RUN ] app\admin\controller\Ajax->lang[ /www/hexiao/application/admin/controller/Ajax.php ]
[ info ] [ LANG ] /www/hexiao/public/../application/admin/lang/zh-cn/index.php
[ info ] [ BEHAVIOR ] Run app\admin\behavior\AdminLog @app_end [ RunTime:0.000143s ]
[ info ] [ BEHAVIOR ] Run \addons\cms\Cms @response_send [ RunTime:0.000322s ]
[ info ] [ LOG ] INIT File
---------------------------------------------------------------
[ 2019-10-22T10:22:31+08:00 ] 110.81.125.40 GET hx.le-cx.com/index.php/admin/general/config?addtabs=1
[运行时间：0.071820s] [吞吐率：13.92req/s] [内存消耗：7,204.52kb] [文件加载：140]
[ info ] [ BEHAVIOR ] Run Closure @app_init [ RunTime:0.000044s ]
[ info ] [ CACHE ] INIT File
[ info ] [ BEHAVIOR ] Run \addons\cms\Cms @app_init [ RunTime:0.002805s ]
[ info ] [ BEHAVIOR ] Run \addons\epay\Epay @app_init [ RunTime:0.000086s ]
[ info ] [ BEHAVIOR ] Run Closure @app_init [ RunTime:0.000124s ]
[ info ] [ LANG ] /www/hexiao/thinkphp/lang/zh-cn.php
[ info ] [ ROUTE ] array (
  'type' => 'module',
  'module' => 
  array (
    0 => 'admin',
    1 => 'general.config',
    2 => NULL,
  ),
)
[ info ] [ HEADER ] array (
  'host' => 'hx.le-cx.com',
  'connection' => 'keep-alive',
  'upgrade-insecure-requests' => '1',
  'user-agent' => 'Mozilla/5.0 (Macintosh; Intel Mac OS X 10_13_3) AppleWebKit/537.36 (KHTML, like Gecko) Chrome/77.0.3865.120 Safari/537.36',
  'accept' => 'text/html,application/xhtml+xml,application/xml;q=0.9,image/webp,image/apng,*/*;q=0.8,application/signed-exchange;v=b3',
  'referer' => 'http://hx.le-cx.com/index.php/admin/general/config?ref=addtabs',
  'accept-encoding' => 'gzip, deflate',
  'accept-language' => 'zh-CN,zh;q=0.9,en;q=0.8',
  'cookie' => 'PHPSESSID=fjgnhh2uouuqnrkr892rmo64c2',
  'content-type' => '',
  'content-length' => '',
)
[ info ] [ PARAM ] array (
  'addtabs' => '1',
)
[ info ] [ LANG ] /www/hexiao/public/../application/admin/lang/zh-cn.php
[ info ] [ BEHAVIOR ] Run app\common\behavior\Common @module_init [ RunTime:0.001713s ]
[ info ] [ SESSION ] INIT array (
  'id' => '',
  'var_session_id' => '',
  'prefix' => 'think',
  'type' => '',
  'auto_start' => true,
)
[ info ] [ DB ] INIT mysql
[ info ] [ BEHAVIOR ] Run \addons\nkeditor\Nkeditor @config_init [ RunTime:0.000262s ]
[ info ] [ LANG ] /www/hexiao/public/../application/admin/lang/zh-cn/general/config.php
[ info ] [ RUN ] app\admin\controller\general\Config->index[ /www/hexiao/application/admin/controller/general/Config.php ]
[ info ] [ VIEW ] /www/hexiao/public/../application/admin/view/general/config/index.html [ array (
  0 => 'breadcrumb',
  1 => 'site',
  2 => 'config',
  3 => 'auth',
  4 => 'admin',
  5 => 'siteList',
  6 => 'typeList',
  7 => 'groupList',
) ]
[ info ] [ BEHAVIOR ] Run app\admin\behavior\AdminLog @app_end [ RunTime:0.000151s ]
[ info ] [ BEHAVIOR ] Run \addons\cms\Cms @response_send [ RunTime:0.000227s ]
[ info ] [ LOG ] INIT File
[ sql ] [ DB ] CONNECT:[ UseTime:0.000431s ] mysql:host=127.0.0.1;port=3306;dbname=cancel;charset=utf8
[ sql ] [ SQL ] SHOW COLUMNS FROM `hx_auth_group_access` [ RunTime:0.001483s ]
[ sql ] [ SQL ] SELECT `aga`.`uid`,`aga`.`group_id`,`ag`.`id`,`ag`.`pid`,`ag`.`name`,`ag`.`rules` FROM `hx_auth_group_access` `aga` LEFT JOIN `hx_auth_group` `ag` ON `aga`.`group_id`=`ag`.`id` WHERE  (  aga.uid='1' and ag.status='normal' ) [ RunTime:0.000518s ]
[ sql ] [ SQL ] SHOW COLUMNS FROM `hx_auth_rule` [ RunTime:0.001328s ]
[ sql ] [ SQL ] SELECT `id`,`pid`,`condition`,`icon`,`name`,`title`,`ismenu` FROM `hx_auth_rule` WHERE  `status` = 'normal' [ RunTime:0.001279s ]
[ sql ] [ SQL ] SHOW COLUMNS FROM `hx_config` [ RunTime:0.002665s ]
[ sql ] [ SQL ] SELECT * FROM `hx_config` [ RunTime:0.000525s ]
[ sql ] [ SQL ] SELECT `title`,`remark` FROM `hx_auth_rule` WHERE  `name` = 'general/config' LIMIT 1 [ RunTime:0.001071s ]
---------------------------------------------------------------
[ 2019-10-22T10:22:31+08:00 ] 110.81.125.40 GET hx.le-cx.com/index.php/admin/ajax/lang?callback=define&controllername=general.config&v=1571710951
[运行时间：0.044993s] [吞吐率：22.23req/s] [内存消耗：5,473.85kb] [文件加载：133]
[ info ] [ BEHAVIOR ] Run Closure @app_init [ RunTime:0.000043s ]
[ info ] [ CACHE ] INIT File
[ info ] [ BEHAVIOR ] Run \addons\cms\Cms @app_init [ RunTime:0.002666s ]
[ info ] [ BEHAVIOR ] Run \addons\epay\Epay @app_init [ RunTime:0.000080s ]
[ info ] [ BEHAVIOR ] Run Closure @app_init [ RunTime:0.000136s ]
[ info ] [ LANG ] /www/hexiao/thinkphp/lang/zh-cn.php
[ info ] [ ROUTE ] array (
  'type' => 'module',
  'module' => 
  array (
    0 => 'admin',
    1 => 'ajax',
    2 => 'lang',
  ),
)
[ info ] [ HEADER ] array (
  'host' => 'hx.le-cx.com',
  'connection' => 'keep-alive',
  'user-agent' => 'Mozilla/5.0 (Macintosh; Intel Mac OS X 10_13_3) AppleWebKit/537.36 (KHTML, like Gecko) Chrome/77.0.3865.120 Safari/537.36',
  'accept' => '*/*',
  'referer' => 'http://hx.le-cx.com/index.php/admin/general/config?addtabs=1',
  'accept-encoding' => 'gzip, deflate',
  'accept-language' => 'zh-CN,zh;q=0.9,en;q=0.8',
  'cookie' => 'PHPSESSID=fjgnhh2uouuqnrkr892rmo64c2',
  'content-type' => '',
  'content-length' => '',
)
[ info ] [ PARAM ] array (
  'callback' => 'define',
  'controllername' => 'general.config',
  'v' => '1571710951',
)
[ info ] [ LANG ] /www/hexiao/public/../application/admin/lang/zh-cn.php
[ info ] [ BEHAVIOR ] Run app\common\behavior\Common @module_init [ RunTime:0.001715s ]
[ info ] [ SESSION ] INIT array (
  'id' => '',
  'var_session_id' => '',
  'prefix' => 'think',
  'type' => '',
  'auto_start' => true,
)
[ info ] [ BEHAVIOR ] Run \addons\nkeditor\Nkeditor @config_init [ RunTime:0.000270s ]
[ info ] [ LANG ] /www/hexiao/public/../application/admin/lang/zh-cn/ajax.php
[ info ] [ RUN ] app\admin\controller\Ajax->lang[ /www/hexiao/application/admin/controller/Ajax.php ]
[ info ] [ LANG ] /www/hexiao/public/../application/admin/lang/zh-cn/general/config.php
[ info ] [ BEHAVIOR ] Run app\admin\behavior\AdminLog @app_end [ RunTime:0.000139s ]
[ info ] [ BEHAVIOR ] Run \addons\cms\Cms @response_send [ RunTime:0.000280s ]
[ info ] [ LOG ] INIT File
---------------------------------------------------------------
[ 2019-10-22T10:22:33+08:00 ] 110.81.125.40 GET hx.le-cx.com/index.php/admin/activity?addtabs=1
[运行时间：0.065752s] [吞吐率：15.21req/s] [内存消耗：7,210.17kb] [文件加载：141]
[ info ] [ BEHAVIOR ] Run Closure @app_init [ RunTime:0.000054s ]
[ info ] [ CACHE ] INIT File
[ info ] [ BEHAVIOR ] Run \addons\cms\Cms @app_init [ RunTime:0.002528s ]
[ info ] [ BEHAVIOR ] Run \addons\epay\Epay @app_init [ RunTime:0.000073s ]
[ info ] [ BEHAVIOR ] Run Closure @app_init [ RunTime:0.000112s ]
[ info ] [ LANG ] /www/hexiao/thinkphp/lang/zh-cn.php
[ info ] [ ROUTE ] array (
  'type' => 'module',
  'module' => 
  array (
    0 => 'admin',
    1 => 'activity',
    2 => NULL,
  ),
)
[ info ] [ HEADER ] array (
  'host' => 'hx.le-cx.com',
  'connection' => 'keep-alive',
  'upgrade-insecure-requests' => '1',
  'user-agent' => 'Mozilla/5.0 (Macintosh; Intel Mac OS X 10_13_3) AppleWebKit/537.36 (KHTML, like Gecko) Chrome/77.0.3865.120 Safari/537.36',
  'accept' => 'text/html,application/xhtml+xml,application/xml;q=0.9,image/webp,image/apng,*/*;q=0.8,application/signed-exchange;v=b3',
  'referer' => 'http://hx.le-cx.com/index.php/admin/activity?ref=addtabs',
  'accept-encoding' => 'gzip, deflate',
  'accept-language' => 'zh-CN,zh;q=0.9,en;q=0.8',
  'cookie' => 'PHPSESSID=fjgnhh2uouuqnrkr892rmo64c2',
  'content-type' => '',
  'content-length' => '',
)
[ info ] [ PARAM ] array (
  'addtabs' => '1',
)
[ info ] [ LANG ] /www/hexiao/public/../application/admin/lang/zh-cn.php
[ info ] [ BEHAVIOR ] Run app\common\behavior\Common @module_init [ RunTime:0.001722s ]
[ info ] [ SESSION ] INIT array (
  'id' => '',
  'var_session_id' => '',
  'prefix' => 'think',
  'type' => '',
  'auto_start' => true,
)
[ info ] [ DB ] INIT mysql
[ info ] [ BEHAVIOR ] Run \addons\nkeditor\Nkeditor @config_init [ RunTime:0.000283s ]
[ info ] [ LANG ] /www/hexiao/public/../application/admin/lang/zh-cn/activity.php
[ info ] [ RUN ] app\admin\controller\Activity->index[ /www/hexiao/application/admin/controller/Activity.php ]
[ info ] [ VIEW ] /www/hexiao/public/../application/admin/view/activity/index.html [ array (
  0 => 'breadcrumb',
  1 => 'site',
  2 => 'config',
  3 => 'auth',
  4 => 'admin',
  5 => 'notchargeList',
  6 => 'notauditList',
  7 => 'hxlist',
) ]
[ info ] [ BEHAVIOR ] Run app\admin\behavior\AdminLog @app_end [ RunTime:0.000134s ]
[ info ] [ BEHAVIOR ] Run \addons\cms\Cms @response_send [ RunTime:0.000159s ]
[ info ] [ LOG ] INIT File
[ sql ] [ DB ] CONNECT:[ UseTime:0.000515s ] mysql:host=127.0.0.1;port=3306;dbname=cancel;charset=utf8
[ sql ] [ SQL ] SHOW COLUMNS FROM `hx_auth_group_access` [ RunTime:0.001452s ]
[ sql ] [ SQL ] SELECT `aga`.`uid`,`aga`.`group_id`,`ag`.`id`,`ag`.`pid`,`ag`.`name`,`ag`.`rules` FROM `hx_auth_group_access` `aga` LEFT JOIN `hx_auth_group` `ag` ON `aga`.`group_id`=`ag`.`id` WHERE  (  aga.uid='1' and ag.status='normal' ) [ RunTime:0.000596s ]
[ sql ] [ SQL ] SHOW COLUMNS FROM `hx_auth_rule` [ RunTime:0.001346s ]
[ sql ] [ SQL ] SELECT `id`,`pid`,`condition`,`icon`,`name`,`title`,`ismenu` FROM `hx_auth_rule` WHERE  `status` = 'normal' [ RunTime:0.001238s ]
[ sql ] [ SQL ] SHOW COLUMNS FROM `hx_vip` [ RunTime:0.002610s ]
[ sql ] [ SQL ] SELECT * FROM `hx_vip` WHERE  `status` = '1'  AND `auditman` = '1'  AND `deletetime` IS NULL [ RunTime:0.000567s ]
[ sql ] [ SQL ] SELECT `title`,`remark` FROM `hx_auth_rule` WHERE  `name` = 'activity' LIMIT 1 [ RunTime:0.000408s ]
---------------------------------------------------------------
[ 2019-10-22T10:22:34+08:00 ] 110.81.125.40 GET hx.le-cx.com/index.php/admin/ajax/lang?callback=define&controllername=activity&v=1571710953
[运行时间：0.044539s] [吞吐率：22.45req/s] [内存消耗：5,472.25kb] [文件加载：133]
[ info ] [ BEHAVIOR ] Run Closure @app_init [ RunTime:0.000042s ]
[ info ] [ CACHE ] INIT File
[ info ] [ BEHAVIOR ] Run \addons\cms\Cms @app_init [ RunTime:0.002476s ]
[ info ] [ BEHAVIOR ] Run \addons\epay\Epay @app_init [ RunTime:0.000073s ]
[ info ] [ BEHAVIOR ] Run Closure @app_init [ RunTime:0.000111s ]
[ info ] [ LANG ] /www/hexiao/thinkphp/lang/zh-cn.php
[ info ] [ ROUTE ] array (
  'type' => 'module',
  'module' => 
  array (
    0 => 'admin',
    1 => 'ajax',
    2 => 'lang',
  ),
)
[ info ] [ HEADER ] array (
  'host' => 'hx.le-cx.com',
  'connection' => 'keep-alive',
  'user-agent' => 'Mozilla/5.0 (Macintosh; Intel Mac OS X 10_13_3) AppleWebKit/537.36 (KHTML, like Gecko) Chrome/77.0.3865.120 Safari/537.36',
  'accept' => '*/*',
  'referer' => 'http://hx.le-cx.com/index.php/admin/activity?addtabs=1',
  'accept-encoding' => 'gzip, deflate',
  'accept-language' => 'zh-CN,zh;q=0.9,en;q=0.8',
  'cookie' => 'PHPSESSID=fjgnhh2uouuqnrkr892rmo64c2',
  'content-type' => '',
  'content-length' => '',
)
[ info ] [ PARAM ] array (
  'callback' => 'define',
  'controllername' => 'activity',
  'v' => '1571710953',
)
[ info ] [ LANG ] /www/hexiao/public/../application/admin/lang/zh-cn.php
[ info ] [ BEHAVIOR ] Run app\common\behavior\Common @module_init [ RunTime:0.001776s ]
[ info ] [ SESSION ] INIT array (
  'id' => '',
  'var_session_id' => '',
  'prefix' => 'think',
  'type' => '',
  'auto_start' => true,
)
[ info ] [ BEHAVIOR ] Run \addons\nkeditor\Nkeditor @config_init [ RunTime:0.000234s ]
[ info ] [ LANG ] /www/hexiao/public/../application/admin/lang/zh-cn/ajax.php
[ info ] [ RUN ] app\admin\controller\Ajax->lang[ /www/hexiao/application/admin/controller/Ajax.php ]
[ info ] [ LANG ] /www/hexiao/public/../application/admin/lang/zh-cn/activity.php
[ info ] [ BEHAVIOR ] Run app\admin\behavior\AdminLog @app_end [ RunTime:0.000143s ]
[ info ] [ BEHAVIOR ] Run \addons\cms\Cms @response_send [ RunTime:0.000296s ]
[ info ] [ LOG ] INIT File
---------------------------------------------------------------
[ 2019-10-22T10:22:35+08:00 ] 110.81.125.40 GET hx.le-cx.com/index.php/admin/activity/index?addtabs=1&sort=id&order=desc&offset=0&limit=10&filter=%7B%7D&op=%7B%7D&_=1571710953961
[运行时间：0.085477s] [吞吐率：11.70req/s] [内存消耗：7,418.01kb] [文件加载：143]
[ info ] [ BEHAVIOR ] Run Closure @app_init [ RunTime:0.000044s ]
[ info ] [ CACHE ] INIT File
[ info ] [ BEHAVIOR ] Run \addons\cms\Cms @app_init [ RunTime:0.002658s ]
[ info ] [ BEHAVIOR ] Run \addons\epay\Epay @app_init [ RunTime:0.000088s ]
[ info ] [ BEHAVIOR ] Run Closure @app_init [ RunTime:0.000127s ]
[ info ] [ LANG ] /www/hexiao/thinkphp/lang/zh-cn.php
[ info ] [ ROUTE ] array (
  'type' => 'module',
  'module' => 
  array (
    0 => 'admin',
    1 => 'activity',
    2 => 'index',
  ),
)
[ info ] [ HEADER ] array (
  'host' => 'hx.le-cx.com',
  'connection' => 'keep-alive',
  'accept' => 'application/json, text/javascript, */*; q=0.01',
  'x-requested-with' => 'XMLHttpRequest',
  'user-agent' => 'Mozilla/5.0 (Macintosh; Intel Mac OS X 10_13_3) AppleWebKit/537.36 (KHTML, like Gecko) Chrome/77.0.3865.120 Safari/537.36',
  'content-type' => 'application/json',
  'referer' => 'http://hx.le-cx.com/index.php/admin/activity?addtabs=1',
  'accept-encoding' => 'gzip, deflate',
  'accept-language' => 'zh-CN,zh;q=0.9,en;q=0.8',
  'cookie' => 'PHPSESSID=fjgnhh2uouuqnrkr892rmo64c2',
  'content-length' => '',
)
[ info ] [ PARAM ] array (
  'addtabs' => '1',
  'sort' => 'id',
  'order' => 'desc',
  'offset' => '0',
  'limit' => '10',
  'filter' => '{}',
  'op' => '{}',
  '_' => '1571710953961',
)
[ info ] [ LANG ] /www/hexiao/public/../application/admin/lang/zh-cn.php
[ info ] [ BEHAVIOR ] Run app\common\behavior\Common @module_init [ RunTime:0.001772s ]
[ info ] [ SESSION ] INIT array (
  'id' => '',
  'var_session_id' => '',
  'prefix' => 'think',
  'type' => '',
  'auto_start' => true,
)
[ info ] [ DB ] INIT mysql
[ info ] [ BEHAVIOR ] Run \addons\nkeditor\Nkeditor @config_init [ RunTime:0.000300s ]
[ info ] [ LANG ] /www/hexiao/public/../application/admin/lang/zh-cn/activity.php
[ info ] [ RUN ] app\admin\controller\Activity->index[ /www/hexiao/application/admin/controller/Activity.php ]
[ info ] [ BEHAVIOR ] Run app\admin\behavior\AdminLog @app_end [ RunTime:0.000158s ]
[ info ] [ BEHAVIOR ] Run \addons\cms\Cms @response_send [ RunTime:0.000497s ]
[ info ] [ LOG ] INIT File
[ sql ] [ DB ] CONNECT:[ UseTime:0.000477s ] mysql:host=127.0.0.1;port=3306;dbname=cancel;charset=utf8
[ sql ] [ SQL ] SHOW COLUMNS FROM `hx_auth_group_access` [ RunTime:0.001517s ]
[ sql ] [ SQL ] SELECT `aga`.`uid`,`aga`.`group_id`,`ag`.`id`,`ag`.`pid`,`ag`.`name`,`ag`.`rules` FROM `hx_auth_group_access` `aga` LEFT JOIN `hx_auth_group` `ag` ON `aga`.`group_id`=`ag`.`id` WHERE  (  aga.uid='1' and ag.status='normal' ) [ RunTime:0.000584s ]
[ sql ] [ SQL ] SHOW COLUMNS FROM `hx_auth_rule` [ RunTime:0.001381s ]
[ sql ] [ SQL ] SELECT `id`,`pid`,`condition`,`icon`,`name`,`title`,`ismenu` FROM `hx_auth_rule` WHERE  `status` = 'normal' [ RunTime:0.001325s ]
[ sql ] [ SQL ] SHOW COLUMNS FROM `hx_vip` [ RunTime:0.001646s ]
[ sql ] [ SQL ] SELECT * FROM `hx_vip` WHERE  `status` = '1'  AND `auditman` = '1'  AND `deletetime` IS NULL [ RunTime:0.000593s ]
[ sql ] [ SQL ] SHOW COLUMNS FROM `hx_activity` [ RunTime:0.003764s ]
[ sql ] [ SQL ] SELECT COUNT(*) AS tp_count FROM `hx_activity` WHERE `hx_activity`.`deletetime` IS NULL ORDER BY `id` DESC LIMIT 1 [ RunTime:0.001592s ]
[ sql ] [ SQL ] SELECT * FROM `hx_activity` WHERE `hx_activity`.`deletetime` IS NULL ORDER BY `id` DESC LIMIT 0,10 [ RunTime:0.000595s ]
[ sql ] [ SQL ] SELECT `name` FROM `hx_vip` WHERE  `openid` = ''  AND `deletetime` IS NULL LIMIT 1 [ RunTime:0.000475s ]
[ sql ] [ SQL ] SELECT `name` FROM `hx_vip` WHERE  `openid` = 'ovvUKwtgdbKtSu7xZBP3MpAEHUpg'  AND `deletetime` IS NULL LIMIT 1 [ RunTime:0.000370s ]
[ sql ] [ SQL ] SELECT `name` FROM `hx_vip` WHERE  `openid` = ''  AND `deletetime` IS NULL LIMIT 1 [ RunTime:0.000334s ]
[ sql ] [ SQL ] SELECT `name` FROM `hx_vip` WHERE  `openid` = ''  AND `deletetime` IS NULL LIMIT 1 [ RunTime:0.000363s ]
[ sql ] [ SQL ] SELECT `name` FROM `hx_vip` WHERE  `openid` = ''  AND `deletetime` IS NULL LIMIT 1 [ RunTime:0.000343s ]
[ sql ] [ SQL ] SELECT `name` FROM `hx_vip` WHERE  `openid` = 'ovvUKwtgdbKtSu7xZBP3MpAEHUpg'  AND `deletetime` IS NULL LIMIT 1 [ RunTime:0.000360s ]
[ sql ] [ SQL ] SELECT `name` FROM `hx_vip` WHERE  `openid` = 'ovvUKwtgdbKtSu7xZBP3MpAEHUpg'  AND `deletetime` IS NULL LIMIT 1 [ RunTime:0.000326s ]
[ sql ] [ SQL ] SELECT `name` FROM `hx_vip` WHERE  `openid` = 'ovvUKwq8WEI9K8yQHHeW8XFtCpA0'  AND `deletetime` IS NULL LIMIT 1 [ RunTime:0.000338s ]
[ sql ] [ SQL ] SELECT `name` FROM `hx_vip` WHERE  `openid` = 'ovvUKwhuexi6TTgKQrhCr7PA1wmo'  AND `deletetime` IS NULL LIMIT 1 [ RunTime:0.000317s ]
[ sql ] [ SQL ] SELECT `name` FROM `hx_vip` WHERE  `openid` = 'ovvUKwtgdbKtSu7xZBP3MpAEHUpg'  AND `deletetime` IS NULL LIMIT 1 [ RunTime:0.000334s ]
[ sql ] [ SQL ] SELECT `name` FROM `hx_vip` WHERE  `openid` = 'ovvUKwojtVXpL2RklhIMcFKB0X3Y'  AND `deletetime` IS NULL LIMIT 1 [ RunTime:0.000330s ]
[ sql ] [ SQL ] SELECT `name` FROM `hx_vip` WHERE  `openid` = 'ovvUKwp-x1qHs6z2uqhneLnDmX4E'  AND `deletetime` IS NULL LIMIT 1 [ RunTime:0.000341s ]
[ sql ] [ SQL ] SELECT `name` FROM `hx_vip` WHERE  `openid` = ''  AND `deletetime` IS NULL LIMIT 1 [ RunTime:0.000490s ]
[ sql ] [ SQL ] SELECT `name` FROM `hx_vip` WHERE  `openid` = ''  AND `deletetime` IS NULL LIMIT 1 [ RunTime:0.000352s ]
---------------------------------------------------------------
[ 2019-10-22T10:22:38+08:00 ] 110.81.125.40 GET hx.le-cx.com/index.php/admin/activity/add?dialog=1
[运行时间：0.060580s] [吞吐率：16.51req/s] [内存消耗：7,215.52kb] [文件加载：141]
[ info ] [ BEHAVIOR ] Run Closure @app_init [ RunTime:0.000055s ]
[ info ] [ CACHE ] INIT File
[ info ] [ BEHAVIOR ] Run \addons\cms\Cms @app_init [ RunTime:0.002473s ]
[ info ] [ BEHAVIOR ] Run \addons\epay\Epay @app_init [ RunTime:0.000072s ]
[ info ] [ BEHAVIOR ] Run Closure @app_init [ RunTime:0.000111s ]
[ info ] [ LANG ] /www/hexiao/thinkphp/lang/zh-cn.php
[ info ] [ ROUTE ] array (
  'type' => 'module',
  'module' => 
  array (
    0 => 'admin',
    1 => 'activity',
    2 => 'add',
  ),
)
[ info ] [ HEADER ] array (
  'host' => 'hx.le-cx.com',
  'connection' => 'keep-alive',
  'upgrade-insecure-requests' => '1',
  'user-agent' => 'Mozilla/5.0 (Macintosh; Intel Mac OS X 10_13_3) AppleWebKit/537.36 (KHTML, like Gecko) Chrome/77.0.3865.120 Safari/537.36',
  'accept' => 'text/html,application/xhtml+xml,application/xml;q=0.9,image/webp,image/apng,*/*;q=0.8,application/signed-exchange;v=b3',
  'referer' => 'http://hx.le-cx.com/index.php/admin/activity?addtabs=1',
  'accept-encoding' => 'gzip, deflate',
  'accept-language' => 'zh-CN,zh;q=0.9,en;q=0.8',
  'cookie' => 'PHPSESSID=fjgnhh2uouuqnrkr892rmo64c2',
  'content-type' => '',
  'content-length' => '',
)
[ info ] [ PARAM ] array (
  'dialog' => '1',
)
[ info ] [ LANG ] /www/hexiao/public/../application/admin/lang/zh-cn.php
[ info ] [ BEHAVIOR ] Run app\common\behavior\Common @module_init [ RunTime:0.001687s ]
[ info ] [ SESSION ] INIT array (
  'id' => '',
  'var_session_id' => '',
  'prefix' => 'think',
  'type' => '',
  'auto_start' => true,
)
[ info ] [ DB ] INIT mysql
[ info ] [ BEHAVIOR ] Run \addons\nkeditor\Nkeditor @config_init [ RunTime:0.000255s ]
[ info ] [ LANG ] /www/hexiao/public/../application/admin/lang/zh-cn/activity.php
[ info ] [ RUN ] app\admin\controller\Activity->add[ /www/hexiao/application/admin/controller/Activity.php ]
[ info ] [ VIEW ] /www/hexiao/public/../application/admin/view/activity/add.html [ array (
  0 => 'breadcrumb',
  1 => 'site',
  2 => 'config',
  3 => 'auth',
  4 => 'admin',
  5 => 'notchargeList',
  6 => 'notauditList',
  7 => 'hxlist',
) ]
[ info ] [ BEHAVIOR ] Run app\admin\behavior\AdminLog @app_end [ RunTime:0.000127s ]
[ info ] [ BEHAVIOR ] Run \addons\cms\Cms @response_send [ RunTime:0.000202s ]
[ info ] [ LOG ] INIT File
[ sql ] [ DB ] CONNECT:[ UseTime:0.000456s ] mysql:host=127.0.0.1;port=3306;dbname=cancel;charset=utf8
[ sql ] [ SQL ] SHOW COLUMNS FROM `hx_auth_group_access` [ RunTime:0.001433s ]
[ sql ] [ SQL ] SELECT `aga`.`uid`,`aga`.`group_id`,`ag`.`id`,`ag`.`pid`,`ag`.`name`,`ag`.`rules` FROM `hx_auth_group_access` `aga` LEFT JOIN `hx_auth_group` `ag` ON `aga`.`group_id`=`ag`.`id` WHERE  (  aga.uid='1' and ag.status='normal' ) [ RunTime:0.000509s ]
[ sql ] [ SQL ] SHOW COLUMNS FROM `hx_auth_rule` [ RunTime:0.001290s ]
[ sql ] [ SQL ] SELECT `id`,`pid`,`condition`,`icon`,`name`,`title`,`ismenu` FROM `hx_auth_rule` WHERE  `status` = 'normal' [ RunTime:0.001296s ]
[ sql ] [ SQL ] SHOW COLUMNS FROM `hx_vip` [ RunTime:0.001555s ]
[ sql ] [ SQL ] SELECT * FROM `hx_vip` WHERE  `status` = '1'  AND `auditman` = '1'  AND `deletetime` IS NULL [ RunTime:0.000533s ]
---------------------------------------------------------------
[ 2019-10-22T10:22:38+08:00 ] 110.81.125.40 GET hx.le-cx.com/index.php/admin/activity/jquery.qrcode.min.js
[运行时间：0.062148s] [吞吐率：16.09req/s] [内存消耗：7,293.94kb] [文件加载：142]
[ info ] [ BEHAVIOR ] Run Closure @app_init [ RunTime:0.000042s ]
[ info ] [ CACHE ] INIT File
[ info ] [ BEHAVIOR ] Run \addons\cms\Cms @app_init [ RunTime:0.002478s ]
[ info ] [ BEHAVIOR ] Run \addons\epay\Epay @app_init [ RunTime:0.000070s ]
[ info ] [ BEHAVIOR ] Run Closure @app_init [ RunTime:0.000107s ]
[ info ] [ LANG ] /www/hexiao/thinkphp/lang/zh-cn.php
[ info ] [ ROUTE ] array (
  'type' => 'module',
  'module' => 
  array (
    0 => 'admin',
    1 => 'activity',
    2 => 'jquery.qrcode.min.js',
  ),
)
[ info ] [ HEADER ] array (
  'host' => 'hx.le-cx.com',
  'connection' => 'keep-alive',
  'user-agent' => 'Mozilla/5.0 (Macintosh; Intel Mac OS X 10_13_3) AppleWebKit/537.36 (KHTML, like Gecko) Chrome/77.0.3865.120 Safari/537.36',
  'accept' => '*/*',
  'referer' => 'http://hx.le-cx.com/index.php/admin/activity/add?dialog=1',
  'accept-encoding' => 'gzip, deflate',
  'accept-language' => 'zh-CN,zh;q=0.9,en;q=0.8',
  'cookie' => 'PHPSESSID=fjgnhh2uouuqnrkr892rmo64c2',
  'content-type' => '',
  'content-length' => '',
)
[ info ] [ PARAM ] array (
)
[ info ] [ LANG ] /www/hexiao/public/../application/admin/lang/zh-cn.php
[ info ] [ BEHAVIOR ] Run app\common\behavior\Common @module_init [ RunTime:0.001731s ]
[ info ] [ SESSION ] INIT array (
  'id' => '',
  'var_session_id' => '',
  'prefix' => 'think',
  'type' => '',
  'auto_start' => true,
)
[ info ] [ DB ] INIT mysql
[ info ] [ BEHAVIOR ] Run \addons\nkeditor\Nkeditor @config_init [ RunTime:0.000240s ]
[ info ] [ LANG ] /www/hexiao/public/../application/admin/lang/zh-cn/activity.php
[ info ] [ BEHAVIOR ] Run \addons\cms\Cms @response_send [ RunTime:0.000237s ]
[ info ] [ LOG ] INIT File
[ sql ] [ DB ] CONNECT:[ UseTime:0.000435s ] mysql:host=127.0.0.1;port=3306;dbname=cancel;charset=utf8
[ sql ] [ SQL ] SHOW COLUMNS FROM `hx_auth_group_access` [ RunTime:0.001476s ]
[ sql ] [ SQL ] SELECT `aga`.`uid`,`aga`.`group_id`,`ag`.`id`,`ag`.`pid`,`ag`.`name`,`ag`.`rules` FROM `hx_auth_group_access` `aga` LEFT JOIN `hx_auth_group` `ag` ON `aga`.`group_id`=`ag`.`id` WHERE  (  aga.uid='1' and ag.status='normal' ) [ RunTime:0.000515s ]
[ sql ] [ SQL ] SHOW COLUMNS FROM `hx_auth_rule` [ RunTime:0.001277s ]
[ sql ] [ SQL ] SELECT `id`,`pid`,`condition`,`icon`,`name`,`title`,`ismenu` FROM `hx_auth_rule` WHERE  `status` = 'normal' [ RunTime:0.001217s ]
[ sql ] [ SQL ] SHOW COLUMNS FROM `hx_vip` [ RunTime:0.001513s ]
[ sql ] [ SQL ] SELECT * FROM `hx_vip` WHERE  `status` = '1'  AND `auditman` = '1'  AND `deletetime` IS NULL [ RunTime:0.000519s ]
---------------------------------------------------------------
[ 2019-10-22T10:22:39+08:00 ] 110.81.125.40 GET hx.le-cx.com/index.php/admin/ajax/lang?callback=define&controllername=activity&v=1571710958
[运行时间：0.046132s] [吞吐率：21.68req/s] [内存消耗：5,472.12kb] [文件加载：133]
[ info ] [ BEHAVIOR ] Run Closure @app_init [ RunTime:0.000047s ]
[ info ] [ CACHE ] INIT File
[ info ] [ BEHAVIOR ] Run \addons\cms\Cms @app_init [ RunTime:0.002723s ]
[ info ] [ BEHAVIOR ] Run \addons\epay\Epay @app_init [ RunTime:0.000074s ]
[ info ] [ BEHAVIOR ] Run Closure @app_init [ RunTime:0.000110s ]
[ info ] [ LANG ] /www/hexiao/thinkphp/lang/zh-cn.php
[ info ] [ ROUTE ] array (
  'type' => 'module',
  'module' => 
  array (
    0 => 'admin',
    1 => 'ajax',
    2 => 'lang',
  ),
)
[ info ] [ HEADER ] array (
  'host' => 'hx.le-cx.com',
  'connection' => 'keep-alive',
  'user-agent' => 'Mozilla/5.0 (Macintosh; Intel Mac OS X 10_13_3) AppleWebKit/537.36 (KHTML, like Gecko) Chrome/77.0.3865.120 Safari/537.36',
  'accept' => '*/*',
  'referer' => 'http://hx.le-cx.com/index.php/admin/activity/add?dialog=1',
  'accept-encoding' => 'gzip, deflate',
  'accept-language' => 'zh-CN,zh;q=0.9,en;q=0.8',
  'cookie' => 'PHPSESSID=fjgnhh2uouuqnrkr892rmo64c2',
  'content-type' => '',
  'content-length' => '',
)
[ info ] [ PARAM ] array (
  'callback' => 'define',
  'controllername' => 'activity',
  'v' => '1571710958',
)
[ info ] [ LANG ] /www/hexiao/public/../application/admin/lang/zh-cn.php
[ info ] [ BEHAVIOR ] Run app\common\behavior\Common @module_init [ RunTime:0.001781s ]
[ info ] [ SESSION ] INIT array (
  'id' => '',
  'var_session_id' => '',
  'prefix' => 'think',
  'type' => '',
  'auto_start' => true,
)
[ info ] [ BEHAVIOR ] Run \addons\nkeditor\Nkeditor @config_init [ RunTime:0.000267s ]
[ info ] [ LANG ] /www/hexiao/public/../application/admin/lang/zh-cn/ajax.php
[ info ] [ RUN ] app\admin\controller\Ajax->lang[ /www/hexiao/application/admin/controller/Ajax.php ]
[ info ] [ LANG ] /www/hexiao/public/../application/admin/lang/zh-cn/activity.php
[ info ] [ BEHAVIOR ] Run app\admin\behavior\AdminLog @app_end [ RunTime:0.000159s ]
[ info ] [ BEHAVIOR ] Run \addons\cms\Cms @response_send [ RunTime:0.000278s ]
[ info ] [ LOG ] INIT File
---------------------------------------------------------------
[ 2019-10-22T10:23:42+08:00 ] 110.81.125.40 GET hx.le-cx.com/index.php/admin/activity/add?dialog=1
[运行时间：0.067820s] [吞吐率：14.74req/s] [内存消耗：7,215.52kb] [文件加载：141]
[ info ] [ BEHAVIOR ] Run Closure @app_init [ RunTime:0.000043s ]
[ info ] [ CACHE ] INIT File
[ info ] [ BEHAVIOR ] Run \addons\cms\Cms @app_init [ RunTime:0.002711s ]
[ info ] [ BEHAVIOR ] Run \addons\epay\Epay @app_init [ RunTime:0.000082s ]
[ info ] [ BEHAVIOR ] Run Closure @app_init [ RunTime:0.000120s ]
[ info ] [ LANG ] /www/hexiao/thinkphp/lang/zh-cn.php
[ info ] [ ROUTE ] array (
  'type' => 'module',
  'module' => 
  array (
    0 => 'admin',
    1 => 'activity',
    2 => 'add',
  ),
)
[ info ] [ HEADER ] array (
  'host' => 'hx.le-cx.com',
  'connection' => 'keep-alive',
  'upgrade-insecure-requests' => '1',
  'user-agent' => 'Mozilla/5.0 (Macintosh; Intel Mac OS X 10_13_3) AppleWebKit/537.36 (KHTML, like Gecko) Chrome/77.0.3865.120 Safari/537.36',
  'accept' => 'text/html,application/xhtml+xml,application/xml;q=0.9,image/webp,image/apng,*/*;q=0.8,application/signed-exchange;v=b3',
  'referer' => 'http://hx.le-cx.com/index.php/admin/activity?addtabs=1',
  'accept-encoding' => 'gzip, deflate',
  'accept-language' => 'zh-CN,zh;q=0.9,en;q=0.8',
  'cookie' => 'PHPSESSID=fjgnhh2uouuqnrkr892rmo64c2',
  'content-type' => '',
  'content-length' => '',
)
[ info ] [ PARAM ] array (
  'dialog' => '1',
)
[ info ] [ LANG ] /www/hexiao/public/../application/admin/lang/zh-cn.php
[ info ] [ BEHAVIOR ] Run app\common\behavior\Common @module_init [ RunTime:0.001752s ]
[ info ] [ SESSION ] INIT array (
  'id' => '',
  'var_session_id' => '',
  'prefix' => 'think',
  'type' => '',
  'auto_start' => true,
)
[ info ] [ DB ] INIT mysql
[ info ] [ BEHAVIOR ] Run \addons\nkeditor\Nkeditor @config_init [ RunTime:0.000251s ]
[ info ] [ LANG ] /www/hexiao/public/../application/admin/lang/zh-cn/activity.php
[ info ] [ RUN ] app\admin\controller\Activity->add[ /www/hexiao/application/admin/controller/Activity.php ]
[ info ] [ VIEW ] /www/hexiao/public/../application/admin/view/activity/add.html [ array (
  0 => 'breadcrumb',
  1 => 'site',
  2 => 'config',
  3 => 'auth',
  4 => 'admin',
  5 => 'notchargeList',
  6 => 'notauditList',
  7 => 'hxlist',
) ]
[ info ] [ BEHAVIOR ] Run app\admin\behavior\AdminLog @app_end [ RunTime:0.000168s ]
[ info ] [ BEHAVIOR ] Run \addons\cms\Cms @response_send [ RunTime:0.000153s ]
[ info ] [ LOG ] INIT File
[ sql ] [ DB ] CONNECT:[ UseTime:0.000491s ] mysql:host=127.0.0.1;port=3306;dbname=cancel;charset=utf8
[ sql ] [ SQL ] SHOW COLUMNS FROM `hx_auth_group_access` [ RunTime:0.001526s ]
[ sql ] [ SQL ] SELECT `aga`.`uid`,`aga`.`group_id`,`ag`.`id`,`ag`.`pid`,`ag`.`name`,`ag`.`rules` FROM `hx_auth_group_access` `aga` LEFT JOIN `hx_auth_group` `ag` ON `aga`.`group_id`=`ag`.`id` WHERE  (  aga.uid='1' and ag.status='normal' ) [ RunTime:0.000579s ]
[ sql ] [ SQL ] SHOW COLUMNS FROM `hx_auth_rule` [ RunTime:0.001356s ]
[ sql ] [ SQL ] SELECT `id`,`pid`,`condition`,`icon`,`name`,`title`,`ismenu` FROM `hx_auth_rule` WHERE  `status` = 'normal' [ RunTime:0.001308s ]
[ sql ] [ SQL ] SHOW COLUMNS FROM `hx_vip` [ RunTime:0.001606s ]
[ sql ] [ SQL ] SELECT * FROM `hx_vip` WHERE  `status` = '1'  AND `auditman` = '1'  AND `deletetime` IS NULL [ RunTime:0.000561s ]
---------------------------------------------------------------
[ 2019-10-22T10:23:42+08:00 ] 110.81.125.40 GET hx.le-cx.com/index.php/admin/activity/jquery.qrcode.min.js
[运行时间：0.070772s] [吞吐率：14.13req/s] [内存消耗：7,293.94kb] [文件加载：142]
[ info ] [ BEHAVIOR ] Run Closure @app_init [ RunTime:0.000052s ]
[ info ] [ CACHE ] INIT File
[ info ] [ BEHAVIOR ] Run \addons\cms\Cms @app_init [ RunTime:0.002779s ]
[ info ] [ BEHAVIOR ] Run \addons\epay\Epay @app_init [ RunTime:0.000077s ]
[ info ] [ BEHAVIOR ] Run Closure @app_init [ RunTime:0.000126s ]
[ info ] [ LANG ] /www/hexiao/thinkphp/lang/zh-cn.php
[ info ] [ ROUTE ] array (
  'type' => 'module',
  'module' => 
  array (
    0 => 'admin',
    1 => 'activity',
    2 => 'jquery.qrcode.min.js',
  ),
)
[ info ] [ HEADER ] array (
  'host' => 'hx.le-cx.com',
  'connection' => 'keep-alive',
  'user-agent' => 'Mozilla/5.0 (Macintosh; Intel Mac OS X 10_13_3) AppleWebKit/537.36 (KHTML, like Gecko) Chrome/77.0.3865.120 Safari/537.36',
  'accept' => '*/*',
  'referer' => 'http://hx.le-cx.com/index.php/admin/activity/add?dialog=1',
  'accept-encoding' => 'gzip, deflate',
  'accept-language' => 'zh-CN,zh;q=0.9,en;q=0.8',
  'cookie' => 'PHPSESSID=fjgnhh2uouuqnrkr892rmo64c2',
  'content-type' => '',
  'content-length' => '',
)
[ info ] [ PARAM ] array (
)
[ info ] [ LANG ] /www/hexiao/public/../application/admin/lang/zh-cn.php
[ info ] [ BEHAVIOR ] Run app\common\behavior\Common @module_init [ RunTime:0.001879s ]
[ info ] [ SESSION ] INIT array (
  'id' => '',
  'var_session_id' => '',
  'prefix' => 'think',
  'type' => '',
  'auto_start' => true,
)
[ info ] [ DB ] INIT mysql
[ info ] [ BEHAVIOR ] Run \addons\nkeditor\Nkeditor @config_init [ RunTime:0.000298s ]
[ info ] [ LANG ] /www/hexiao/public/../application/admin/lang/zh-cn/activity.php
[ info ] [ BEHAVIOR ] Run \addons\cms\Cms @response_send [ RunTime:0.000326s ]
[ info ] [ LOG ] INIT File
[ sql ] [ DB ] CONNECT:[ UseTime:0.000472s ] mysql:host=127.0.0.1;port=3306;dbname=cancel;charset=utf8
[ sql ] [ SQL ] SHOW COLUMNS FROM `hx_auth_group_access` [ RunTime:0.001510s ]
[ sql ] [ SQL ] SELECT `aga`.`uid`,`aga`.`group_id`,`ag`.`id`,`ag`.`pid`,`ag`.`name`,`ag`.`rules` FROM `hx_auth_group_access` `aga` LEFT JOIN `hx_auth_group` `ag` ON `aga`.`group_id`=`ag`.`id` WHERE  (  aga.uid='1' and ag.status='normal' ) [ RunTime:0.000612s ]
[ sql ] [ SQL ] SHOW COLUMNS FROM `hx_auth_rule` [ RunTime:0.001396s ]
[ sql ] [ SQL ] SELECT `id`,`pid`,`condition`,`icon`,`name`,`title`,`ismenu` FROM `hx_auth_rule` WHERE  `status` = 'normal' [ RunTime:0.001311s ]
[ sql ] [ SQL ] SHOW COLUMNS FROM `hx_vip` [ RunTime:0.001680s ]
[ sql ] [ SQL ] SELECT * FROM `hx_vip` WHERE  `status` = '1'  AND `auditman` = '1'  AND `deletetime` IS NULL [ RunTime:0.000583s ]
---------------------------------------------------------------
[ 2019-10-22T10:23:43+08:00 ] 110.81.125.40 GET hx.le-cx.com/index.php/admin/ajax/lang?callback=define&controllername=activity&v=1571711022
[运行时间：0.045994s] [吞吐率：21.74req/s] [内存消耗：5,472.12kb] [文件加载：133]
[ info ] [ BEHAVIOR ] Run Closure @app_init [ RunTime:0.000043s ]
[ info ] [ CACHE ] INIT File
[ info ] [ BEHAVIOR ] Run \addons\cms\Cms @app_init [ RunTime:0.002534s ]
[ info ] [ BEHAVIOR ] Run \addons\epay\Epay @app_init [ RunTime:0.000091s ]
[ info ] [ BEHAVIOR ] Run Closure @app_init [ RunTime:0.000137s ]
[ info ] [ LANG ] /www/hexiao/thinkphp/lang/zh-cn.php
[ info ] [ ROUTE ] array (
  'type' => 'module',
  'module' => 
  array (
    0 => 'admin',
    1 => 'ajax',
    2 => 'lang',
  ),
)
[ info ] [ HEADER ] array (
  'host' => 'hx.le-cx.com',
  'connection' => 'keep-alive',
  'user-agent' => 'Mozilla/5.0 (Macintosh; Intel Mac OS X 10_13_3) AppleWebKit/537.36 (KHTML, like Gecko) Chrome/77.0.3865.120 Safari/537.36',
  'accept' => '*/*',
  'referer' => 'http://hx.le-cx.com/index.php/admin/activity/add?dialog=1',
  'accept-encoding' => 'gzip, deflate',
  'accept-language' => 'zh-CN,zh;q=0.9,en;q=0.8',
  'cookie' => 'PHPSESSID=fjgnhh2uouuqnrkr892rmo64c2',
  'content-type' => '',
  'content-length' => '',
)
[ info ] [ PARAM ] array (
  'callback' => 'define',
  'controllername' => 'activity',
  'v' => '1571711022',
)
[ info ] [ LANG ] /www/hexiao/public/../application/admin/lang/zh-cn.php
[ info ] [ BEHAVIOR ] Run app\common\behavior\Common @module_init [ RunTime:0.001659s ]
[ info ] [ SESSION ] INIT array (
  'id' => '',
  'var_session_id' => '',
  'prefix' => 'think',
  'type' => '',
  'auto_start' => true,
)
[ info ] [ BEHAVIOR ] Run \addons\nkeditor\Nkeditor @config_init [ RunTime:0.000262s ]
[ info ] [ LANG ] /www/hexiao/public/../application/admin/lang/zh-cn/ajax.php
[ info ] [ RUN ] app\admin\controller\Ajax->lang[ /www/hexiao/application/admin/controller/Ajax.php ]
[ info ] [ LANG ] /www/hexiao/public/../application/admin/lang/zh-cn/activity.php
[ info ] [ BEHAVIOR ] Run app\admin\behavior\AdminLog @app_end [ RunTime:0.000128s ]
[ info ] [ BEHAVIOR ] Run \addons\cms\Cms @response_send [ RunTime:0.000285s ]
[ info ] [ LOG ] INIT File
---------------------------------------------------------------
[ 2019-10-22T11:14:04+08:00 ] 110.81.125.40 GET hx.le-cx.com/
[运行时间：0.090546s] [吞吐率：11.04req/s] [内存消耗：4,909.50kb] [文件加载：127]
[ info ] [ BEHAVIOR ] Run Closure @app_init [ RunTime:0.000054s ]
[ info ] [ CACHE ] INIT File
[ info ] [ BEHAVIOR ] Run \addons\cms\Cms @app_init [ RunTime:0.005028s ]
[ info ] [ BEHAVIOR ] Run \addons\epay\Epay @app_init [ RunTime:0.000087s ]
[ info ] [ BEHAVIOR ] Run Closure @app_init [ RunTime:0.000132s ]
[ info ] [ LANG ] /www/hexiao/thinkphp/lang/zh-cn.php
[ info ] [ ROUTE ] array (
  'type' => 'module',
  'module' => 
  array (
    0 => '',
    1 => NULL,
    2 => NULL,
  ),
)
[ info ] [ HEADER ] array (
  'host' => 'hx.le-cx.com',
  'connection' => 'keep-alive',
  'upgrade-insecure-requests' => '1',
  'user-agent' => 'Mozilla/5.0 (Macintosh; Intel Mac OS X 10_13_3) AppleWebKit/537.36 (KHTML, like Gecko) Chrome/77.0.3865.120 Safari/537.36',
  'accept' => 'text/html,application/xhtml+xml,application/xml;q=0.9,image/webp,image/apng,*/*;q=0.8,application/signed-exchange;v=b3',
  'purpose' => 'prefetch',
  'accept-encoding' => 'gzip, deflate',
  'accept-language' => 'zh-CN,zh;q=0.9,en;q=0.8',
  'cookie' => 'PHPSESSID=fjgnhh2uouuqnrkr892rmo64c2',
  'content-type' => '',
  'content-length' => '',
)
[ info ] [ PARAM ] array (
)
[ info ] [ LANG ] /www/hexiao/public/../application/index/lang/zh-cn.php
[ info ] [ BEHAVIOR ] Run app\common\behavior\Common @module_init [ RunTime:0.002556s ]
[ info ] [ BEHAVIOR ] Run \addons\nkeditor\Nkeditor @config_init [ RunTime:0.000487s ]
[ info ] [ LANG ] /www/hexiao/public/../application/index/lang/zh-cn/index.php
[ info ] [ RUN ] app\index\controller\Index->index[ /www/hexiao/application/index/controller/Index.php ]
[ info ] [ BEHAVIOR ] Run \addons\cms\Cms @response_send [ RunTime:0.000116s ]
[ info ] [ LOG ] INIT File
---------------------------------------------------------------
[ 2019-10-22T11:14:04+08:00 ] 110.81.125.40 GET hx.le-cx.com/index.php/admin/index/login
[运行时间：0.057025s] [吞吐率：17.54req/s] [内存消耗：5,416.28kb] [文件加载：133]
[ info ] [ BEHAVIOR ] Run Closure @app_init [ RunTime:0.000048s ]
[ info ] [ CACHE ] INIT File
[ info ] [ BEHAVIOR ] Run \addons\cms\Cms @app_init [ RunTime:0.003203s ]
[ info ] [ BEHAVIOR ] Run \addons\epay\Epay @app_init [ RunTime:0.000104s ]
[ info ] [ BEHAVIOR ] Run Closure @app_init [ RunTime:0.000152s ]
[ info ] [ LANG ] /www/hexiao/thinkphp/lang/zh-cn.php
[ info ] [ ROUTE ] array (
  'type' => 'module',
  'module' => 
  array (
    0 => 'admin',
    1 => 'index',
    2 => 'login',
  ),
)
[ info ] [ HEADER ] array (
  'host' => 'hx.le-cx.com',
  'connection' => 'keep-alive',
  'upgrade-insecure-requests' => '1',
  'user-agent' => 'Mozilla/5.0 (Macintosh; Intel Mac OS X 10_13_3) AppleWebKit/537.36 (KHTML, like Gecko) Chrome/77.0.3865.120 Safari/537.36',
  'accept' => 'text/html,application/xhtml+xml,application/xml;q=0.9,image/webp,image/apng,*/*;q=0.8,application/signed-exchange;v=b3',
  'purpose' => 'prefetch',
  'accept-encoding' => 'gzip, deflate',
  'accept-language' => 'zh-CN,zh;q=0.9,en;q=0.8',
  'cookie' => 'PHPSESSID=fjgnhh2uouuqnrkr892rmo64c2',
  'content-type' => '',
  'content-length' => '',
)
[ info ] [ PARAM ] array (
)
[ info ] [ LANG ] /www/hexiao/public/../application/admin/lang/zh-cn.php
[ info ] [ BEHAVIOR ] Run app\common\behavior\Common @module_init [ RunTime:0.001798s ]
[ info ] [ SESSION ] INIT array (
  'id' => '',
  'var_session_id' => '',
  'prefix' => 'think',
  'type' => '',
  'auto_start' => true,
)
[ info ] [ BEHAVIOR ] Run \addons\nkeditor\Nkeditor @config_init [ RunTime:0.000264s ]
[ info ] [ LANG ] /www/hexiao/public/../application/admin/lang/zh-cn/index.php
[ info ] [ RUN ] app\admin\controller\Index->login[ /www/hexiao/application/admin/controller/Index.php ]
[ info ] [ VIEW ] /www/hexiao/public/../application/common/view/tpl/dispatch_jump.tpl [ array (
  0 => 'breadcrumb',
  1 => 'site',
  2 => 'config',
  3 => 'auth',
  4 => 'admin',
  5 => 'code',
  6 => 'msg',
  7 => 'data',
  8 => 'url',
  9 => 'wait',
) ]
[ info ] [ BEHAVIOR ] Run app\admin\behavior\AdminLog @app_end [ RunTime:0.000934s ]
[ info ] [ BEHAVIOR ] Run \addons\cms\Cms @response_send [ RunTime:0.000151s ]
[ info ] [ LOG ] INIT File
