---------------------------------------------------------------
[ 2019-12-10T17:54:34+08:00 ] 47.98.103.155 GET hx.le-cx.com/
[运行时间：0.186902s] [吞吐率：5.35req/s] [内存消耗：4,907.17kb] [文件加载：127]
[ info ] [ BEHAVIOR ] Run Closure @app_init [ RunTime:0.000065s ]
[ info ] [ CACHE ] INIT File
[ info ] [ BEHAVIOR ] Run \addons\cms\Cms @app_init [ RunTime:0.006332s ]
[ info ] [ BEHAVIOR ] Run \addons\epay\Epay @app_init [ RunTime:0.000114s ]
[ info ] [ BEHAVIOR ] Run Closure @app_init [ RunTime:0.000160s ]
[ info ] [ LANG ] /www/hexiao/thinkphp/lang/zh-cn.php
[ info ] [ ROUTE ] array (
  'type' => 'module',
  'module' => 
  array (
    0 => '',
    1 => NULL,
    2 => NULL,
  ),
)
[ info ] [ HEADER ] array (
  'user-agent' => 'Mozilla/5.0 (X11; Ubuntu; Linux x86_64; rv:36.0) Gecko/20100101 Firefox/36.0',
  'host' => 'hx.le-cx.com',
  'connection' => 'Keep-Alive',
  'accept-encoding' => 'gzip',
  'content-type' => '',
  'content-length' => '',
)
[ info ] [ PARAM ] array (
)
[ info ] [ LANG ] /www/hexiao/public/../application/index/lang/zh-cn.php
[ info ] [ BEHAVIOR ] Run app\common\behavior\Common @module_init [ RunTime:0.003327s ]
[ info ] [ BEHAVIOR ] Run \addons\nkeditor\Nkeditor @config_init [ RunTime:0.000515s ]
[ info ] [ LANG ] /www/hexiao/public/../application/index/lang/zh-cn/index.php
[ info ] [ RUN ] app\index\controller\Index->index[ /www/hexiao/application/index/controller/Index.php ]
[ info ] [ BEHAVIOR ] Run \addons\cms\Cms @response_send [ RunTime:0.000120s ]
[ info ] [ LOG ] INIT File
---------------------------------------------------------------
[ 2019-12-10T17:54:34+08:00 ] 47.98.103.155 GET hx.le-cx.com/index.php/admin/index/login
[运行时间：0.069580s] [吞吐率：14.37req/s] [内存消耗：5,450.98kb] [文件加载：133]
[ info ] [ BEHAVIOR ] Run Closure @app_init [ RunTime:0.000048s ]
[ info ] [ CACHE ] INIT File
[ info ] [ BEHAVIOR ] Run \addons\cms\Cms @app_init [ RunTime:0.002569s ]
[ info ] [ BEHAVIOR ] Run \addons\epay\Epay @app_init [ RunTime:0.000090s ]
[ info ] [ BEHAVIOR ] Run Closure @app_init [ RunTime:0.000172s ]
[ info ] [ LANG ] /www/hexiao/thinkphp/lang/zh-cn.php
[ info ] [ ROUTE ] array (
  'type' => 'module',
  'module' => 
  array (
    0 => 'admin',
    1 => 'index',
    2 => 'login',
  ),
)
[ info ] [ HEADER ] array (
  'user-agent' => 'Mozilla/5.0 (X11; Ubuntu; Linux x86_64; rv:36.0) Gecko/20100101 Firefox/36.0',
  'host' => 'hx.le-cx.com',
  'connection' => 'Keep-Alive',
  'accept-encoding' => 'gzip',
  'content-type' => '',
  'content-length' => '',
)
[ info ] [ PARAM ] array (
)
[ info ] [ LANG ] /www/hexiao/public/../application/admin/lang/zh-cn.php
[ info ] [ BEHAVIOR ] Run app\common\behavior\Common @module_init [ RunTime:0.001872s ]
[ info ] [ SESSION ] INIT array (
  'id' => '',
  'var_session_id' => '',
  'prefix' => 'think',
  'type' => '',
  'auto_start' => true,
)
[ info ] [ BEHAVIOR ] Run \addons\nkeditor\Nkeditor @config_init [ RunTime:0.000248s ]
[ info ] [ LANG ] /www/hexiao/public/../application/admin/lang/zh-cn/index.php
[ info ] [ RUN ] app\admin\controller\Index->login[ /www/hexiao/application/admin/controller/Index.php ]
[ info ] [ VIEW ] /www/hexiao/public/../application/admin/view/index/login.html [ array (
  0 => 'breadcrumb',
  1 => 'site',
  2 => 'config',
  3 => 'auth',
  4 => 'admin',
  5 => 'background',
  6 => 'title',
) ]
[ info ] [ BEHAVIOR ] Run app\admin\behavior\AdminLog @app_end [ RunTime:0.000533s ]
[ info ] [ BEHAVIOR ] Run \addons\cms\Cms @response_send [ RunTime:0.000131s ]
[ info ] [ LOG ] INIT File
