---------------------------------------------------------------
[ 2019-12-11T15:27:27+08:00 ] 110.81.127.173 GET hx.le-cx.com/
[运行时间：0.099946s] [吞吐率：10.01req/s] [内存消耗：4,909.19kb] [文件加载：127]
[ info ] [ BEHAVIOR ] Run Closure @app_init [ RunTime:0.001786s ]
[ info ] [ CACHE ] INIT File
[ info ] [ BEHAVIOR ] Run \addons\cms\Cms @app_init [ RunTime:0.004216s ]
[ info ] [ BEHAVIOR ] Run \addons\epay\Epay @app_init [ RunTime:0.000087s ]
[ info ] [ BEHAVIOR ] Run Closure @app_init [ RunTime:0.000137s ]
[ info ] [ LANG ] /www/hexiao/thinkphp/lang/zh-cn.php
[ info ] [ ROUTE ] array (
  'type' => 'module',
  'module' => 
  array (
    0 => '',
    1 => NULL,
    2 => NULL,
  ),
)
[ info ] [ HEADER ] array (
  'host' => 'hx.le-cx.com',
  'connection' => 'keep-alive',
  'upgrade-insecure-requests' => '1',
  'user-agent' => 'Mozilla/5.0 (Macintosh; Intel Mac OS X 10_13_3) AppleWebKit/537.36 (KHTML, like Gecko) Chrome/78.0.3904.108 Safari/537.36',
  'accept' => 'text/html,application/xhtml+xml,application/xml;q=0.9,image/webp,image/apng,*/*;q=0.8,application/signed-exchange;v=b3',
  'purpose' => 'prefetch',
  'accept-encoding' => 'gzip, deflate',
  'accept-language' => 'zh-CN,zh;q=0.9,en;q=0.8',
  'content-type' => '',
  'content-length' => '',
)
[ info ] [ PARAM ] array (
)
[ info ] [ LANG ] /www/hexiao/public/../application/index/lang/zh-cn.php
[ info ] [ BEHAVIOR ] Run app\common\behavior\Common @module_init [ RunTime:0.004844s ]
[ info ] [ BEHAVIOR ] Run \addons\nkeditor\Nkeditor @config_init [ RunTime:0.000464s ]
[ info ] [ LANG ] /www/hexiao/public/../application/index/lang/zh-cn/index.php
[ info ] [ RUN ] app\index\controller\Index->index[ /www/hexiao/application/index/controller/Index.php ]
[ info ] [ BEHAVIOR ] Run \addons\cms\Cms @response_send [ RunTime:0.000129s ]
[ info ] [ LOG ] INIT File
---------------------------------------------------------------
[ 2019-12-11T15:27:27+08:00 ] 110.81.127.173 GET hx.le-cx.com/index.php/admin/index/login
[运行时间：0.057046s] [吞吐率：17.53req/s] [内存消耗：5,452.78kb] [文件加载：133]
[ info ] [ BEHAVIOR ] Run Closure @app_init [ RunTime:0.000094s ]
[ info ] [ CACHE ] INIT File
[ info ] [ BEHAVIOR ] Run \addons\cms\Cms @app_init [ RunTime:0.002638s ]
[ info ] [ BEHAVIOR ] Run \addons\epay\Epay @app_init [ RunTime:0.000096s ]
[ info ] [ BEHAVIOR ] Run Closure @app_init [ RunTime:0.000137s ]
[ info ] [ LANG ] /www/hexiao/thinkphp/lang/zh-cn.php
[ info ] [ ROUTE ] array (
  'type' => 'module',
  'module' => 
  array (
    0 => 'admin',
    1 => 'index',
    2 => 'login',
  ),
)
[ info ] [ HEADER ] array (
  'host' => 'hx.le-cx.com',
  'connection' => 'keep-alive',
  'upgrade-insecure-requests' => '1',
  'user-agent' => 'Mozilla/5.0 (Macintosh; Intel Mac OS X 10_13_3) AppleWebKit/537.36 (KHTML, like Gecko) Chrome/78.0.3904.108 Safari/537.36',
  'accept' => 'text/html,application/xhtml+xml,application/xml;q=0.9,image/webp,image/apng,*/*;q=0.8,application/signed-exchange;v=b3',
  'purpose' => 'prefetch',
  'accept-encoding' => 'gzip, deflate',
  'accept-language' => 'zh-CN,zh;q=0.9,en;q=0.8',
  'content-type' => '',
  'content-length' => '',
)
[ info ] [ PARAM ] array (
)
[ info ] [ LANG ] /www/hexiao/public/../application/admin/lang/zh-cn.php
[ info ] [ BEHAVIOR ] Run app\common\behavior\Common @module_init [ RunTime:0.001921s ]
[ info ] [ SESSION ] INIT array (
  'id' => '',
  'var_session_id' => '',
  'prefix' => 'think',
  'type' => '',
  'auto_start' => true,
)
[ info ] [ BEHAVIOR ] Run \addons\nkeditor\Nkeditor @config_init [ RunTime:0.000403s ]
[ info ] [ LANG ] /www/hexiao/public/../application/admin/lang/zh-cn/index.php
[ info ] [ RUN ] app\admin\controller\Index->login[ /www/hexiao/application/admin/controller/Index.php ]
[ info ] [ VIEW ] /www/hexiao/public/../application/admin/view/index/login.html [ array (
  0 => 'breadcrumb',
  1 => 'site',
  2 => 'config',
  3 => 'auth',
  4 => 'admin',
  5 => 'background',
  6 => 'title',
) ]
[ info ] [ BEHAVIOR ] Run app\admin\behavior\AdminLog @app_end [ RunTime:0.000486s ]
[ info ] [ BEHAVIOR ] Run \addons\cms\Cms @response_send [ RunTime:0.000151s ]
[ info ] [ LOG ] INIT File
---------------------------------------------------------------
[ 2019-12-11T15:27:28+08:00 ] 110.81.127.173 GET hx.le-cx.com/index.php/admin/index/login
[运行时间：0.045810s] [吞吐率：21.83req/s] [内存消耗：5,452.73kb] [文件加载：133]
[ info ] [ BEHAVIOR ] Run Closure @app_init [ RunTime:0.000112s ]
[ info ] [ CACHE ] INIT File
[ info ] [ BEHAVIOR ] Run \addons\cms\Cms @app_init [ RunTime:0.002576s ]
[ info ] [ BEHAVIOR ] Run \addons\epay\Epay @app_init [ RunTime:0.000073s ]
[ info ] [ BEHAVIOR ] Run Closure @app_init [ RunTime:0.000110s ]
[ info ] [ LANG ] /www/hexiao/thinkphp/lang/zh-cn.php
[ info ] [ ROUTE ] array (
  'type' => 'module',
  'module' => 
  array (
    0 => 'admin',
    1 => 'index',
    2 => 'login',
  ),
)
[ info ] [ HEADER ] array (
  'host' => 'hx.le-cx.com',
  'connection' => 'keep-alive',
  'upgrade-insecure-requests' => '1',
  'user-agent' => 'Mozilla/5.0 (Macintosh; Intel Mac OS X 10_13_3) AppleWebKit/537.36 (KHTML, like Gecko) Chrome/78.0.3904.108 Safari/537.36',
  'accept' => 'text/html,application/xhtml+xml,application/xml;q=0.9,image/webp,image/apng,*/*;q=0.8,application/signed-exchange;v=b3',
  'accept-encoding' => 'gzip, deflate',
  'accept-language' => 'zh-CN,zh;q=0.9,en;q=0.8',
  'cookie' => 'PHPSESSID=ur9ldukl2b32rntepus1db2do5',
  'content-type' => '',
  'content-length' => '',
)
[ info ] [ PARAM ] array (
)
[ info ] [ LANG ] /www/hexiao/public/../application/admin/lang/zh-cn.php
[ info ] [ BEHAVIOR ] Run app\common\behavior\Common @module_init [ RunTime:0.001837s ]
[ info ] [ SESSION ] INIT array (
  'id' => '',
  'var_session_id' => '',
  'prefix' => 'think',
  'type' => '',
  'auto_start' => true,
)
[ info ] [ BEHAVIOR ] Run \addons\nkeditor\Nkeditor @config_init [ RunTime:0.000257s ]
[ info ] [ LANG ] /www/hexiao/public/../application/admin/lang/zh-cn/index.php
[ info ] [ RUN ] app\admin\controller\Index->login[ /www/hexiao/application/admin/controller/Index.php ]
[ info ] [ VIEW ] /www/hexiao/public/../application/admin/view/index/login.html [ array (
  0 => 'breadcrumb',
  1 => 'site',
  2 => 'config',
  3 => 'auth',
  4 => 'admin',
  5 => 'background',
  6 => 'title',
) ]
[ info ] [ BEHAVIOR ] Run app\admin\behavior\AdminLog @app_end [ RunTime:0.000134s ]
[ info ] [ BEHAVIOR ] Run \addons\cms\Cms @response_send [ RunTime:0.000139s ]
[ info ] [ LOG ] INIT File
---------------------------------------------------------------
[ 2019-12-11T15:27:29+08:00 ] 110.81.127.173 GET hx.le-cx.com/index.php/admin/ajax/lang?callback=define&controllername=index&v=1576049248
[运行时间：0.046649s] [吞吐率：21.44req/s] [内存消耗：5,473.51kb] [文件加载：133]
[ info ] [ BEHAVIOR ] Run Closure @app_init [ RunTime:0.000045s ]
[ info ] [ CACHE ] INIT File
[ info ] [ BEHAVIOR ] Run \addons\cms\Cms @app_init [ RunTime:0.002609s ]
[ info ] [ BEHAVIOR ] Run \addons\epay\Epay @app_init [ RunTime:0.000095s ]
[ info ] [ BEHAVIOR ] Run Closure @app_init [ RunTime:0.000183s ]
[ info ] [ LANG ] /www/hexiao/thinkphp/lang/zh-cn.php
[ info ] [ ROUTE ] array (
  'type' => 'module',
  'module' => 
  array (
    0 => 'admin',
    1 => 'ajax',
    2 => 'lang',
  ),
)
[ info ] [ HEADER ] array (
  'host' => 'hx.le-cx.com',
  'connection' => 'keep-alive',
  'user-agent' => 'Mozilla/5.0 (Macintosh; Intel Mac OS X 10_13_3) AppleWebKit/537.36 (KHTML, like Gecko) Chrome/78.0.3904.108 Safari/537.36',
  'accept' => '*/*',
  'referer' => 'http://hx.le-cx.com/index.php/admin/index/login',
  'accept-encoding' => 'gzip, deflate',
  'accept-language' => 'zh-CN,zh;q=0.9,en;q=0.8',
  'cookie' => 'PHPSESSID=ur9ldukl2b32rntepus1db2do5',
  'content-type' => '',
  'content-length' => '',
)
[ info ] [ PARAM ] array (
  'callback' => 'define',
  'controllername' => 'index',
  'v' => '1576049248',
)
[ info ] [ LANG ] /www/hexiao/public/../application/admin/lang/zh-cn.php
[ info ] [ BEHAVIOR ] Run app\common\behavior\Common @module_init [ RunTime:0.001790s ]
[ info ] [ SESSION ] INIT array (
  'id' => '',
  'var_session_id' => '',
  'prefix' => 'think',
  'type' => '',
  'auto_start' => true,
)
[ info ] [ BEHAVIOR ] Run \addons\nkeditor\Nkeditor @config_init [ RunTime:0.000231s ]
[ info ] [ LANG ] /www/hexiao/public/../application/admin/lang/zh-cn/ajax.php
[ info ] [ RUN ] app\admin\controller\Ajax->lang[ /www/hexiao/application/admin/controller/Ajax.php ]
[ info ] [ LANG ] /www/hexiao/public/../application/admin/lang/zh-cn/index.php
[ info ] [ BEHAVIOR ] Run app\admin\behavior\AdminLog @app_end [ RunTime:0.000135s ]
[ info ] [ BEHAVIOR ] Run \addons\cms\Cms @response_send [ RunTime:0.000325s ]
[ info ] [ LOG ] INIT File
---------------------------------------------------------------
[ 2019-12-11T15:27:35+08:00 ] 110.81.127.173 POST hx.le-cx.com/index.php/admin/index/login
[运行时间：0.075704s] [吞吐率：13.21req/s] [内存消耗：6,839.52kb] [文件加载：141]
[ info ] [ BEHAVIOR ] Run Closure @app_init [ RunTime:0.000045s ]
[ info ] [ CACHE ] INIT File
[ info ] [ BEHAVIOR ] Run \addons\cms\Cms @app_init [ RunTime:0.002648s ]
[ info ] [ BEHAVIOR ] Run \addons\epay\Epay @app_init [ RunTime:0.000073s ]
[ info ] [ BEHAVIOR ] Run Closure @app_init [ RunTime:0.000111s ]
[ info ] [ LANG ] /www/hexiao/thinkphp/lang/zh-cn.php
[ info ] [ ROUTE ] array (
  'type' => 'module',
  'module' => 
  array (
    0 => 'admin',
    1 => 'index',
    2 => 'login',
  ),
)
[ info ] [ HEADER ] array (
  'host' => 'hx.le-cx.com',
  'connection' => 'keep-alive',
  'content-length' => '75',
  'accept' => 'application/json, text/javascript, */*; q=0.01',
  'origin' => 'http://hx.le-cx.com',
  'x-requested-with' => 'XMLHttpRequest',
  'user-agent' => 'Mozilla/5.0 (Macintosh; Intel Mac OS X 10_13_3) AppleWebKit/537.36 (KHTML, like Gecko) Chrome/78.0.3904.108 Safari/537.36',
  'content-type' => 'application/x-www-form-urlencoded; charset=UTF-8',
  'referer' => 'http://hx.le-cx.com/index.php/admin/index/login',
  'accept-encoding' => 'gzip, deflate',
  'accept-language' => 'zh-CN,zh;q=0.9,en;q=0.8',
  'cookie' => 'PHPSESSID=ur9ldukl2b32rntepus1db2do5',
)
[ info ] [ PARAM ] array (
  '__token__' => '8682d992872e2dd0ab9a1853cdb278eb',
  'username' => 'admin',
  'password' => 'admin123',
)
[ info ] [ LANG ] /www/hexiao/public/../application/admin/lang/zh-cn.php
[ info ] [ BEHAVIOR ] Run app\common\behavior\Common @module_init [ RunTime:0.001788s ]
[ info ] [ SESSION ] INIT array (
  'id' => '',
  'var_session_id' => '',
  'prefix' => 'think',
  'type' => '',
  'auto_start' => true,
)
[ info ] [ BEHAVIOR ] Run \addons\nkeditor\Nkeditor @config_init [ RunTime:0.000283s ]
[ info ] [ LANG ] /www/hexiao/public/../application/admin/lang/zh-cn/index.php
[ info ] [ RUN ] app\admin\controller\Index->login[ /www/hexiao/application/admin/controller/Index.php ]
[ info ] [ DB ] INIT mysql
[ info ] [ BEHAVIOR ] Run app\admin\behavior\AdminLog @app_end [ RunTime:0.006482s ]
[ info ] [ BEHAVIOR ] Run \addons\cms\Cms @response_send [ RunTime:0.000122s ]
[ info ] [ LOG ] INIT File
[ sql ] [ DB ] CONNECT:[ UseTime:0.002289s ] mysql:host=127.0.0.1;port=3306;dbname=cancel;charset=utf8
[ sql ] [ SQL ] SHOW COLUMNS FROM `hx_admin` [ RunTime:0.002391s ]
[ sql ] [ SQL ] SELECT * FROM `hx_admin` WHERE  `username` = 'admin' LIMIT 1 [ RunTime:0.000992s ]
[ sql ] [ SQL ] UPDATE `hx_admin`  SET `loginfailure`=1,`updatetime`=1576049255  WHERE  `id` = 1 [ RunTime:0.003143s ]
[ sql ] [ SQL ] SHOW COLUMNS FROM `hx_admin_log` [ RunTime:0.002165s ]
[ sql ] [ SQL ] INSERT INTO `hx_admin_log` (`title` , `content` , `url` , `admin_id` , `username` , `useragent` , `ip` , `createtime`) VALUES ('登录' , '{\"__token__\":\"8682d992872e2dd0ab9a1853cdb278eb\",\"username\":\"admin\"}' , '/index.php/admin/index/login' , 0 , 'Unknown' , 'Mozilla/5.0 (Macintosh; Intel Mac OS X 10_13_3) AppleWebKit/537.36 (KHTML, like Gecko) Chrome/78.0.3904.108 Safari/537.36' , '110.81.127.173' , 1576049255) [ RunTime:0.003284s ]
---------------------------------------------------------------
[ 2019-12-11T15:27:37+08:00 ] 110.81.127.173 POST hx.le-cx.com/index.php/admin/index/login
[运行时间：0.069423s] [吞吐率：14.40req/s] [内存消耗：6,876.41kb] [文件加载：142]
[ info ] [ BEHAVIOR ] Run Closure @app_init [ RunTime:0.000044s ]
[ info ] [ CACHE ] INIT File
[ info ] [ BEHAVIOR ] Run \addons\cms\Cms @app_init [ RunTime:0.002649s ]
[ info ] [ BEHAVIOR ] Run \addons\epay\Epay @app_init [ RunTime:0.000080s ]
[ info ] [ BEHAVIOR ] Run Closure @app_init [ RunTime:0.000118s ]
[ info ] [ LANG ] /www/hexiao/thinkphp/lang/zh-cn.php
[ info ] [ ROUTE ] array (
  'type' => 'module',
  'module' => 
  array (
    0 => 'admin',
    1 => 'index',
    2 => 'login',
  ),
)
[ info ] [ HEADER ] array (
  'host' => 'hx.le-cx.com',
  'connection' => 'keep-alive',
  'content-length' => '73',
  'accept' => 'application/json, text/javascript, */*; q=0.01',
  'origin' => 'http://hx.le-cx.com',
  'x-requested-with' => 'XMLHttpRequest',
  'user-agent' => 'Mozilla/5.0 (Macintosh; Intel Mac OS X 10_13_3) AppleWebKit/537.36 (KHTML, like Gecko) Chrome/78.0.3904.108 Safari/537.36',
  'content-type' => 'application/x-www-form-urlencoded; charset=UTF-8',
  'referer' => 'http://hx.le-cx.com/index.php/admin/index/login',
  'accept-encoding' => 'gzip, deflate',
  'accept-language' => 'zh-CN,zh;q=0.9,en;q=0.8',
  'cookie' => 'PHPSESSID=ur9ldukl2b32rntepus1db2do5',
)
[ info ] [ PARAM ] array (
  '__token__' => '440bd86fbe48264444ce406a7e4682e2',
  'username' => 'admin',
  'password' => '123456',
)
[ info ] [ LANG ] /www/hexiao/public/../application/admin/lang/zh-cn.php
[ info ] [ BEHAVIOR ] Run app\common\behavior\Common @module_init [ RunTime:0.001861s ]
[ info ] [ SESSION ] INIT array (
  'id' => '',
  'var_session_id' => '',
  'prefix' => 'think',
  'type' => '',
  'auto_start' => true,
)
[ info ] [ BEHAVIOR ] Run \addons\nkeditor\Nkeditor @config_init [ RunTime:0.000258s ]
[ info ] [ LANG ] /www/hexiao/public/../application/admin/lang/zh-cn/index.php
[ info ] [ RUN ] app\admin\controller\Index->login[ /www/hexiao/application/admin/controller/Index.php ]
[ info ] [ DB ] INIT mysql
[ info ] [ BEHAVIOR ] Run app\admin\behavior\AdminLog @app_end [ RunTime:0.006999s ]
[ info ] [ BEHAVIOR ] Run \addons\cms\Cms @response_send [ RunTime:0.000143s ]
[ info ] [ LOG ] INIT File
[ sql ] [ DB ] CONNECT:[ UseTime:0.000552s ] mysql:host=127.0.0.1;port=3306;dbname=cancel;charset=utf8
[ sql ] [ SQL ] SHOW COLUMNS FROM `hx_admin` [ RunTime:0.001713s ]
[ sql ] [ SQL ] SELECT * FROM `hx_admin` WHERE  `username` = 'admin' LIMIT 1 [ RunTime:0.000568s ]
[ sql ] [ SQL ] UPDATE `hx_admin`  SET `loginfailure`=0,`logintime`=1576049257,`token`='64788d7f-a92b-443e-80dd-7031f69ad8d3',`updatetime`=1576049257  WHERE  `id` = 1 [ RunTime:0.003489s ]
[ sql ] [ SQL ] SHOW COLUMNS FROM `hx_admin_log` [ RunTime:0.001797s ]
[ sql ] [ SQL ] INSERT INTO `hx_admin_log` (`title` , `content` , `url` , `admin_id` , `username` , `useragent` , `ip` , `createtime`) VALUES ('登录' , '{\"__token__\":\"440bd86fbe48264444ce406a7e4682e2\",\"username\":\"admin\"}' , '/index.php/admin/index/login' , 1 , 'admin' , 'Mozilla/5.0 (Macintosh; Intel Mac OS X 10_13_3) AppleWebKit/537.36 (KHTML, like Gecko) Chrome/78.0.3904.108 Safari/537.36' , '110.81.127.173' , 1576049257) [ RunTime:0.003997s ]
---------------------------------------------------------------
[ 2019-12-11T15:27:38+08:00 ] 110.81.127.173 GET hx.le-cx.com/index.php/admin/index/index
[运行时间：1.020822s] [吞吐率：0.98req/s] [内存消耗：7,477.38kb] [文件加载：152]
[ info ] [ BEHAVIOR ] Run Closure @app_init [ RunTime:0.000043s ]
[ info ] [ CACHE ] INIT File
[ info ] [ BEHAVIOR ] Run \addons\cms\Cms @app_init [ RunTime:0.003002s ]
[ info ] [ BEHAVIOR ] Run \addons\epay\Epay @app_init [ RunTime:0.000118s ]
[ info ] [ BEHAVIOR ] Run Closure @app_init [ RunTime:0.000176s ]
[ info ] [ LANG ] /www/hexiao/thinkphp/lang/zh-cn.php
[ info ] [ ROUTE ] array (
  'type' => 'module',
  'module' => 
  array (
    0 => 'admin',
    1 => 'index',
    2 => 'index',
  ),
)
[ info ] [ HEADER ] array (
  'host' => 'hx.le-cx.com',
  'connection' => 'keep-alive',
  'upgrade-insecure-requests' => '1',
  'user-agent' => 'Mozilla/5.0 (Macintosh; Intel Mac OS X 10_13_3) AppleWebKit/537.36 (KHTML, like Gecko) Chrome/78.0.3904.108 Safari/537.36',
  'accept' => 'text/html,application/xhtml+xml,application/xml;q=0.9,image/webp,image/apng,*/*;q=0.8,application/signed-exchange;v=b3',
  'referer' => 'http://hx.le-cx.com/index.php/admin/index/login',
  'accept-encoding' => 'gzip, deflate',
  'accept-language' => 'zh-CN,zh;q=0.9,en;q=0.8',
  'cookie' => 'PHPSESSID=ur9ldukl2b32rntepus1db2do5',
  'content-type' => '',
  'content-length' => '',
)
[ info ] [ PARAM ] array (
)
[ info ] [ LANG ] /www/hexiao/public/../application/admin/lang/zh-cn.php
[ info ] [ BEHAVIOR ] Run app\common\behavior\Common @module_init [ RunTime:0.001879s ]
[ info ] [ SESSION ] INIT array (
  'id' => '',
  'var_session_id' => '',
  'prefix' => 'think',
  'type' => '',
  'auto_start' => true,
)
[ info ] [ BEHAVIOR ] Run \addons\nkeditor\Nkeditor @config_init [ RunTime:0.000274s ]
[ info ] [ LANG ] /www/hexiao/public/../application/admin/lang/zh-cn/index.php
[ info ] [ RUN ] app\admin\controller\Index->index[ /www/hexiao/application/admin/controller/Index.php ]
[ info ] [ DB ] INIT mysql
[ info ] [ VIEW ] /www/hexiao/public/../application/admin/view/index/index.html [ array (
  0 => 'breadcrumb',
  1 => 'site',
  2 => 'config',
  3 => 'auth',
  4 => 'admin',
  5 => 'menulist',
  6 => 'navlist',
  7 => 'fixedmenu',
  8 => 'referermenu',
  9 => 'title',
) ]
[ info ] [ BEHAVIOR ] Run app\admin\behavior\AdminLog @app_end [ RunTime:0.000168s ]
[ info ] [ BEHAVIOR ] Run \addons\cms\Cms @response_send [ RunTime:0.000203s ]
[ info ] [ LOG ] INIT File
[ sql ] [ DB ] CONNECT:[ UseTime:0.000584s ] mysql:host=127.0.0.1;port=3306;dbname=cancel;charset=utf8
[ sql ] [ SQL ] SHOW COLUMNS FROM `hx_auth_group_access` [ RunTime:0.002481s ]
[ sql ] [ SQL ] SELECT `aga`.`uid`,`aga`.`group_id`,`ag`.`id`,`ag`.`pid`,`ag`.`name`,`ag`.`rules` FROM `hx_auth_group_access` `aga` LEFT JOIN `hx_auth_group` `ag` ON `aga`.`group_id`=`ag`.`id` WHERE  (  aga.uid='1' and ag.status='normal' ) [ RunTime:0.002476s ]
[ sql ] [ SQL ] SHOW COLUMNS FROM `hx_auth_rule` [ RunTime:0.002185s ]
[ sql ] [ SQL ] SELECT `id`,`pid`,`condition`,`icon`,`name`,`title`,`ismenu` FROM `hx_auth_rule` WHERE  `status` = 'normal' [ RunTime:0.018289s ]
[ sql ] [ SQL ] SELECT `name`,`pid` FROM `hx_auth_rule` WHERE  `status` = 'normal'  AND `ismenu` = 0  AND `name` LIKE '%/index' [ RunTime:0.001024s ]
---------------------------------------------------------------
[ 2019-12-11T15:27:39+08:00 ] 110.81.127.173 GET hx.le-cx.com/index.php/admin/ajax/lang?callback=define&controllername=index&v=1576049257
[运行时间：0.043729s] [吞吐率：22.87req/s] [内存消耗：5,475.90kb] [文件加载：133]
[ info ] [ BEHAVIOR ] Run Closure @app_init [ RunTime:0.000041s ]
[ info ] [ CACHE ] INIT File
[ info ] [ BEHAVIOR ] Run \addons\cms\Cms @app_init [ RunTime:0.002501s ]
[ info ] [ BEHAVIOR ] Run \addons\epay\Epay @app_init [ RunTime:0.000071s ]
[ info ] [ BEHAVIOR ] Run Closure @app_init [ RunTime:0.000108s ]
[ info ] [ LANG ] /www/hexiao/thinkphp/lang/zh-cn.php
[ info ] [ ROUTE ] array (
  'type' => 'module',
  'module' => 
  array (
    0 => 'admin',
    1 => 'ajax',
    2 => 'lang',
  ),
)
[ info ] [ HEADER ] array (
  'host' => 'hx.le-cx.com',
  'connection' => 'keep-alive',
  'user-agent' => 'Mozilla/5.0 (Macintosh; Intel Mac OS X 10_13_3) AppleWebKit/537.36 (KHTML, like Gecko) Chrome/78.0.3904.108 Safari/537.36',
  'accept' => '*/*',
  'referer' => 'http://hx.le-cx.com/index.php/admin/index/index',
  'accept-encoding' => 'gzip, deflate',
  'accept-language' => 'zh-CN,zh;q=0.9,en;q=0.8',
  'cookie' => 'PHPSESSID=ur9ldukl2b32rntepus1db2do5',
  'content-type' => '',
  'content-length' => '',
)
[ info ] [ PARAM ] array (
  'callback' => 'define',
  'controllername' => 'index',
  'v' => '1576049257',
)
[ info ] [ LANG ] /www/hexiao/public/../application/admin/lang/zh-cn.php
[ info ] [ BEHAVIOR ] Run app\common\behavior\Common @module_init [ RunTime:0.001779s ]
[ info ] [ SESSION ] INIT array (
  'id' => '',
  'var_session_id' => '',
  'prefix' => 'think',
  'type' => '',
  'auto_start' => true,
)
[ info ] [ BEHAVIOR ] Run \addons\nkeditor\Nkeditor @config_init [ RunTime:0.000241s ]
[ info ] [ LANG ] /www/hexiao/public/../application/admin/lang/zh-cn/ajax.php
[ info ] [ RUN ] app\admin\controller\Ajax->lang[ /www/hexiao/application/admin/controller/Ajax.php ]
[ info ] [ LANG ] /www/hexiao/public/../application/admin/lang/zh-cn/index.php
[ info ] [ BEHAVIOR ] Run app\admin\behavior\AdminLog @app_end [ RunTime:0.000138s ]
[ info ] [ BEHAVIOR ] Run \addons\cms\Cms @response_send [ RunTime:0.000315s ]
[ info ] [ LOG ] INIT File
---------------------------------------------------------------
[ 2019-12-11T15:27:40+08:00 ] 110.81.127.173 GET hx.le-cx.com/index.php/admin/general/config?addtabs=1
[运行时间：0.099284s] [吞吐率：10.07req/s] [内存消耗：7,204.52kb] [文件加载：140]
[ info ] [ BEHAVIOR ] Run Closure @app_init [ RunTime:0.000043s ]
[ info ] [ CACHE ] INIT File
[ info ] [ BEHAVIOR ] Run \addons\cms\Cms @app_init [ RunTime:0.002602s ]
[ info ] [ BEHAVIOR ] Run \addons\epay\Epay @app_init [ RunTime:0.000093s ]
[ info ] [ BEHAVIOR ] Run Closure @app_init [ RunTime:0.000131s ]
[ info ] [ LANG ] /www/hexiao/thinkphp/lang/zh-cn.php
[ info ] [ ROUTE ] array (
  'type' => 'module',
  'module' => 
  array (
    0 => 'admin',
    1 => 'general.config',
    2 => NULL,
  ),
)
[ info ] [ HEADER ] array (
  'host' => 'hx.le-cx.com',
  'connection' => 'keep-alive',
  'upgrade-insecure-requests' => '1',
  'user-agent' => 'Mozilla/5.0 (Macintosh; Intel Mac OS X 10_13_3) AppleWebKit/537.36 (KHTML, like Gecko) Chrome/78.0.3904.108 Safari/537.36',
  'accept' => 'text/html,application/xhtml+xml,application/xml;q=0.9,image/webp,image/apng,*/*;q=0.8,application/signed-exchange;v=b3',
  'referer' => 'http://hx.le-cx.com/index.php/admin/general/config?ref=addtabs',
  'accept-encoding' => 'gzip, deflate',
  'accept-language' => 'zh-CN,zh;q=0.9,en;q=0.8',
  'cookie' => 'PHPSESSID=ur9ldukl2b32rntepus1db2do5',
  'content-type' => '',
  'content-length' => '',
)
[ info ] [ PARAM ] array (
  'addtabs' => '1',
)
[ info ] [ LANG ] /www/hexiao/public/../application/admin/lang/zh-cn.php
[ info ] [ BEHAVIOR ] Run app\common\behavior\Common @module_init [ RunTime:0.001852s ]
[ info ] [ SESSION ] INIT array (
  'id' => '',
  'var_session_id' => '',
  'prefix' => 'think',
  'type' => '',
  'auto_start' => true,
)
[ info ] [ DB ] INIT mysql
[ info ] [ BEHAVIOR ] Run \addons\nkeditor\Nkeditor @config_init [ RunTime:0.000299s ]
[ info ] [ LANG ] /www/hexiao/public/../application/admin/lang/zh-cn/general/config.php
[ info ] [ RUN ] app\admin\controller\general\Config->index[ /www/hexiao/application/admin/controller/general/Config.php ]
[ info ] [ VIEW ] /www/hexiao/public/../application/admin/view/general/config/index.html [ array (
  0 => 'breadcrumb',
  1 => 'site',
  2 => 'config',
  3 => 'auth',
  4 => 'admin',
  5 => 'siteList',
  6 => 'typeList',
  7 => 'groupList',
) ]
[ info ] [ BEHAVIOR ] Run app\admin\behavior\AdminLog @app_end [ RunTime:0.000153s ]
[ info ] [ BEHAVIOR ] Run \addons\cms\Cms @response_send [ RunTime:0.000422s ]
[ info ] [ LOG ] INIT File
[ sql ] [ DB ] CONNECT:[ UseTime:0.000459s ] mysql:host=127.0.0.1;port=3306;dbname=cancel;charset=utf8
[ sql ] [ SQL ] SHOW COLUMNS FROM `hx_auth_group_access` [ RunTime:0.001593s ]
[ sql ] [ SQL ] SELECT `aga`.`uid`,`aga`.`group_id`,`ag`.`id`,`ag`.`pid`,`ag`.`name`,`ag`.`rules` FROM `hx_auth_group_access` `aga` LEFT JOIN `hx_auth_group` `ag` ON `aga`.`group_id`=`ag`.`id` WHERE  (  aga.uid='1' and ag.status='normal' ) [ RunTime:0.000547s ]
[ sql ] [ SQL ] SHOW COLUMNS FROM `hx_auth_rule` [ RunTime:0.001426s ]
[ sql ] [ SQL ] SELECT `id`,`pid`,`condition`,`icon`,`name`,`title`,`ismenu` FROM `hx_auth_rule` WHERE  `status` = 'normal' [ RunTime:0.001287s ]
[ sql ] [ SQL ] SHOW COLUMNS FROM `hx_config` [ RunTime:0.002351s ]
[ sql ] [ SQL ] SELECT * FROM `hx_config` [ RunTime:0.000493s ]
[ sql ] [ SQL ] SELECT `title`,`remark` FROM `hx_auth_rule` WHERE  `name` = 'general/config' LIMIT 1 [ RunTime:0.001085s ]
---------------------------------------------------------------
[ 2019-12-11T15:27:41+08:00 ] 110.81.127.173 GET hx.le-cx.com/index.php/admin/ajax/lang?callback=define&controllername=general.config&v=1576049260
[运行时间：0.043303s] [吞吐率：23.09req/s] [内存消耗：5,473.85kb] [文件加载：133]
[ info ] [ BEHAVIOR ] Run Closure @app_init [ RunTime:0.000041s ]
[ info ] [ CACHE ] INIT File
[ info ] [ BEHAVIOR ] Run \addons\cms\Cms @app_init [ RunTime:0.002561s ]
[ info ] [ BEHAVIOR ] Run \addons\epay\Epay @app_init [ RunTime:0.000073s ]
[ info ] [ BEHAVIOR ] Run Closure @app_init [ RunTime:0.000111s ]
[ info ] [ LANG ] /www/hexiao/thinkphp/lang/zh-cn.php
[ info ] [ ROUTE ] array (
  'type' => 'module',
  'module' => 
  array (
    0 => 'admin',
    1 => 'ajax',
    2 => 'lang',
  ),
)
[ info ] [ HEADER ] array (
  'host' => 'hx.le-cx.com',
  'connection' => 'keep-alive',
  'user-agent' => 'Mozilla/5.0 (Macintosh; Intel Mac OS X 10_13_3) AppleWebKit/537.36 (KHTML, like Gecko) Chrome/78.0.3904.108 Safari/537.36',
  'accept' => '*/*',
  'referer' => 'http://hx.le-cx.com/index.php/admin/general/config?addtabs=1',
  'accept-encoding' => 'gzip, deflate',
  'accept-language' => 'zh-CN,zh;q=0.9,en;q=0.8',
  'cookie' => 'PHPSESSID=ur9ldukl2b32rntepus1db2do5',
  'content-type' => '',
  'content-length' => '',
)
[ info ] [ PARAM ] array (
  'callback' => 'define',
  'controllername' => 'general.config',
  'v' => '1576049260',
)
[ info ] [ LANG ] /www/hexiao/public/../application/admin/lang/zh-cn.php
[ info ] [ BEHAVIOR ] Run app\common\behavior\Common @module_init [ RunTime:0.001676s ]
[ info ] [ SESSION ] INIT array (
  'id' => '',
  'var_session_id' => '',
  'prefix' => 'think',
  'type' => '',
  'auto_start' => true,
)
[ info ] [ BEHAVIOR ] Run \addons\nkeditor\Nkeditor @config_init [ RunTime:0.000233s ]
[ info ] [ LANG ] /www/hexiao/public/../application/admin/lang/zh-cn/ajax.php
[ info ] [ RUN ] app\admin\controller\Ajax->lang[ /www/hexiao/application/admin/controller/Ajax.php ]
[ info ] [ LANG ] /www/hexiao/public/../application/admin/lang/zh-cn/general/config.php
[ info ] [ BEHAVIOR ] Run app\admin\behavior\AdminLog @app_end [ RunTime:0.000125s ]
[ info ] [ BEHAVIOR ] Run \addons\cms\Cms @response_send [ RunTime:0.000279s ]
[ info ] [ LOG ] INIT File
---------------------------------------------------------------
[ 2019-12-11T15:27:43+08:00 ] 110.81.127.173 GET hx.le-cx.com/index.php/admin/order?addtabs=1
[运行时间：0.064194s] [吞吐率：15.58req/s] [内存消耗：7,065.82kb] [文件加载：141]
[ info ] [ BEHAVIOR ] Run Closure @app_init [ RunTime:0.000099s ]
[ info ] [ CACHE ] INIT File
[ info ] [ BEHAVIOR ] Run \addons\cms\Cms @app_init [ RunTime:0.002607s ]
[ info ] [ BEHAVIOR ] Run \addons\epay\Epay @app_init [ RunTime:0.000071s ]
[ info ] [ BEHAVIOR ] Run Closure @app_init [ RunTime:0.000107s ]
[ info ] [ LANG ] /www/hexiao/thinkphp/lang/zh-cn.php
[ info ] [ ROUTE ] array (
  'type' => 'module',
  'module' => 
  array (
    0 => 'admin',
    1 => 'order',
    2 => NULL,
  ),
)
[ info ] [ HEADER ] array (
  'host' => 'hx.le-cx.com',
  'connection' => 'keep-alive',
  'upgrade-insecure-requests' => '1',
  'user-agent' => 'Mozilla/5.0 (Macintosh; Intel Mac OS X 10_13_3) AppleWebKit/537.36 (KHTML, like Gecko) Chrome/78.0.3904.108 Safari/537.36',
  'accept' => 'text/html,application/xhtml+xml,application/xml;q=0.9,image/webp,image/apng,*/*;q=0.8,application/signed-exchange;v=b3',
  'referer' => 'http://hx.le-cx.com/index.php/admin/order?ref=addtabs',
  'accept-encoding' => 'gzip, deflate',
  'accept-language' => 'zh-CN,zh;q=0.9,en;q=0.8',
  'cookie' => 'PHPSESSID=ur9ldukl2b32rntepus1db2do5',
  'content-type' => '',
  'content-length' => '',
)
[ info ] [ PARAM ] array (
  'addtabs' => '1',
)
[ info ] [ LANG ] /www/hexiao/public/../application/admin/lang/zh-cn.php
[ info ] [ BEHAVIOR ] Run app\common\behavior\Common @module_init [ RunTime:0.001741s ]
[ info ] [ SESSION ] INIT array (
  'id' => '',
  'var_session_id' => '',
  'prefix' => 'think',
  'type' => '',
  'auto_start' => true,
)
[ info ] [ DB ] INIT mysql
[ info ] [ BEHAVIOR ] Run \addons\nkeditor\Nkeditor @config_init [ RunTime:0.000283s ]
[ info ] [ LANG ] /www/hexiao/public/../application/admin/lang/zh-cn/order.php
[ info ] [ RUN ] app\admin\controller\Order->index[ /www/hexiao/application/admin/controller/Order.php ]
[ info ] [ VIEW ] /www/hexiao/public/../application/admin/view/order/index.html [ array (
  0 => 'breadcrumb',
  1 => 'site',
  2 => 'config',
  3 => 'auth',
  4 => 'admin',
  5 => 'statusList',
) ]
[ info ] [ BEHAVIOR ] Run app\admin\behavior\AdminLog @app_end [ RunTime:0.000142s ]
[ info ] [ BEHAVIOR ] Run \addons\cms\Cms @response_send [ RunTime:0.000153s ]
[ info ] [ LOG ] INIT File
[ sql ] [ DB ] CONNECT:[ UseTime:0.000471s ] mysql:host=127.0.0.1;port=3306;dbname=cancel;charset=utf8
[ sql ] [ SQL ] SHOW COLUMNS FROM `hx_auth_group_access` [ RunTime:0.001610s ]
[ sql ] [ SQL ] SELECT `aga`.`uid`,`aga`.`group_id`,`ag`.`id`,`ag`.`pid`,`ag`.`name`,`ag`.`rules` FROM `hx_auth_group_access` `aga` LEFT JOIN `hx_auth_group` `ag` ON `aga`.`group_id`=`ag`.`id` WHERE  (  aga.uid='1' and ag.status='normal' ) [ RunTime:0.000552s ]
[ sql ] [ SQL ] SHOW COLUMNS FROM `hx_auth_rule` [ RunTime:0.001414s ]
[ sql ] [ SQL ] SELECT `id`,`pid`,`condition`,`icon`,`name`,`title`,`ismenu` FROM `hx_auth_rule` WHERE  `status` = 'normal' [ RunTime:0.001349s ]
[ sql ] [ SQL ] SELECT `title`,`remark` FROM `hx_auth_rule` WHERE  `name` = 'order' LIMIT 1 [ RunTime:0.000640s ]
---------------------------------------------------------------
[ 2019-12-11T15:27:44+08:00 ] 110.81.127.173 GET hx.le-cx.com/index.php/admin/activity?addtabs=1
[运行时间：0.106968s] [吞吐率：9.35req/s] [内存消耗：7,223.02kb] [文件加载：141]
[ info ] [ BEHAVIOR ] Run Closure @app_init [ RunTime:0.000042s ]
[ info ] [ CACHE ] INIT File
[ info ] [ BEHAVIOR ] Run \addons\cms\Cms @app_init [ RunTime:0.002640s ]
[ info ] [ BEHAVIOR ] Run \addons\epay\Epay @app_init [ RunTime:0.000077s ]
[ info ] [ BEHAVIOR ] Run Closure @app_init [ RunTime:0.000116s ]
[ info ] [ LANG ] /www/hexiao/thinkphp/lang/zh-cn.php
[ info ] [ ROUTE ] array (
  'type' => 'module',
  'module' => 
  array (
    0 => 'admin',
    1 => 'activity',
    2 => NULL,
  ),
)
[ info ] [ HEADER ] array (
  'host' => 'hx.le-cx.com',
  'connection' => 'keep-alive',
  'upgrade-insecure-requests' => '1',
  'user-agent' => 'Mozilla/5.0 (Macintosh; Intel Mac OS X 10_13_3) AppleWebKit/537.36 (KHTML, like Gecko) Chrome/78.0.3904.108 Safari/537.36',
  'accept' => 'text/html,application/xhtml+xml,application/xml;q=0.9,image/webp,image/apng,*/*;q=0.8,application/signed-exchange;v=b3',
  'referer' => 'http://hx.le-cx.com/index.php/admin/activity?ref=addtabs',
  'accept-encoding' => 'gzip, deflate',
  'accept-language' => 'zh-CN,zh;q=0.9,en;q=0.8',
  'cookie' => 'PHPSESSID=ur9ldukl2b32rntepus1db2do5',
  'content-type' => '',
  'content-length' => '',
)
[ info ] [ PARAM ] array (
  'addtabs' => '1',
)
[ info ] [ LANG ] /www/hexiao/public/../application/admin/lang/zh-cn.php
[ info ] [ BEHAVIOR ] Run app\common\behavior\Common @module_init [ RunTime:0.001780s ]
[ info ] [ SESSION ] INIT array (
  'id' => '',
  'var_session_id' => '',
  'prefix' => 'think',
  'type' => '',
  'auto_start' => true,
)
[ info ] [ DB ] INIT mysql
[ info ] [ BEHAVIOR ] Run \addons\nkeditor\Nkeditor @config_init [ RunTime:0.000282s ]
[ info ] [ LANG ] /www/hexiao/public/../application/admin/lang/zh-cn/activity.php
[ info ] [ RUN ] app\admin\controller\Activity->index[ /www/hexiao/application/admin/controller/Activity.php ]
[ info ] [ VIEW ] /www/hexiao/public/../application/admin/view/activity/index.html [ array (
  0 => 'breadcrumb',
  1 => 'site',
  2 => 'config',
  3 => 'auth',
  4 => 'admin',
  5 => 'notchargeList',
  6 => 'notauditList',
  7 => 'hxlist',
) ]
[ info ] [ BEHAVIOR ] Run app\admin\behavior\AdminLog @app_end [ RunTime:0.000179s ]
[ info ] [ BEHAVIOR ] Run \addons\cms\Cms @response_send [ RunTime:0.000200s ]
[ info ] [ LOG ] INIT File
[ sql ] [ DB ] CONNECT:[ UseTime:0.000462s ] mysql:host=127.0.0.1;port=3306;dbname=cancel;charset=utf8
[ sql ] [ SQL ] SHOW COLUMNS FROM `hx_auth_group_access` [ RunTime:0.001590s ]
[ sql ] [ SQL ] SELECT `aga`.`uid`,`aga`.`group_id`,`ag`.`id`,`ag`.`pid`,`ag`.`name`,`ag`.`rules` FROM `hx_auth_group_access` `aga` LEFT JOIN `hx_auth_group` `ag` ON `aga`.`group_id`=`ag`.`id` WHERE  (  aga.uid='1' and ag.status='normal' ) [ RunTime:0.000580s ]
[ sql ] [ SQL ] SHOW COLUMNS FROM `hx_auth_rule` [ RunTime:0.001427s ]
[ sql ] [ SQL ] SELECT `id`,`pid`,`condition`,`icon`,`name`,`title`,`ismenu` FROM `hx_auth_rule` WHERE  `status` = 'normal' [ RunTime:0.001396s ]
[ sql ] [ SQL ] SHOW COLUMNS FROM `hx_vip` [ RunTime:0.002829s ]
[ sql ] [ SQL ] SELECT * FROM `hx_vip` WHERE  `status` = '1'  AND `auditman` = '1'  AND `deletetime` IS NULL [ RunTime:0.000658s ]
[ sql ] [ SQL ] SELECT `title`,`remark` FROM `hx_auth_rule` WHERE  `name` = 'activity' LIMIT 1 [ RunTime:0.000613s ]
---------------------------------------------------------------
[ 2019-12-11T15:27:44+08:00 ] 110.81.127.173 GET hx.le-cx.com/index.php/admin/ajax/lang?callback=define&controllername=order&v=1576049263
[运行时间：0.054182s] [吞吐率：18.46req/s] [内存消耗：5,468.45kb] [文件加载：133]
[ info ] [ BEHAVIOR ] Run Closure @app_init [ RunTime:0.000044s ]
[ info ] [ CACHE ] INIT File
[ info ] [ BEHAVIOR ] Run \addons\cms\Cms @app_init [ RunTime:0.002711s ]
[ info ] [ BEHAVIOR ] Run \addons\epay\Epay @app_init [ RunTime:0.000077s ]
[ info ] [ BEHAVIOR ] Run Closure @app_init [ RunTime:0.000115s ]
[ info ] [ LANG ] /www/hexiao/thinkphp/lang/zh-cn.php
[ info ] [ ROUTE ] array (
  'type' => 'module',
  'module' => 
  array (
    0 => 'admin',
    1 => 'ajax',
    2 => 'lang',
  ),
)
[ info ] [ HEADER ] array (
  'host' => 'hx.le-cx.com',
  'connection' => 'keep-alive',
  'user-agent' => 'Mozilla/5.0 (Macintosh; Intel Mac OS X 10_13_3) AppleWebKit/537.36 (KHTML, like Gecko) Chrome/78.0.3904.108 Safari/537.36',
  'accept' => '*/*',
  'referer' => 'http://hx.le-cx.com/index.php/admin/order?addtabs=1',
  'accept-encoding' => 'gzip, deflate',
  'accept-language' => 'zh-CN,zh;q=0.9,en;q=0.8',
  'cookie' => 'PHPSESSID=ur9ldukl2b32rntepus1db2do5',
  'content-type' => '',
  'content-length' => '',
)
[ info ] [ PARAM ] array (
  'callback' => 'define',
  'controllername' => 'order',
  'v' => '1576049263',
)
[ info ] [ LANG ] /www/hexiao/public/../application/admin/lang/zh-cn.php
[ info ] [ BEHAVIOR ] Run app\common\behavior\Common @module_init [ RunTime:0.001818s ]
[ info ] [ SESSION ] INIT array (
  'id' => '',
  'var_session_id' => '',
  'prefix' => 'think',
  'type' => '',
  'auto_start' => true,
)
[ info ] [ BEHAVIOR ] Run \addons\nkeditor\Nkeditor @config_init [ RunTime:0.000249s ]
[ info ] [ LANG ] /www/hexiao/public/../application/admin/lang/zh-cn/ajax.php
[ info ] [ RUN ] app\admin\controller\Ajax->lang[ /www/hexiao/application/admin/controller/Ajax.php ]
[ info ] [ LANG ] /www/hexiao/public/../application/admin/lang/zh-cn/order.php
[ info ] [ BEHAVIOR ] Run app\admin\behavior\AdminLog @app_end [ RunTime:0.000153s ]
[ info ] [ BEHAVIOR ] Run \addons\cms\Cms @response_send [ RunTime:0.000272s ]
[ info ] [ LOG ] INIT File
---------------------------------------------------------------
[ 2019-12-11T15:27:44+08:00 ] 110.81.127.173 GET hx.le-cx.com/index.php/admin/ajax/lang?callback=define&controllername=activity&v=1576049264
[运行时间：0.045686s] [吞吐率：21.89req/s] [内存消耗：5,472.25kb] [文件加载：133]
[ info ] [ BEHAVIOR ] Run Closure @app_init [ RunTime:0.000045s ]
[ info ] [ CACHE ] INIT File
[ info ] [ BEHAVIOR ] Run \addons\cms\Cms @app_init [ RunTime:0.002704s ]
[ info ] [ BEHAVIOR ] Run \addons\epay\Epay @app_init [ RunTime:0.000078s ]
[ info ] [ BEHAVIOR ] Run Closure @app_init [ RunTime:0.000120s ]
[ info ] [ LANG ] /www/hexiao/thinkphp/lang/zh-cn.php
[ info ] [ ROUTE ] array (
  'type' => 'module',
  'module' => 
  array (
    0 => 'admin',
    1 => 'ajax',
    2 => 'lang',
  ),
)
[ info ] [ HEADER ] array (
  'host' => 'hx.le-cx.com',
  'connection' => 'keep-alive',
  'user-agent' => 'Mozilla/5.0 (Macintosh; Intel Mac OS X 10_13_3) AppleWebKit/537.36 (KHTML, like Gecko) Chrome/78.0.3904.108 Safari/537.36',
  'accept' => '*/*',
  'referer' => 'http://hx.le-cx.com/index.php/admin/activity?addtabs=1',
  'accept-encoding' => 'gzip, deflate',
  'accept-language' => 'zh-CN,zh;q=0.9,en;q=0.8',
  'cookie' => 'PHPSESSID=ur9ldukl2b32rntepus1db2do5',
  'content-type' => '',
  'content-length' => '',
)
[ info ] [ PARAM ] array (
  'callback' => 'define',
  'controllername' => 'activity',
  'v' => '1576049264',
)
[ info ] [ LANG ] /www/hexiao/public/../application/admin/lang/zh-cn.php
[ info ] [ BEHAVIOR ] Run app\common\behavior\Common @module_init [ RunTime:0.001720s ]
[ info ] [ SESSION ] INIT array (
  'id' => '',
  'var_session_id' => '',
  'prefix' => 'think',
  'type' => '',
  'auto_start' => true,
)
[ info ] [ BEHAVIOR ] Run \addons\nkeditor\Nkeditor @config_init [ RunTime:0.000264s ]
[ info ] [ LANG ] /www/hexiao/public/../application/admin/lang/zh-cn/ajax.php
[ info ] [ RUN ] app\admin\controller\Ajax->lang[ /www/hexiao/application/admin/controller/Ajax.php ]
[ info ] [ LANG ] /www/hexiao/public/../application/admin/lang/zh-cn/activity.php
[ info ] [ BEHAVIOR ] Run app\admin\behavior\AdminLog @app_end [ RunTime:0.000134s ]
[ info ] [ BEHAVIOR ] Run \addons\cms\Cms @response_send [ RunTime:0.000283s ]
[ info ] [ LOG ] INIT File
---------------------------------------------------------------
[ 2019-12-11T15:27:46+08:00 ] 110.81.127.173 GET hx.le-cx.com/index.php/admin/order/index?addtabs=1&sort=id&order=desc&offset=0&limit=10&filter=%7B%7D&op=%7B%7D&_=1576049263924
[运行时间：0.079834s] [吞吐率：12.53req/s] [内存消耗：7,244.85kb] [文件加载：143]
[ info ] [ BEHAVIOR ] Run Closure @app_init [ RunTime:0.000046s ]
[ info ] [ CACHE ] INIT File
[ info ] [ BEHAVIOR ] Run \addons\cms\Cms @app_init [ RunTime:0.002742s ]
[ info ] [ BEHAVIOR ] Run \addons\epay\Epay @app_init [ RunTime:0.000074s ]
[ info ] [ BEHAVIOR ] Run Closure @app_init [ RunTime:0.000112s ]
[ info ] [ LANG ] /www/hexiao/thinkphp/lang/zh-cn.php
[ info ] [ ROUTE ] array (
  'type' => 'module',
  'module' => 
  array (
    0 => 'admin',
    1 => 'order',
    2 => 'index',
  ),
)
[ info ] [ HEADER ] array (
  'host' => 'hx.le-cx.com',
  'connection' => 'keep-alive',
  'accept' => 'application/json, text/javascript, */*; q=0.01',
  'x-requested-with' => 'XMLHttpRequest',
  'user-agent' => 'Mozilla/5.0 (Macintosh; Intel Mac OS X 10_13_3) AppleWebKit/537.36 (KHTML, like Gecko) Chrome/78.0.3904.108 Safari/537.36',
  'content-type' => 'application/json',
  'referer' => 'http://hx.le-cx.com/index.php/admin/order?addtabs=1',
  'accept-encoding' => 'gzip, deflate',
  'accept-language' => 'zh-CN,zh;q=0.9,en;q=0.8',
  'cookie' => 'PHPSESSID=ur9ldukl2b32rntepus1db2do5',
  'content-length' => '',
)
[ info ] [ PARAM ] array (
  'addtabs' => '1',
  'sort' => 'id',
  'order' => 'desc',
  'offset' => '0',
  'limit' => '10',
  'filter' => '{}',
  'op' => '{}',
  '_' => '1576049263924',
)
[ info ] [ LANG ] /www/hexiao/public/../application/admin/lang/zh-cn.php
[ info ] [ BEHAVIOR ] Run app\common\behavior\Common @module_init [ RunTime:0.001791s ]
[ info ] [ SESSION ] INIT array (
  'id' => '',
  'var_session_id' => '',
  'prefix' => 'think',
  'type' => '',
  'auto_start' => true,
)
[ info ] [ DB ] INIT mysql
[ info ] [ BEHAVIOR ] Run \addons\nkeditor\Nkeditor @config_init [ RunTime:0.000310s ]
[ info ] [ LANG ] /www/hexiao/public/../application/admin/lang/zh-cn/order.php
[ info ] [ RUN ] app\admin\controller\Order->index[ /www/hexiao/application/admin/controller/Order.php ]
[ info ] [ BEHAVIOR ] Run app\admin\behavior\AdminLog @app_end [ RunTime:0.000157s ]
[ info ] [ BEHAVIOR ] Run \addons\cms\Cms @response_send [ RunTime:0.000187s ]
[ info ] [ LOG ] INIT File
[ sql ] [ DB ] CONNECT:[ UseTime:0.000438s ] mysql:host=127.0.0.1;port=3306;dbname=cancel;charset=utf8
[ sql ] [ SQL ] SHOW COLUMNS FROM `hx_auth_group_access` [ RunTime:0.001573s ]
[ sql ] [ SQL ] SELECT `aga`.`uid`,`aga`.`group_id`,`ag`.`id`,`ag`.`pid`,`ag`.`name`,`ag`.`rules` FROM `hx_auth_group_access` `aga` LEFT JOIN `hx_auth_group` `ag` ON `aga`.`group_id`=`ag`.`id` WHERE  (  aga.uid='1' and ag.status='normal' ) [ RunTime:0.000580s ]
[ sql ] [ SQL ] SHOW COLUMNS FROM `hx_auth_rule` [ RunTime:0.001505s ]
[ sql ] [ SQL ] SELECT `id`,`pid`,`condition`,`icon`,`name`,`title`,`ismenu` FROM `hx_auth_rule` WHERE  `status` = 'normal' [ RunTime:0.001387s ]
[ sql ] [ SQL ] SHOW COLUMNS FROM `hx_order` [ RunTime:0.002516s ]
[ sql ] [ SQL ] SELECT COUNT(*) AS tp_count FROM `hx_order` WHERE `hx_order`.`deletetime` IS NULL ORDER BY `id` DESC LIMIT 1 [ RunTime:0.001495s ]
[ sql ] [ SQL ] SELECT * FROM `hx_order` WHERE `hx_order`.`deletetime` IS NULL ORDER BY `id` DESC LIMIT 0,10 [ RunTime:0.000470s ]
[ sql ] [ SQL ] SHOW COLUMNS FROM `hx_vip` [ RunTime:0.001419s ]
[ sql ] [ SQL ] SELECT `name` FROM `hx_vip` WHERE  `id` = 10 LIMIT 1 [ RunTime:0.000400s ]
[ sql ] [ SQL ] SELECT `name` FROM `hx_vip` WHERE  `id` = 10 LIMIT 1 [ RunTime:0.000479s ]
[ sql ] [ SQL ] SELECT `name` FROM `hx_vip` WHERE  `id` = 16 LIMIT 1 [ RunTime:0.000329s ]
[ sql ] [ SQL ] SELECT `name` FROM `hx_vip` WHERE  `id` = 16 LIMIT 1 [ RunTime:0.000342s ]
[ sql ] [ SQL ] SELECT `name` FROM `hx_vip` WHERE  `id` = 35 LIMIT 1 [ RunTime:0.000310s ]
[ sql ] [ SQL ] SELECT `name` FROM `hx_vip` WHERE  `id` = 19 LIMIT 1 [ RunTime:0.000374s ]
[ sql ] [ SQL ] SELECT `name` FROM `hx_vip` WHERE  `id` = 19 LIMIT 1 [ RunTime:0.000310s ]
[ sql ] [ SQL ] SELECT `name` FROM `hx_vip` WHERE  `id` = 26 LIMIT 1 [ RunTime:0.000406s ]
[ sql ] [ SQL ] SELECT `name` FROM `hx_vip` WHERE  `id` = 13 LIMIT 1 [ RunTime:0.000347s ]
[ sql ] [ SQL ] SELECT `name` FROM `hx_vip` WHERE  `id` = 13 LIMIT 1 [ RunTime:0.000326s ]
---------------------------------------------------------------
[ 2019-12-11T15:27:47+08:00 ] 110.81.127.173 GET hx.le-cx.com/index.php/admin/activity/index?addtabs=1&sort=id&order=desc&offset=0&limit=10&filter=%7B%7D&op=%7B%7D&_=1576049264509
[运行时间：0.087397s] [吞吐率：11.44req/s] [内存消耗：7,430.42kb] [文件加载：143]
[ info ] [ BEHAVIOR ] Run Closure @app_init [ RunTime:0.000063s ]
[ info ] [ CACHE ] INIT File
[ info ] [ BEHAVIOR ] Run \addons\cms\Cms @app_init [ RunTime:0.002596s ]
[ info ] [ BEHAVIOR ] Run \addons\epay\Epay @app_init [ RunTime:0.000091s ]
[ info ] [ BEHAVIOR ] Run Closure @app_init [ RunTime:0.000129s ]
[ info ] [ LANG ] /www/hexiao/thinkphp/lang/zh-cn.php
[ info ] [ ROUTE ] array (
  'type' => 'module',
  'module' => 
  array (
    0 => 'admin',
    1 => 'activity',
    2 => 'index',
  ),
)
[ info ] [ HEADER ] array (
  'host' => 'hx.le-cx.com',
  'connection' => 'keep-alive',
  'accept' => 'application/json, text/javascript, */*; q=0.01',
  'x-requested-with' => 'XMLHttpRequest',
  'user-agent' => 'Mozilla/5.0 (Macintosh; Intel Mac OS X 10_13_3) AppleWebKit/537.36 (KHTML, like Gecko) Chrome/78.0.3904.108 Safari/537.36',
  'content-type' => 'application/json',
  'referer' => 'http://hx.le-cx.com/index.php/admin/activity?addtabs=1',
  'accept-encoding' => 'gzip, deflate',
  'accept-language' => 'zh-CN,zh;q=0.9,en;q=0.8',
  'cookie' => 'PHPSESSID=ur9ldukl2b32rntepus1db2do5',
  'content-length' => '',
)
[ info ] [ PARAM ] array (
  'addtabs' => '1',
  'sort' => 'id',
  'order' => 'desc',
  'offset' => '0',
  'limit' => '10',
  'filter' => '{}',
  'op' => '{}',
  '_' => '1576049264509',
)
[ info ] [ LANG ] /www/hexiao/public/../application/admin/lang/zh-cn.php
[ info ] [ BEHAVIOR ] Run app\common\behavior\Common @module_init [ RunTime:0.001717s ]
[ info ] [ SESSION ] INIT array (
  'id' => '',
  'var_session_id' => '',
  'prefix' => 'think',
  'type' => '',
  'auto_start' => true,
)
[ info ] [ DB ] INIT mysql
[ info ] [ BEHAVIOR ] Run \addons\nkeditor\Nkeditor @config_init [ RunTime:0.000257s ]
[ info ] [ LANG ] /www/hexiao/public/../application/admin/lang/zh-cn/activity.php
[ info ] [ RUN ] app\admin\controller\Activity->index[ /www/hexiao/application/admin/controller/Activity.php ]
[ info ] [ BEHAVIOR ] Run app\admin\behavior\AdminLog @app_end [ RunTime:0.000142s ]
[ info ] [ BEHAVIOR ] Run \addons\cms\Cms @response_send [ RunTime:0.000360s ]
[ info ] [ LOG ] INIT File
[ sql ] [ DB ] CONNECT:[ UseTime:0.000496s ] mysql:host=127.0.0.1;port=3306;dbname=cancel;charset=utf8
[ sql ] [ SQL ] SHOW COLUMNS FROM `hx_auth_group_access` [ RunTime:0.001590s ]
[ sql ] [ SQL ] SELECT `aga`.`uid`,`aga`.`group_id`,`ag`.`id`,`ag`.`pid`,`ag`.`name`,`ag`.`rules` FROM `hx_auth_group_access` `aga` LEFT JOIN `hx_auth_group` `ag` ON `aga`.`group_id`=`ag`.`id` WHERE  (  aga.uid='1' and ag.status='normal' ) [ RunTime:0.000715s ]
[ sql ] [ SQL ] SHOW COLUMNS FROM `hx_auth_rule` [ RunTime:0.001457s ]
[ sql ] [ SQL ] SELECT `id`,`pid`,`condition`,`icon`,`name`,`title`,`ismenu` FROM `hx_auth_rule` WHERE  `status` = 'normal' [ RunTime:0.001353s ]
[ sql ] [ SQL ] SHOW COLUMNS FROM `hx_vip` [ RunTime:0.001853s ]
[ sql ] [ SQL ] SELECT * FROM `hx_vip` WHERE  `status` = '1'  AND `auditman` = '1'  AND `deletetime` IS NULL [ RunTime:0.000562s ]
[ sql ] [ SQL ] SHOW COLUMNS FROM `hx_activity` [ RunTime:0.002711s ]
[ sql ] [ SQL ] SELECT COUNT(*) AS tp_count FROM `hx_activity` WHERE `hx_activity`.`deletetime` IS NULL ORDER BY `id` DESC LIMIT 1 [ RunTime:0.001152s ]
[ sql ] [ SQL ] SELECT * FROM `hx_activity` WHERE `hx_activity`.`deletetime` IS NULL ORDER BY `id` DESC LIMIT 0,10 [ RunTime:0.000619s ]
[ sql ] [ SQL ] SELECT `name` FROM `hx_vip` WHERE  `openid` = 'ovvUKwhuexi6TTgKQrhCr7PA1wmo'  AND `deletetime` IS NULL LIMIT 1 [ RunTime:0.000602s ]
[ sql ] [ SQL ] SELECT `name` FROM `hx_vip` WHERE  `openid` = ''  AND `deletetime` IS NULL LIMIT 1 [ RunTime:0.000402s ]
[ sql ] [ SQL ] SELECT `name` FROM `hx_vip` WHERE  `openid` = 'ovvUKwtgdbKtSu7xZBP3MpAEHUpg'  AND `deletetime` IS NULL LIMIT 1 [ RunTime:0.000402s ]
[ sql ] [ SQL ] SELECT `name` FROM `hx_vip` WHERE  `openid` = ''  AND `deletetime` IS NULL LIMIT 1 [ RunTime:0.000351s ]
[ sql ] [ SQL ] SELECT `name` FROM `hx_vip` WHERE  `openid` = ''  AND `deletetime` IS NULL LIMIT 1 [ RunTime:0.000371s ]
[ sql ] [ SQL ] SELECT `name` FROM `hx_vip` WHERE  `openid` = ''  AND `deletetime` IS NULL LIMIT 1 [ RunTime:0.000401s ]
[ sql ] [ SQL ] SELECT `name` FROM `hx_vip` WHERE  `openid` = 'ovvUKwtgdbKtSu7xZBP3MpAEHUpg'  AND `deletetime` IS NULL LIMIT 1 [ RunTime:0.000368s ]
[ sql ] [ SQL ] SELECT `name` FROM `hx_vip` WHERE  `openid` = 'ovvUKwtgdbKtSu7xZBP3MpAEHUpg'  AND `deletetime` IS NULL LIMIT 1 [ RunTime:0.000440s ]
[ sql ] [ SQL ] SELECT `name` FROM `hx_vip` WHERE  `openid` = 'ovvUKwq8WEI9K8yQHHeW8XFtCpA0'  AND `deletetime` IS NULL LIMIT 1 [ RunTime:0.000396s ]
[ sql ] [ SQL ] SELECT `name` FROM `hx_vip` WHERE  `openid` = 'ovvUKwhuexi6TTgKQrhCr7PA1wmo'  AND `deletetime` IS NULL LIMIT 1 [ RunTime:0.000339s ]
[ sql ] [ SQL ] SELECT `name` FROM `hx_vip` WHERE  `openid` = 'ovvUKwtgdbKtSu7xZBP3MpAEHUpg'  AND `deletetime` IS NULL LIMIT 1 [ RunTime:0.000378s ]
[ sql ] [ SQL ] SELECT `name` FROM `hx_vip` WHERE  `openid` = 'ovvUKwojtVXpL2RklhIMcFKB0X3Y'  AND `deletetime` IS NULL LIMIT 1 [ RunTime:0.000325s ]
[ sql ] [ SQL ] SELECT `name` FROM `hx_vip` WHERE  `openid` = 'ovvUKwp-x1qHs6z2uqhneLnDmX4E'  AND `deletetime` IS NULL LIMIT 1 [ RunTime:0.000349s ]
[ sql ] [ SQL ] SELECT `name` FROM `hx_vip` WHERE  `openid` = ''  AND `deletetime` IS NULL LIMIT 1 [ RunTime:0.000342s ]
---------------------------------------------------------------
[ 2019-12-11T15:27:57+08:00 ] 110.81.127.173 GET hx.le-cx.com/index.php/admin/signlist/index/a/1/ids/58?dialog=1
[运行时间：0.123999s] [吞吐率：8.06req/s] [内存消耗：7,291.92kb] [文件加载：141]
[ info ] [ BEHAVIOR ] Run Closure @app_init [ RunTime:0.000042s ]
[ info ] [ CACHE ] INIT File
[ info ] [ BEHAVIOR ] Run \addons\cms\Cms @app_init [ RunTime:0.002460s ]
[ info ] [ BEHAVIOR ] Run \addons\epay\Epay @app_init [ RunTime:0.000071s ]
[ info ] [ BEHAVIOR ] Run Closure @app_init [ RunTime:0.000120s ]
[ info ] [ LANG ] /www/hexiao/thinkphp/lang/zh-cn.php
[ info ] [ ROUTE ] array (
  'type' => 'module',
  'module' => 
  array (
    0 => 'admin',
    1 => 'signlist',
    2 => 'index',
  ),
)
[ info ] [ HEADER ] array (
  'host' => 'hx.le-cx.com',
  'connection' => 'keep-alive',
  'upgrade-insecure-requests' => '1',
  'user-agent' => 'Mozilla/5.0 (Macintosh; Intel Mac OS X 10_13_3) AppleWebKit/537.36 (KHTML, like Gecko) Chrome/78.0.3904.108 Safari/537.36',
  'accept' => 'text/html,application/xhtml+xml,application/xml;q=0.9,image/webp,image/apng,*/*;q=0.8,application/signed-exchange;v=b3',
  'referer' => 'http://hx.le-cx.com/index.php/admin/activity?addtabs=1',
  'accept-encoding' => 'gzip, deflate',
  'accept-language' => 'zh-CN,zh;q=0.9,en;q=0.8',
  'cookie' => 'PHPSESSID=ur9ldukl2b32rntepus1db2do5',
  'content-type' => '',
  'content-length' => '',
)
[ info ] [ PARAM ] array (
  'dialog' => '1',
  'a' => '1',
  'ids' => '58',
)
[ info ] [ LANG ] /www/hexiao/public/../application/admin/lang/zh-cn.php
[ info ] [ BEHAVIOR ] Run app\common\behavior\Common @module_init [ RunTime:0.001645s ]
[ info ] [ SESSION ] INIT array (
  'id' => '',
  'var_session_id' => '',
  'prefix' => 'think',
  'type' => '',
  'auto_start' => true,
)
[ info ] [ DB ] INIT mysql
[ info ] [ BEHAVIOR ] Run \addons\nkeditor\Nkeditor @config_init [ RunTime:0.000271s ]
[ info ] [ LANG ] /www/hexiao/public/../application/admin/lang/zh-cn/signlist.php
[ info ] [ RUN ] app\admin\controller\Signlist->index[ /www/hexiao/application/admin/controller/Signlist.php ]
[ info ] [ VIEW ] /www/hexiao/public/../application/admin/view/signlist/index.html [ array (
  0 => 'breadcrumb',
  1 => 'site',
  2 => 'config',
  3 => 'auth',
  4 => 'admin',
  5 => 'statusList',
  6 => 'aduitList',
  7 => 'nametypelist',
  8 => 'hexiao',
  9 => 'vipname',
) ]
[ info ] [ BEHAVIOR ] Run app\admin\behavior\AdminLog @app_end [ RunTime:0.000164s ]
[ info ] [ BEHAVIOR ] Run \addons\cms\Cms @response_send [ RunTime:0.000159s ]
[ info ] [ LOG ] INIT File
[ sql ] [ DB ] CONNECT:[ UseTime:0.000472s ] mysql:host=127.0.0.1;port=3306;dbname=cancel;charset=utf8
[ sql ] [ SQL ] SHOW COLUMNS FROM `hx_auth_group_access` [ RunTime:0.001535s ]
[ sql ] [ SQL ] SELECT `aga`.`uid`,`aga`.`group_id`,`ag`.`id`,`ag`.`pid`,`ag`.`name`,`ag`.`rules` FROM `hx_auth_group_access` `aga` LEFT JOIN `hx_auth_group` `ag` ON `aga`.`group_id`=`ag`.`id` WHERE  (  aga.uid='1' and ag.status='normal' ) [ RunTime:0.000526s ]
[ sql ] [ SQL ] SHOW COLUMNS FROM `hx_auth_rule` [ RunTime:0.001364s ]
[ sql ] [ SQL ] SELECT `id`,`pid`,`condition`,`icon`,`name`,`title`,`ismenu` FROM `hx_auth_rule` WHERE  `status` = 'normal' [ RunTime:0.001260s ]
[ sql ] [ SQL ] SHOW COLUMNS FROM `hx_activity` [ RunTime:0.002329s ]
[ sql ] [ SQL ] SELECT `id`,`activityname` FROM `hx_activity` WHERE  `deletetime` IS NULL [ RunTime:0.000536s ]
[ sql ] [ SQL ] SHOW COLUMNS FROM `hx_vip` [ RunTime:0.001467s ]
[ sql ] [ SQL ] SELECT `id`,`name` FROM `hx_vip` WHERE  `deletetime` IS NULL [ RunTime:0.000438s ]
[ sql ] [ SQL ] SELECT `id`,`name` FROM `hx_vip` WHERE  `auditman` = '1'  AND `deletetime` IS NULL [ RunTime:0.000445s ]
[ sql ] [ SQL ] SELECT `title`,`remark` FROM `hx_auth_rule` WHERE  `name` = 'signlist' LIMIT 1 [ RunTime:0.000440s ]
---------------------------------------------------------------
[ 2019-12-11T15:27:59+08:00 ] 110.81.127.173 GET hx.le-cx.com/index.php/admin/ajax/lang?callback=define&controllername=signlist&v=1576049277
[运行时间：0.044307s] [吞吐率：22.57req/s] [内存消耗：5,468.74kb] [文件加载：133]
[ info ] [ BEHAVIOR ] Run Closure @app_init [ RunTime:0.000045s ]
[ info ] [ CACHE ] INIT File
[ info ] [ BEHAVIOR ] Run \addons\cms\Cms @app_init [ RunTime:0.002512s ]
[ info ] [ BEHAVIOR ] Run \addons\epay\Epay @app_init [ RunTime:0.000114s ]
[ info ] [ BEHAVIOR ] Run Closure @app_init [ RunTime:0.000155s ]
[ info ] [ LANG ] /www/hexiao/thinkphp/lang/zh-cn.php
[ info ] [ ROUTE ] array (
  'type' => 'module',
  'module' => 
  array (
    0 => 'admin',
    1 => 'ajax',
    2 => 'lang',
  ),
)
[ info ] [ HEADER ] array (
  'host' => 'hx.le-cx.com',
  'connection' => 'keep-alive',
  'user-agent' => 'Mozilla/5.0 (Macintosh; Intel Mac OS X 10_13_3) AppleWebKit/537.36 (KHTML, like Gecko) Chrome/78.0.3904.108 Safari/537.36',
  'accept' => '*/*',
  'referer' => 'http://hx.le-cx.com/index.php/admin/signlist/index/a/1/ids/58?dialog=1',
  'accept-encoding' => 'gzip, deflate',
  'accept-language' => 'zh-CN,zh;q=0.9,en;q=0.8',
  'cookie' => 'PHPSESSID=ur9ldukl2b32rntepus1db2do5',
  'content-type' => '',
  'content-length' => '',
)
[ info ] [ PARAM ] array (
  'callback' => 'define',
  'controllername' => 'signlist',
  'v' => '1576049277',
)
[ info ] [ LANG ] /www/hexiao/public/../application/admin/lang/zh-cn.php
[ info ] [ BEHAVIOR ] Run app\common\behavior\Common @module_init [ RunTime:0.001639s ]
[ info ] [ SESSION ] INIT array (
  'id' => '',
  'var_session_id' => '',
  'prefix' => 'think',
  'type' => '',
  'auto_start' => true,
)
[ info ] [ BEHAVIOR ] Run \addons\nkeditor\Nkeditor @config_init [ RunTime:0.000234s ]
[ info ] [ LANG ] /www/hexiao/public/../application/admin/lang/zh-cn/ajax.php
[ info ] [ RUN ] app\admin\controller\Ajax->lang[ /www/hexiao/application/admin/controller/Ajax.php ]
[ info ] [ LANG ] /www/hexiao/public/../application/admin/lang/zh-cn/signlist.php
[ info ] [ BEHAVIOR ] Run app\admin\behavior\AdminLog @app_end [ RunTime:0.000132s ]
[ info ] [ BEHAVIOR ] Run \addons\cms\Cms @response_send [ RunTime:0.000288s ]
[ info ] [ LOG ] INIT File
---------------------------------------------------------------
[ 2019-12-11T15:28:01+08:00 ] 110.81.127.173 GET hx.le-cx.com/index.php/admin/signlist/index?dialog=1&sort=id&order=desc&offset=0&limit=10&filter=%7B%7D&op=%7B%7D&_=1576049278886
[运行时间：0.143808s] [吞吐率：6.95req/s] [内存消耗：7,422.00kb] [文件加载：143]
[ info ] [ BEHAVIOR ] Run Closure @app_init [ RunTime:0.000055s ]
[ info ] [ CACHE ] INIT File
[ info ] [ BEHAVIOR ] Run \addons\cms\Cms @app_init [ RunTime:0.004152s ]
[ info ] [ BEHAVIOR ] Run \addons\epay\Epay @app_init [ RunTime:0.000085s ]
[ info ] [ BEHAVIOR ] Run Closure @app_init [ RunTime:0.000139s ]
[ info ] [ LANG ] /www/hexiao/thinkphp/lang/zh-cn.php
[ info ] [ ROUTE ] array (
  'type' => 'module',
  'module' => 
  array (
    0 => 'admin',
    1 => 'signlist',
    2 => 'index',
  ),
)
[ info ] [ HEADER ] array (
  'host' => 'hx.le-cx.com',
  'connection' => 'keep-alive',
  'accept' => 'application/json, text/javascript, */*; q=0.01',
  'x-requested-with' => 'XMLHttpRequest',
  'user-agent' => 'Mozilla/5.0 (Macintosh; Intel Mac OS X 10_13_3) AppleWebKit/537.36 (KHTML, like Gecko) Chrome/78.0.3904.108 Safari/537.36',
  'content-type' => 'application/json',
  'referer' => 'http://hx.le-cx.com/index.php/admin/signlist/index/a/1/ids/58?dialog=1',
  'accept-encoding' => 'gzip, deflate',
  'accept-language' => 'zh-CN,zh;q=0.9,en;q=0.8',
  'cookie' => 'PHPSESSID=ur9ldukl2b32rntepus1db2do5',
  'content-length' => '',
)
[ info ] [ PARAM ] array (
  'dialog' => '1',
  'sort' => 'id',
  'order' => 'desc',
  'offset' => '0',
  'limit' => '10',
  'filter' => '{}',
  'op' => '{}',
  '_' => '1576049278886',
)
[ info ] [ LANG ] /www/hexiao/public/../application/admin/lang/zh-cn.php
[ info ] [ BEHAVIOR ] Run app\common\behavior\Common @module_init [ RunTime:0.001859s ]
[ info ] [ SESSION ] INIT array (
  'id' => '',
  'var_session_id' => '',
  'prefix' => 'think',
  'type' => '',
  'auto_start' => true,
)
[ info ] [ DB ] INIT mysql
[ info ] [ BEHAVIOR ] Run \addons\nkeditor\Nkeditor @config_init [ RunTime:0.000296s ]
[ info ] [ LANG ] /www/hexiao/public/../application/admin/lang/zh-cn/signlist.php
[ info ] [ RUN ] app\admin\controller\Signlist->index[ /www/hexiao/application/admin/controller/Signlist.php ]
[ info ] [ BEHAVIOR ] Run app\admin\behavior\AdminLog @app_end [ RunTime:0.000152s ]
[ info ] [ BEHAVIOR ] Run \addons\cms\Cms @response_send [ RunTime:0.000138s ]
[ info ] [ LOG ] INIT File
[ sql ] [ DB ] CONNECT:[ UseTime:0.000431s ] mysql:host=127.0.0.1;port=3306;dbname=cancel;charset=utf8
[ sql ] [ SQL ] SHOW COLUMNS FROM `hx_auth_group_access` [ RunTime:0.001615s ]
[ sql ] [ SQL ] SELECT `aga`.`uid`,`aga`.`group_id`,`ag`.`id`,`ag`.`pid`,`ag`.`name`,`ag`.`rules` FROM `hx_auth_group_access` `aga` LEFT JOIN `hx_auth_group` `ag` ON `aga`.`group_id`=`ag`.`id` WHERE  (  aga.uid='1' and ag.status='normal' ) [ RunTime:0.000611s ]
[ sql ] [ SQL ] SHOW COLUMNS FROM `hx_auth_rule` [ RunTime:0.001370s ]
[ sql ] [ SQL ] SELECT `id`,`pid`,`condition`,`icon`,`name`,`title`,`ismenu` FROM `hx_auth_rule` WHERE  `status` = 'normal' [ RunTime:0.001274s ]
[ sql ] [ SQL ] SHOW COLUMNS FROM `hx_activity` [ RunTime:0.002124s ]
[ sql ] [ SQL ] SELECT `id`,`activityname` FROM `hx_activity` WHERE  `deletetime` IS NULL [ RunTime:0.003270s ]
[ sql ] [ SQL ] SHOW COLUMNS FROM `hx_vip` [ RunTime:0.001657s ]
[ sql ] [ SQL ] SELECT `id`,`name` FROM `hx_vip` WHERE  `deletetime` IS NULL [ RunTime:0.000410s ]
[ sql ] [ SQL ] SELECT `id`,`name` FROM `hx_vip` WHERE  `auditman` = '1'  AND `deletetime` IS NULL [ RunTime:0.000434s ]
[ sql ] [ SQL ] SHOW COLUMNS FROM `hx_signlist` [ RunTime:0.002133s ]
[ sql ] [ SQL ] SELECT COUNT(*) AS tp_count FROM `hx_signlist` WHERE (  `activity_id` = 58 ) AND `hx_signlist`.`deletetime` IS NULL ORDER BY `id` DESC LIMIT 1 [ RunTime:0.004250s ]
[ sql ] [ SQL ] SELECT * FROM `hx_signlist` WHERE (  `activity_id` = 58 ) AND `hx_signlist`.`deletetime` IS NULL ORDER BY `id` DESC LIMIT 0,10 [ RunTime:0.000985s ]
[ sql ] [ SQL ] SELECT * FROM `hx_vip` WHERE  `id` IS NULL LIMIT 1 [ RunTime:0.000352s ]
