---------------------------------------------------------------
[ 2019-12-16T17:02:10+08:00 ] 211.97.131.242 GET hx.le-cx.com/api/Getwxuser/get_user_all?code=0616h1Hb2QQVcM0m0vGb2hz3Hb26h1H9
[运行时间：1.220251s] [吞吐率：0.82req/s] [内存消耗：5,516.45kb] [文件加载：128]
[ info ] [ BEHAVIOR ] Run Closure @app_init [ RunTime:0.000116s ]
[ info ] [ CACHE ] INIT File
[ info ] [ BEHAVIOR ] Run \addons\cms\Cms @app_init [ RunTime:0.004535s ]
[ info ] [ BEHAVIOR ] Run \addons\epay\Epay @app_init [ RunTime:0.000101s ]
[ info ] [ BEHAVIOR ] Run Closure @app_init [ RunTime:0.000146s ]
[ info ] [ LANG ] /www/hexiao/thinkphp/lang/zh-cn.php
[ info ] [ ROUTE ] array (
  'type' => 'module',
  'module' => 
  array (
    0 => 'api',
    1 => 'Getwxuser',
    2 => 'get_user_all',
  ),
)
[ info ] [ HEADER ] array (
  'accept' => 'application/json, text/plain, */*',
  'accept-encoding' => 'gzip',
  'accept-language' => 'zh-CN,en-US;q=0.9',
  'connection' => 'close',
  'host' => 'hx.le-cx.com',
  'referer' => 'http://hx.le-cx.com/vote/?activity_id=51&code=0616h1Hb2QQVcM0m0vGb2hz3Hb26h1H9&state=STATE',
  'user-agent' => 'Mozilla/5.0 (Linux; Android 8.1.0; PBBM00 Build/O11019; wv) AppleWebKit/537.36 (KHTML, like Gecko) Version/4.0 Chrome/66.0.3359.126 MQQBrowser/6.2 TBS/45016 Mobile Safari/537.36 MMWEBID/8427 MicroMessenger/7.0.9.1560(0x27000935) Process/tools NetType/4G Language/zh_CN ABI/arm64',
  'x-forwarded-for' => '211.97.131.242',
  'x-forwarded-for-pound' => '211.97.131.242',
  'x-requested-with' => 'com.tencent.mm',
  'content-type' => '',
  'content-length' => '',
)
[ info ] [ PARAM ] array (
  'code' => '0616h1Hb2QQVcM0m0vGb2hz3Hb26h1H9',
)
[ info ] [ LANG ] /www/hexiao/public/../application/api/lang/zh-cn.php
[ info ] [ BEHAVIOR ] Run app\common\behavior\Common @module_init [ RunTime:0.004103s ]
[ info ] [ RUN ] app\api\controller\Getwxuser->get_user_all[ /www/hexiao/application/api/controller/Getwxuser.php ]
[ info ] [ DB ] INIT mysql
[ info ] [ BEHAVIOR ] Run \addons\cms\Cms @response_send [ RunTime:0.000138s ]
[ info ] [ LOG ] INIT File
[ sql ] [ DB ] CONNECT:[ UseTime:0.000579s ] mysql:host=127.0.0.1;port=3306;dbname=cancel;charset=utf8
[ sql ] [ SQL ] SHOW COLUMNS FROM `hx_vip` [ RunTime:0.005614s ]
[ sql ] [ SQL ] SELECT * FROM `hx_vip` WHERE  `openid` = 'ovvUKwpeGIgr3Prj-1bePc5hCjTU'  AND `deletetime` IS NULL LIMIT 1 [ RunTime:0.002080s ]
[ sql ] [ SQL ] INSERT INTO `hx_vip` (`openid` , `name` , `images` , `createtime` , `updatetime`) VALUES ('ovvUKwpeGIgr3Prj-1bePc5hCjTU' , 'Dilemma' , 'http://thirdwx.qlogo.cn/mmopen/vi_32/DYAIOgq83epwy5WBw3ANHUV4AVW3awibuV4hZ6QlmwibUTYsl4ggPjuwm0koRM8dmubxnUicZVA8m4awyOLUgRshw/132' , 1576486930 , 1576486930) [ RunTime:0.004470s ]
---------------------------------------------------------------
[ 2019-12-16T17:02:10+08:00 ] 211.97.131.242 GET hx.le-cx.com/api/sign/getsigninfo?activity_id=51&user_id=47
[运行时间：0.078328s] [吞吐率：12.77req/s] [内存消耗：5,611.80kb] [文件加载：128]
[ info ] [ BEHAVIOR ] Run Closure @app_init [ RunTime:0.000049s ]
[ info ] [ CACHE ] INIT File
[ info ] [ BEHAVIOR ] Run \addons\cms\Cms @app_init [ RunTime:0.002710s ]
[ info ] [ BEHAVIOR ] Run \addons\epay\Epay @app_init [ RunTime:0.000072s ]
[ info ] [ BEHAVIOR ] Run Closure @app_init [ RunTime:0.000116s ]
[ info ] [ LANG ] /www/hexiao/thinkphp/lang/zh-cn.php
[ info ] [ ROUTE ] array (
  'type' => 'module',
  'module' => 
  array (
    0 => 'api',
    1 => 'sign',
    2 => 'getsigninfo',
  ),
)
[ info ] [ HEADER ] array (
  'accept' => 'application/json, text/plain, */*',
  'accept-encoding' => 'gzip',
  'accept-language' => 'zh-CN,en-US;q=0.9',
  'connection' => 'close',
  'host' => 'hx.le-cx.com',
  'referer' => 'http://hx.le-cx.com/vote/?activity_id=51&code=0616h1Hb2QQVcM0m0vGb2hz3Hb26h1H9&state=STATE',
  'user-agent' => 'Mozilla/5.0 (Linux; Android 8.1.0; PBBM00 Build/O11019; wv) AppleWebKit/537.36 (KHTML, like Gecko) Version/4.0 Chrome/66.0.3359.126 MQQBrowser/6.2 TBS/45016 Mobile Safari/537.36 MMWEBID/8427 MicroMessenger/7.0.9.1560(0x27000935) Process/tools NetType/4G Language/zh_CN ABI/arm64',
  'x-forwarded-for' => '211.97.131.242',
  'x-forwarded-for-pound' => '211.97.131.242',
  'x-requested-with' => 'com.tencent.mm',
  'content-type' => '',
  'content-length' => '',
)
[ info ] [ PARAM ] array (
  'activity_id' => '51',
  'user_id' => '47',
)
[ info ] [ LANG ] /www/hexiao/public/../application/api/lang/zh-cn.php
[ info ] [ BEHAVIOR ] Run app\common\behavior\Common @module_init [ RunTime:0.001832s ]
[ info ] [ RUN ] app\api\controller\Sign->getsigninfo[ /www/hexiao/application/api/controller/Sign.php ]
[ info ] [ DB ] INIT mysql
[ info ] [ BEHAVIOR ] Run \addons\cms\Cms @response_send [ RunTime:0.000124s ]
[ info ] [ LOG ] INIT File
[ sql ] [ DB ] CONNECT:[ UseTime:0.000467s ] mysql:host=127.0.0.1;port=3306;dbname=cancel;charset=utf8
[ sql ] [ SQL ] SHOW COLUMNS FROM `hx_activity` [ RunTime:0.004137s ]
[ sql ] [ SQL ] SELECT * FROM `hx_activity` WHERE  `id` = 51  AND `deletetime` IS NULL LIMIT 1 [ RunTime:0.000830s ]
[ sql ] [ SQL ] SHOW COLUMNS FROM `hx_signlist` [ RunTime:0.002263s ]
[ sql ] [ SQL ] SELECT * FROM `hx_signlist` WHERE  `activity_id` = 51  AND `vip_id` = 47  AND `deletetime` IS NULL LIMIT 1 [ RunTime:0.001628s ]
---------------------------------------------------------------
[ 2019-12-16T17:02:10+08:00 ] 211.97.131.242 GET hx.le-cx.com/api/activity/getactivityinfo?activity_id=51&openid=ovvUKwpeGIgr3Prj-1bePc5hCjTU
[运行时间：0.059828s] [吞吐率：16.71req/s] [内存消耗：5,564.34kb] [文件加载：128]
[ info ] [ BEHAVIOR ] Run Closure @app_init [ RunTime:0.000103s ]
[ info ] [ CACHE ] INIT File
[ info ] [ BEHAVIOR ] Run \addons\cms\Cms @app_init [ RunTime:0.002701s ]
[ info ] [ BEHAVIOR ] Run \addons\epay\Epay @app_init [ RunTime:0.000076s ]
[ info ] [ BEHAVIOR ] Run Closure @app_init [ RunTime:0.000112s ]
[ info ] [ LANG ] /www/hexiao/thinkphp/lang/zh-cn.php
[ info ] [ ROUTE ] array (
  'type' => 'module',
  'module' => 
  array (
    0 => 'api',
    1 => 'activity',
    2 => 'getactivityinfo',
  ),
)
[ info ] [ HEADER ] array (
  'accept' => 'application/json, text/plain, */*',
  'accept-encoding' => 'gzip',
  'accept-language' => 'zh-CN,en-US;q=0.9',
  'connection' => 'close',
  'host' => 'hx.le-cx.com',
  'referer' => 'http://hx.le-cx.com/vote/?activity_id=51&code=0616h1Hb2QQVcM0m0vGb2hz3Hb26h1H9&state=STATE',
  'user-agent' => 'Mozilla/5.0 (Linux; Android 8.1.0; PBBM00 Build/O11019; wv) AppleWebKit/537.36 (KHTML, like Gecko) Version/4.0 Chrome/66.0.3359.126 MQQBrowser/6.2 TBS/45016 Mobile Safari/537.36 MMWEBID/8427 MicroMessenger/7.0.9.1560(0x27000935) Process/tools NetType/4G Language/zh_CN ABI/arm64',
  'x-forwarded-for' => '211.97.131.242',
  'x-forwarded-for-pound' => '211.97.131.242',
  'x-requested-with' => 'com.tencent.mm',
  'content-type' => '',
  'content-length' => '',
)
[ info ] [ PARAM ] array (
  'activity_id' => '51',
  'openid' => 'ovvUKwpeGIgr3Prj-1bePc5hCjTU',
)
[ info ] [ LANG ] /www/hexiao/public/../application/api/lang/zh-cn.php
[ info ] [ BEHAVIOR ] Run app\common\behavior\Common @module_init [ RunTime:0.001809s ]
[ info ] [ RUN ] app\api\controller\Activity->getactivityinfo[ /www/hexiao/application/api/controller/Activity.php ]
[ info ] [ DB ] INIT mysql
[ info ] [ BEHAVIOR ] Run \addons\cms\Cms @response_send [ RunTime:0.000149s ]
[ info ] [ LOG ] INIT File
[ sql ] [ DB ] CONNECT:[ UseTime:0.000614s ] mysql:host=127.0.0.1;port=3306;dbname=cancel;charset=utf8
[ sql ] [ SQL ] SHOW COLUMNS FROM `hx_activity` [ RunTime:0.001978s ]
[ sql ] [ SQL ] SELECT * FROM `hx_activity` WHERE  `id` = 51  AND `deletetime` IS NULL LIMIT 1 [ RunTime:0.000829s ]
[ sql ] [ SQL ] SHOW COLUMNS FROM `hx_paper` [ RunTime:0.002592s ]
[ sql ] [ SQL ] SELECT `id`,`papername`,`charge`,`chargenum`,`note` FROM `hx_paper` WHERE  `activity_id` = 51  AND `deletetime` IS NULL [ RunTime:0.000432s ]
[ sql ] [ SQL ] SHOW COLUMNS FROM `hx_vip` [ RunTime:0.001313s ]
[ sql ] [ SQL ] SELECT * FROM `hx_vip` WHERE  `openid` = 'ovvUKwpeGIgr3Prj-1bePc5hCjTU'  AND `deletetime` IS NULL LIMIT 1 [ RunTime:0.000418s ]
[ sql ] [ SQL ] SHOW COLUMNS FROM `hx_signlist` [ RunTime:0.001356s ]
[ sql ] [ SQL ] SELECT * FROM `hx_signlist` WHERE  `activity_id` = 51  AND `vip_id` = 47  AND `deletetime` IS NULL ORDER BY `id` DESC LIMIT 1 [ RunTime:0.000898s ]
---------------------------------------------------------------
[ 2019-12-16T17:02:29+08:00 ] 211.97.131.242 GET hx.le-cx.com/api/Getwxuser/get_user_all?code=011pb0JW12P1b11hnhKW1HlWIW1pb0JA
[运行时间：1.038726s] [吞吐率：0.96req/s] [内存消耗：5,512.69kb] [文件加载：128]
[ info ] [ BEHAVIOR ] Run Closure @app_init [ RunTime:0.000049s ]
[ info ] [ CACHE ] INIT File
[ info ] [ BEHAVIOR ] Run \addons\cms\Cms @app_init [ RunTime:0.002810s ]
[ info ] [ BEHAVIOR ] Run \addons\epay\Epay @app_init [ RunTime:0.000078s ]
[ info ] [ BEHAVIOR ] Run Closure @app_init [ RunTime:0.000117s ]
[ info ] [ LANG ] /www/hexiao/thinkphp/lang/zh-cn.php
[ info ] [ ROUTE ] array (
  'type' => 'module',
  'module' => 
  array (
    0 => 'api',
    1 => 'Getwxuser',
    2 => 'get_user_all',
  ),
)
[ info ] [ HEADER ] array (
  'accept' => 'application/json, text/plain, */*',
  'accept-encoding' => 'gzip',
  'accept-language' => 'zh-CN,en-US;q=0.9',
  'connection' => 'close',
  'host' => 'hx.le-cx.com',
  'referer' => 'http://hx.le-cx.com/vote/?activity_id=51&code=011pb0JW12P1b11hnhKW1HlWIW1pb0JA&state=STATE',
  'user-agent' => 'Mozilla/5.0 (Linux; Android 8.1.0; PBBM00 Build/O11019; wv) AppleWebKit/537.36 (KHTML, like Gecko) Version/4.0 Chrome/66.0.3359.126 MQQBrowser/6.2 TBS/45016 Mobile Safari/537.36 MMWEBID/8427 MicroMessenger/7.0.9.1560(0x27000935) Process/tools NetType/4G Language/zh_CN ABI/arm64',
  'x-forwarded-for' => '211.97.131.242',
  'x-forwarded-for-pound' => '211.97.131.242',
  'x-requested-with' => 'com.tencent.mm',
  'content-type' => '',
  'content-length' => '',
)
[ info ] [ PARAM ] array (
  'code' => '011pb0JW12P1b11hnhKW1HlWIW1pb0JA',
)
[ info ] [ LANG ] /www/hexiao/public/../application/api/lang/zh-cn.php
[ info ] [ BEHAVIOR ] Run app\common\behavior\Common @module_init [ RunTime:0.001898s ]
[ info ] [ RUN ] app\api\controller\Getwxuser->get_user_all[ /www/hexiao/application/api/controller/Getwxuser.php ]
[ info ] [ DB ] INIT mysql
[ info ] [ BEHAVIOR ] Run \addons\cms\Cms @response_send [ RunTime:0.000128s ]
[ info ] [ LOG ] INIT File
[ sql ] [ DB ] CONNECT:[ UseTime:0.000461s ] mysql:host=127.0.0.1;port=3306;dbname=cancel;charset=utf8
[ sql ] [ SQL ] SHOW COLUMNS FROM `hx_vip` [ RunTime:0.001675s ]
[ sql ] [ SQL ] SELECT * FROM `hx_vip` WHERE  `openid` = 'ovvUKwpeGIgr3Prj-1bePc5hCjTU'  AND `deletetime` IS NULL LIMIT 1 [ RunTime:0.000521s ]
---------------------------------------------------------------
[ 2019-12-16T17:02:30+08:00 ] 211.97.131.242 GET hx.le-cx.com/api/Getwxuser/get_user_all?code=021ty16G1rT5d70VIF2G1tYl6G1ty16v
[运行时间：1.024274s] [吞吐率：0.98req/s] [内存消耗：5,512.69kb] [文件加载：128]
[ info ] [ BEHAVIOR ] Run Closure @app_init [ RunTime:0.000043s ]
[ info ] [ CACHE ] INIT File
[ info ] [ BEHAVIOR ] Run \addons\cms\Cms @app_init [ RunTime:0.002579s ]
[ info ] [ BEHAVIOR ] Run \addons\epay\Epay @app_init [ RunTime:0.000073s ]
[ info ] [ BEHAVIOR ] Run Closure @app_init [ RunTime:0.000115s ]
[ info ] [ LANG ] /www/hexiao/thinkphp/lang/zh-cn.php
[ info ] [ ROUTE ] array (
  'type' => 'module',
  'module' => 
  array (
    0 => 'api',
    1 => 'Getwxuser',
    2 => 'get_user_all',
  ),
)
[ info ] [ HEADER ] array (
  'accept' => 'application/json, text/plain, */*',
  'accept-encoding' => 'gzip',
  'accept-language' => 'zh-CN,en-US;q=0.9',
  'connection' => 'close',
  'host' => 'hx.le-cx.com',
  'referer' => 'http://hx.le-cx.com/vote/?activity_id=51&code=021ty16G1rT5d70VIF2G1tYl6G1ty16v&state=STATE',
  'user-agent' => 'Mozilla/5.0 (Linux; Android 8.1.0; PBBM00 Build/O11019; wv) AppleWebKit/537.36 (KHTML, like Gecko) Version/4.0 Chrome/66.0.3359.126 MQQBrowser/6.2 TBS/45016 Mobile Safari/537.36 MMWEBID/8427 MicroMessenger/7.0.9.1560(0x27000935) Process/tools NetType/4G Language/zh_CN ABI/arm64',
  'x-forwarded-for' => '211.97.131.242',
  'x-forwarded-for-pound' => '211.97.131.242',
  'x-requested-with' => 'com.tencent.mm',
  'content-type' => '',
  'content-length' => '',
)
[ info ] [ PARAM ] array (
  'code' => '021ty16G1rT5d70VIF2G1tYl6G1ty16v',
)
[ info ] [ LANG ] /www/hexiao/public/../application/api/lang/zh-cn.php
[ info ] [ BEHAVIOR ] Run app\common\behavior\Common @module_init [ RunTime:0.001690s ]
[ info ] [ RUN ] app\api\controller\Getwxuser->get_user_all[ /www/hexiao/application/api/controller/Getwxuser.php ]
[ info ] [ DB ] INIT mysql
[ info ] [ BEHAVIOR ] Run \addons\cms\Cms @response_send [ RunTime:0.000137s ]
[ info ] [ LOG ] INIT File
[ sql ] [ DB ] CONNECT:[ UseTime:0.000512s ] mysql:host=127.0.0.1;port=3306;dbname=cancel;charset=utf8
[ sql ] [ SQL ] SHOW COLUMNS FROM `hx_vip` [ RunTime:0.001653s ]
[ sql ] [ SQL ] SELECT * FROM `hx_vip` WHERE  `openid` = 'ovvUKwpeGIgr3Prj-1bePc5hCjTU'  AND `deletetime` IS NULL LIMIT 1 [ RunTime:0.003955s ]
---------------------------------------------------------------
[ 2019-12-16T17:02:31+08:00 ] 211.97.131.242 GET hx.le-cx.com/api/Getwxuser/get_user_all?code=081zrqY12MgiVV0cXO122imoY12zrqY1
[运行时间：1.069575s] [吞吐率：0.93req/s] [内存消耗：5,512.69kb] [文件加载：128]
[ info ] [ BEHAVIOR ] Run Closure @app_init [ RunTime:0.000043s ]
[ info ] [ CACHE ] INIT File
[ info ] [ BEHAVIOR ] Run \addons\cms\Cms @app_init [ RunTime:0.003840s ]
[ info ] [ BEHAVIOR ] Run \addons\epay\Epay @app_init [ RunTime:0.000098s ]
[ info ] [ BEHAVIOR ] Run Closure @app_init [ RunTime:0.000147s ]
[ info ] [ LANG ] /www/hexiao/thinkphp/lang/zh-cn.php
[ info ] [ ROUTE ] array (
  'type' => 'module',
  'module' => 
  array (
    0 => 'api',
    1 => 'Getwxuser',
    2 => 'get_user_all',
  ),
)
[ info ] [ HEADER ] array (
  'accept' => 'application/json, text/plain, */*',
  'accept-encoding' => 'gzip',
  'accept-language' => 'zh-CN,en-US;q=0.9',
  'connection' => 'close',
  'host' => 'hx.le-cx.com',
  'referer' => 'http://hx.le-cx.com/vote/?activity_id=51&code=081zrqY12MgiVV0cXO122imoY12zrqY1&state=STATE',
  'user-agent' => 'Mozilla/5.0 (Linux; Android 8.1.0; PBBM00 Build/O11019; wv) AppleWebKit/537.36 (KHTML, like Gecko) Version/4.0 Chrome/66.0.3359.126 MQQBrowser/6.2 TBS/45016 Mobile Safari/537.36 MMWEBID/8427 MicroMessenger/7.0.9.1560(0x27000935) Process/tools NetType/4G Language/zh_CN ABI/arm64',
  'x-forwarded-for' => '211.97.131.242',
  'x-forwarded-for-pound' => '211.97.131.242',
  'x-requested-with' => 'com.tencent.mm',
  'content-type' => '',
  'content-length' => '',
)
[ info ] [ PARAM ] array (
  'code' => '081zrqY12MgiVV0cXO122imoY12zrqY1',
)
[ info ] [ LANG ] /www/hexiao/public/../application/api/lang/zh-cn.php
[ info ] [ BEHAVIOR ] Run app\common\behavior\Common @module_init [ RunTime:0.002203s ]
[ info ] [ RUN ] app\api\controller\Getwxuser->get_user_all[ /www/hexiao/application/api/controller/Getwxuser.php ]
[ info ] [ DB ] INIT mysql
[ info ] [ BEHAVIOR ] Run \addons\cms\Cms @response_send [ RunTime:0.000145s ]
[ info ] [ LOG ] INIT File
[ sql ] [ DB ] CONNECT:[ UseTime:0.000457s ] mysql:host=127.0.0.1;port=3306;dbname=cancel;charset=utf8
[ sql ] [ SQL ] SHOW COLUMNS FROM `hx_vip` [ RunTime:0.001699s ]
[ sql ] [ SQL ] SELECT * FROM `hx_vip` WHERE  `openid` = 'ovvUKwpeGIgr3Prj-1bePc5hCjTU'  AND `deletetime` IS NULL LIMIT 1 [ RunTime:0.000550s ]
---------------------------------------------------------------
[ 2019-12-16T17:02:32+08:00 ] 211.97.131.242 GET hx.le-cx.com/api/Getwxuser/get_user_all?code=02134tF411WteT1sx5H41jQmF4134tFD
[运行时间：1.003444s] [吞吐率：1.00req/s] [内存消耗：5,512.69kb] [文件加载：128]
[ info ] [ BEHAVIOR ] Run Closure @app_init [ RunTime:0.000042s ]
[ info ] [ CACHE ] INIT File
[ info ] [ BEHAVIOR ] Run \addons\cms\Cms @app_init [ RunTime:0.002653s ]
[ info ] [ BEHAVIOR ] Run \addons\epay\Epay @app_init [ RunTime:0.000076s ]
[ info ] [ BEHAVIOR ] Run Closure @app_init [ RunTime:0.000124s ]
[ info ] [ LANG ] /www/hexiao/thinkphp/lang/zh-cn.php
[ info ] [ ROUTE ] array (
  'type' => 'module',
  'module' => 
  array (
    0 => 'api',
    1 => 'Getwxuser',
    2 => 'get_user_all',
  ),
)
[ info ] [ HEADER ] array (
  'accept' => 'application/json, text/plain, */*',
  'accept-encoding' => 'gzip',
  'accept-language' => 'zh-CN,en-US;q=0.9',
  'connection' => 'close',
  'host' => 'hx.le-cx.com',
  'referer' => 'http://hx.le-cx.com/vote/?activity_id=51&code=02134tF411WteT1sx5H41jQmF4134tFD&state=STATE',
  'user-agent' => 'Mozilla/5.0 (Linux; Android 8.1.0; PBBM00 Build/O11019; wv) AppleWebKit/537.36 (KHTML, like Gecko) Version/4.0 Chrome/66.0.3359.126 MQQBrowser/6.2 TBS/45016 Mobile Safari/537.36 MMWEBID/8427 MicroMessenger/7.0.9.1560(0x27000935) Process/tools NetType/4G Language/zh_CN ABI/arm64',
  'x-forwarded-for' => '211.97.131.242',
  'x-forwarded-for-pound' => '211.97.131.242',
  'x-requested-with' => 'com.tencent.mm',
  'content-type' => '',
  'content-length' => '',
)
[ info ] [ PARAM ] array (
  'code' => '02134tF411WteT1sx5H41jQmF4134tFD',
)
[ info ] [ LANG ] /www/hexiao/public/../application/api/lang/zh-cn.php
[ info ] [ BEHAVIOR ] Run app\common\behavior\Common @module_init [ RunTime:0.001635s ]
[ info ] [ RUN ] app\api\controller\Getwxuser->get_user_all[ /www/hexiao/application/api/controller/Getwxuser.php ]
[ info ] [ DB ] INIT mysql
[ info ] [ BEHAVIOR ] Run \addons\cms\Cms @response_send [ RunTime:0.000133s ]
[ info ] [ LOG ] INIT File
[ sql ] [ DB ] CONNECT:[ UseTime:0.000672s ] mysql:host=127.0.0.1;port=3306;dbname=cancel;charset=utf8
[ sql ] [ SQL ] SHOW COLUMNS FROM `hx_vip` [ RunTime:0.001684s ]
[ sql ] [ SQL ] SELECT * FROM `hx_vip` WHERE  `openid` = 'ovvUKwpeGIgr3Prj-1bePc5hCjTU'  AND `deletetime` IS NULL LIMIT 1 [ RunTime:0.000538s ]
