---------------------------------------------------------------
[ 2019-12-31T23:31:52+08:00 ] 203.190.109.2 GET hx.le-cx.com/api/Getwxuser/get_user_all?code=0811YVz82eZNBM0kCaB82wz4A821YVzK
[运行时间：0.583937s] [吞吐率：1.71req/s] [内存消耗：5,515.34kb] [文件加载：128]
[ info ] [ BEHAVIOR ] Run Closure @app_init [ RunTime:0.000046s ]
[ info ] [ CACHE ] INIT File
[ info ] [ BEHAVIOR ] Run \addons\cms\Cms @app_init [ RunTime:0.005349s ]
[ info ] [ BEHAVIOR ] Run \addons\epay\Epay @app_init [ RunTime:0.000120s ]
[ info ] [ BEHAVIOR ] Run Closure @app_init [ RunTime:0.000178s ]
[ info ] [ LANG ] /www/hexiao/thinkphp/lang/zh-cn.php
[ info ] [ ROUTE ] array (
  'type' => 'module',
  'module' => 
  array (
    0 => 'api',
    1 => 'Getwxuser',
    2 => 'get_user_all',
  ),
)
[ info ] [ HEADER ] array (
  'host' => 'hx.le-cx.com',
  'connection' => 'keep-alive',
  'accept' => 'application/json, text/plain, */*',
  'user-agent' => 'Mozilla/5.0 (iPhone; CPU iPhone OS 13_3 like Mac OS X) AppleWebKit/605.1.15 (KHTML, like Gecko) Mobile/15E148 MicroMessenger/7.0.8(0x17000820) NetType/WIFI Language/zh_CN',
  'accept-language' => 'zh-cn',
  'referer' => 'http://hx.le-cx.com/vote/?activity_id=51&code=0811YVz82eZNBM0kCaB82wz4A821YVzK&state=STATE',
  'accept-encoding' => 'gzip, deflate',
  'content-type' => '',
  'content-length' => '',
)
[ info ] [ PARAM ] array (
  'code' => '0811YVz82eZNBM0kCaB82wz4A821YVzK',
)
[ info ] [ LANG ] /www/hexiao/public/../application/api/lang/zh-cn.php
[ info ] [ BEHAVIOR ] Run app\common\behavior\Common @module_init [ RunTime:0.005381s ]
[ info ] [ RUN ] app\api\controller\Getwxuser->get_user_all[ /www/hexiao/application/api/controller/Getwxuser.php ]
[ info ] [ DB ] INIT mysql
[ info ] [ BEHAVIOR ] Run \addons\cms\Cms @response_send [ RunTime:0.000183s ]
[ info ] [ LOG ] INIT File
[ sql ] [ DB ] CONNECT:[ UseTime:0.000838s ] mysql:host=127.0.0.1;port=3306;dbname=cancel;charset=utf8
[ sql ] [ SQL ] SHOW COLUMNS FROM `hx_vip` [ RunTime:0.002792s ]
[ sql ] [ SQL ] SELECT * FROM `hx_vip` WHERE  `openid` = 'ovvUKwv9ewluV0eRPm_erW--PSH8'  AND `deletetime` IS NULL LIMIT 1 [ RunTime:0.001139s ]
[ sql ] [ SQL ] INSERT INTO `hx_vip` (`openid` , `name` , `images` , `createtime` , `updatetime`) VALUES ('ovvUKwv9ewluV0eRPm_erW--PSH8' , '苏招培' , 'http://thirdwx.qlogo.cn/mmopen/vi_32/WDMsTiarceHDka1z9ibE8W4eibO3pZuD5bYSXxkhUrBN5M0m5rfIMjOQMXo2QzialJb31CREiazzqMJHYqgc6icr5QHA/132' , 1577806312 , 1577806312) [ RunTime:0.012622s ]
---------------------------------------------------------------
[ 2019-12-31T23:31:52+08:00 ] 203.190.109.2 GET hx.le-cx.com/api/sign/getsigninfo?activity_id=51&user_id=49
[运行时间：0.056418s] [吞吐率：17.72req/s] [内存消耗：5,610.96kb] [文件加载：128]
[ info ] [ BEHAVIOR ] Run Closure @app_init [ RunTime:0.000043s ]
[ info ] [ CACHE ] INIT File
[ info ] [ BEHAVIOR ] Run \addons\cms\Cms @app_init [ RunTime:0.002694s ]
[ info ] [ BEHAVIOR ] Run \addons\epay\Epay @app_init [ RunTime:0.000099s ]
[ info ] [ BEHAVIOR ] Run Closure @app_init [ RunTime:0.000139s ]
[ info ] [ LANG ] /www/hexiao/thinkphp/lang/zh-cn.php
[ info ] [ ROUTE ] array (
  'type' => 'module',
  'module' => 
  array (
    0 => 'api',
    1 => 'sign',
    2 => 'getsigninfo',
  ),
)
[ info ] [ HEADER ] array (
  'host' => 'hx.le-cx.com',
  'connection' => 'keep-alive',
  'accept' => 'application/json, text/plain, */*',
  'user-agent' => 'Mozilla/5.0 (iPhone; CPU iPhone OS 13_3 like Mac OS X) AppleWebKit/605.1.15 (KHTML, like Gecko) Mobile/15E148 MicroMessenger/7.0.8(0x17000820) NetType/WIFI Language/zh_CN',
  'accept-language' => 'zh-cn',
  'referer' => 'http://hx.le-cx.com/vote/?activity_id=51&code=0811YVz82eZNBM0kCaB82wz4A821YVzK&state=STATE',
  'accept-encoding' => 'gzip, deflate',
  'content-type' => '',
  'content-length' => '',
)
[ info ] [ PARAM ] array (
  'activity_id' => '51',
  'user_id' => '49',
)
[ info ] [ LANG ] /www/hexiao/public/../application/api/lang/zh-cn.php
[ info ] [ BEHAVIOR ] Run app\common\behavior\Common @module_init [ RunTime:0.001776s ]
[ info ] [ RUN ] app\api\controller\Sign->getsigninfo[ /www/hexiao/application/api/controller/Sign.php ]
[ info ] [ DB ] INIT mysql
[ info ] [ BEHAVIOR ] Run \addons\cms\Cms @response_send [ RunTime:0.000124s ]
[ info ] [ LOG ] INIT File
[ sql ] [ DB ] CONNECT:[ UseTime:0.000474s ] mysql:host=127.0.0.1;port=3306;dbname=cancel;charset=utf8
[ sql ] [ SQL ] SHOW COLUMNS FROM `hx_activity` [ RunTime:0.003819s ]
[ sql ] [ SQL ] SELECT * FROM `hx_activity` WHERE  `id` = 51  AND `deletetime` IS NULL LIMIT 1 [ RunTime:0.000810s ]
[ sql ] [ SQL ] SHOW COLUMNS FROM `hx_signlist` [ RunTime:0.002428s ]
[ sql ] [ SQL ] SELECT * FROM `hx_signlist` WHERE  `activity_id` = 51  AND `vip_id` = 49  AND `deletetime` IS NULL LIMIT 1 [ RunTime:0.002356s ]
---------------------------------------------------------------
[ 2019-12-31T23:31:52+08:00 ] 203.190.109.2 GET hx.le-cx.com/api/activity/getactivityinfo?activity_id=51&openid=ovvUKwv9ewluV0eRPm_erW--PSH8
[运行时间：0.056292s] [吞吐率：17.76req/s] [内存消耗：5,563.80kb] [文件加载：128]
[ info ] [ BEHAVIOR ] Run Closure @app_init [ RunTime:0.000056s ]
[ info ] [ CACHE ] INIT File
[ info ] [ BEHAVIOR ] Run \addons\cms\Cms @app_init [ RunTime:0.002674s ]
[ info ] [ BEHAVIOR ] Run \addons\epay\Epay @app_init [ RunTime:0.000080s ]
[ info ] [ BEHAVIOR ] Run Closure @app_init [ RunTime:0.000117s ]
[ info ] [ LANG ] /www/hexiao/thinkphp/lang/zh-cn.php
[ info ] [ ROUTE ] array (
  'type' => 'module',
  'module' => 
  array (
    0 => 'api',
    1 => 'activity',
    2 => 'getactivityinfo',
  ),
)
[ info ] [ HEADER ] array (
  'host' => 'hx.le-cx.com',
  'connection' => 'keep-alive',
  'accept' => 'application/json, text/plain, */*',
  'user-agent' => 'Mozilla/5.0 (iPhone; CPU iPhone OS 13_3 like Mac OS X) AppleWebKit/605.1.15 (KHTML, like Gecko) Mobile/15E148 MicroMessenger/7.0.8(0x17000820) NetType/WIFI Language/zh_CN',
  'accept-language' => 'zh-cn',
  'referer' => 'http://hx.le-cx.com/vote/?activity_id=51&code=0811YVz82eZNBM0kCaB82wz4A821YVzK&state=STATE',
  'accept-encoding' => 'gzip, deflate',
  'content-type' => '',
  'content-length' => '',
)
[ info ] [ PARAM ] array (
  'activity_id' => '51',
  'openid' => 'ovvUKwv9ewluV0eRPm_erW--PSH8',
)
[ info ] [ LANG ] /www/hexiao/public/../application/api/lang/zh-cn.php
[ info ] [ BEHAVIOR ] Run app\common\behavior\Common @module_init [ RunTime:0.001776s ]
[ info ] [ RUN ] app\api\controller\Activity->getactivityinfo[ /www/hexiao/application/api/controller/Activity.php ]
[ info ] [ DB ] INIT mysql
[ info ] [ BEHAVIOR ] Run \addons\cms\Cms @response_send [ RunTime:0.000138s ]
[ info ] [ LOG ] INIT File
[ sql ] [ DB ] CONNECT:[ UseTime:0.000475s ] mysql:host=127.0.0.1;port=3306;dbname=cancel;charset=utf8
[ sql ] [ SQL ] SHOW COLUMNS FROM `hx_activity` [ RunTime:0.001819s ]
[ sql ] [ SQL ] SELECT * FROM `hx_activity` WHERE  `id` = 51  AND `deletetime` IS NULL LIMIT 1 [ RunTime:0.000817s ]
[ sql ] [ SQL ] SHOW COLUMNS FROM `hx_paper` [ RunTime:0.002471s ]
[ sql ] [ SQL ] SELECT `id`,`papername`,`charge`,`chargenum`,`note` FROM `hx_paper` WHERE  `activity_id` = 51  AND `deletetime` IS NULL [ RunTime:0.000413s ]
[ sql ] [ SQL ] SHOW COLUMNS FROM `hx_vip` [ RunTime:0.001249s ]
[ sql ] [ SQL ] SELECT * FROM `hx_vip` WHERE  `openid` = 'ovvUKwv9ewluV0eRPm_erW--PSH8'  AND `deletetime` IS NULL LIMIT 1 [ RunTime:0.000419s ]
[ sql ] [ SQL ] SHOW COLUMNS FROM `hx_signlist` [ RunTime:0.001300s ]
[ sql ] [ SQL ] SELECT * FROM `hx_signlist` WHERE  `activity_id` = 51  AND `vip_id` = 49  AND `deletetime` IS NULL ORDER BY `id` DESC LIMIT 1 [ RunTime:0.001137s ]
