[ 2019-08-19T16:15:19+08:00 ][ info ] [ BEHAVIOR ] Run Closure @app_init [ RunTime:0.003485s ]
[ info ] [ LOG ] INIT File
[ 2019-08-19T16:15:19+08:00 ][ info ] [ CACHE ] INIT File
[ 2019-08-19T16:15:19+08:00 ][ info ] [ BEHAVIOR ] Run Closure @app_init [ RunTime:0.002274s ]
[ 2019-08-19T16:15:19+08:00 ][ info ] [ DB ] INIT mysql
[ 2019-08-19T16:15:19+08:00 ][ sql ] [ DB ] CONNECT:[ UseTime:0.001694s ] mysql:host=127.0.0.1;port=3306;dbname=cancel;charset=utf8
[ 2019-08-19T16:15:19+08:00 ][ sql ] [ SQL ] SHOW TABLE STATUS LIKE 'vip' [ RunTime:0.000914s ]
[ 2019-08-19T16:15:19+08:00 ][ sql ] [ SQL ] SHOW TABLE STATUS LIKE 'hx_vip' [ RunTime:0.000770s ]
[ 2019-08-19T16:15:19+08:00 ][ sql ] [ SQL ] SELECT * FROM `information_schema`.`columns` WHERE TABLE_SCHEMA = 'cancel' AND table_name = 'hx_vip' ORDER BY ORDINAL_POSITION [ RunTime:0.001304s ]
[ 2019-08-19T16:18:39+08:00 ][ info ] [ BEHAVIOR ] Run Closure @app_init [ RunTime:0.000066s ]
[ info ] [ LOG ] INIT File
[ 2019-08-19T16:18:39+08:00 ][ info ] [ CACHE ] INIT File
[ 2019-08-19T16:18:39+08:00 ][ info ] [ BEHAVIOR ] Run Closure @app_init [ RunTime:0.007857s ]
[ 2019-08-19T16:18:39+08:00 ][ info ] [ DB ] INIT mysql
[ 2019-08-19T16:18:39+08:00 ][ sql ] [ DB ] CONNECT:[ UseTime:0.000750s ] mysql:host=127.0.0.1;port=3306;dbname=cancel;charset=utf8
[ 2019-08-19T16:18:39+08:00 ][ sql ] [ SQL ] SHOW TABLE STATUS LIKE 'vip' [ RunTime:0.000736s ]
[ 2019-08-19T16:18:39+08:00 ][ sql ] [ SQL ] SHOW TABLE STATUS LIKE 'hx_vip' [ RunTime:0.000745s ]
[ 2019-08-19T16:18:41+08:00 ][ info ] [ BEHAVIOR ] Run Closure @app_init [ RunTime:0.000064s ]
[ info ] [ LOG ] INIT File
[ 2019-08-19T16:18:41+08:00 ][ info ] [ CACHE ] INIT File
[ 2019-08-19T16:18:41+08:00 ][ info ] [ BEHAVIOR ] Run Closure @app_init [ RunTime:0.003926s ]
[ 2019-08-19T16:18:41+08:00 ][ info ] [ DB ] INIT mysql
[ 2019-08-19T16:18:41+08:00 ][ sql ] [ DB ] CONNECT:[ UseTime:0.000752s ] mysql:host=127.0.0.1;port=3306;dbname=cancel;charset=utf8
[ 2019-08-19T16:18:41+08:00 ][ sql ] [ SQL ] SHOW TABLE STATUS LIKE 'vip' [ RunTime:0.000743s ]
[ 2019-08-19T16:18:41+08:00 ][ sql ] [ SQL ] SHOW TABLE STATUS LIKE 'hx_vip' [ RunTime:0.000862s ]
[ 2019-08-19T16:19:16+08:00 ][ info ] [ BEHAVIOR ] Run Closure @app_init [ RunTime:0.000064s ]
[ info ] [ LOG ] INIT File
[ 2019-08-19T16:19:16+08:00 ][ info ] [ CACHE ] INIT File
[ 2019-08-19T16:19:16+08:00 ][ info ] [ BEHAVIOR ] Run Closure @app_init [ RunTime:0.004071s ]
[ 2019-08-19T16:19:16+08:00 ][ info ] [ DB ] INIT mysql
[ 2019-08-19T16:19:16+08:00 ][ sql ] [ DB ] CONNECT:[ UseTime:0.000761s ] mysql:host=127.0.0.1;port=3306;dbname=cancel;charset=utf8
[ 2019-08-19T16:19:16+08:00 ][ sql ] [ SQL ] SHOW TABLE STATUS LIKE 'vip' [ RunTime:0.000725s ]
[ 2019-08-19T16:19:17+08:00 ][ sql ] [ SQL ] SHOW TABLE STATUS LIKE 'hx_vip' [ RunTime:0.000737s ]
[ 2019-08-19T16:19:17+08:00 ][ sql ] [ SQL ] SELECT * FROM `information_schema`.`columns` WHERE TABLE_SCHEMA = 'cancel' AND table_name = 'hx_vip' ORDER BY ORDINAL_POSITION [ RunTime:0.001410s ]
